Using pre-set license
Built from '2022.3/staging' branch; Version is '2022.3.34f1 (4886f5360533) revision 4753141'; Using compiler version '192829333'; Build Type 'Release'
OS: 'Windows 10  (10.0.19045) 64bit Education' Language: 'ko' Physical Memory: 15610 MB
BatchMode: 1, IsHumanControllingUs: 0, StartBugReporterOnCrash: 0, Is64bit: 1, IsPro: 1

COMMAND LINE ARGUMENTS:
C:\Program Files\Unity\Hub\Editor\2022.3.34f1\Editor\Unity.exe
-adb2
-batchMode
-noUpm
-name
AssetImportWorker16
-projectPath
C:/Users/Park Sejin/Documents/GitHub/NexonJam
-logFile
Logs/AssetImportWorker16.log
-srvPort
60545
Successfully changed project path to: C:/Users/Park Sejin/Documents/GitHub/NexonJam
C:/Users/Park Sejin/Documents/GitHub/NexonJam
[UnityMemory] Configuration Parameters - Can be set up in boot.config
    "memorysetup-bucket-allocator-granularity=16"
    "memorysetup-bucket-allocator-bucket-count=8"
    "memorysetup-bucket-allocator-block-size=33554432"
    "memorysetup-bucket-allocator-block-count=8"
    "memorysetup-main-allocator-block-size=16777216"
    "memorysetup-thread-allocator-block-size=16777216"
    "memorysetup-gfx-main-allocator-block-size=16777216"
    "memorysetup-gfx-thread-allocator-block-size=16777216"
    "memorysetup-cache-allocator-block-size=4194304"
    "memorysetup-typetree-allocator-block-size=2097152"
    "memorysetup-profiler-bucket-allocator-granularity=16"
    "memorysetup-profiler-bucket-allocator-bucket-count=8"
    "memorysetup-profiler-bucket-allocator-block-size=33554432"
    "memorysetup-profiler-bucket-allocator-block-count=8"
    "memorysetup-profiler-allocator-block-size=16777216"
    "memorysetup-profiler-editor-allocator-block-size=1048576"
    "memorysetup-temp-allocator-size-main=16777216"
    "memorysetup-job-temp-allocator-block-size=2097152"
    "memorysetup-job-temp-allocator-block-size-background=1048576"
    "memorysetup-job-temp-allocator-reduction-small-platforms=262144"
    "memorysetup-allocator-temp-initial-block-size-main=262144"
    "memorysetup-allocator-temp-initial-block-size-worker=262144"
    "memorysetup-temp-allocator-size-background-worker=32768"
    "memorysetup-temp-allocator-size-job-worker=262144"
    "memorysetup-temp-allocator-size-preload-manager=33554432"
    "memorysetup-temp-allocator-size-nav-mesh-worker=65536"
    "memorysetup-temp-allocator-size-audio-worker=65536"
    "memorysetup-temp-allocator-size-cloud-worker=32768"
    "memorysetup-temp-allocator-size-gi-baking-worker=262144"
    "memorysetup-temp-allocator-size-gfx=262144"
Player connection [30796] Host "[IP] 10.16.8.250 [Port] 0 [Flags] 2 [Guid] 2461095634 [EditorId] 2461095634 [Version] 1048832 [Id] WindowsEditor(7,DESKTOP-JFARQV6) [Debug] 1 [PackageName] WindowsEditor [ProjectName] Editor" joined multi-casting on [225.0.0.222:54997]...

Player connection [30796] Host "[IP] 10.16.8.250 [Port] 0 [Flags] 2 [Guid] 2461095634 [EditorId] 2461095634 [Version] 1048832 [Id] WindowsEditor(7,DESKTOP-JFARQV6) [Debug] 1 [PackageName] WindowsEditor [ProjectName] Editor" joined alternative multi-casting on [225.0.0.222:34997]...

[PhysX] Initialized MultithreadedTaskDispatcher with 16 workers.
Refreshing native plugins compatible for Editor in 57.17 ms, found 4 plugins.
Preloading 0 native plugins for Editor in 0.00 ms.
Initialize engine version: 2022.3.34f1 (4886f5360533)
[Subsystems] Discovering subsystems at path C:/Program Files/Unity/Hub/Editor/2022.3.34f1/Editor/Data/Resources/UnitySubsystems
[Subsystems] Discovering subsystems at path C:/Users/Park Sejin/Documents/GitHub/NexonJam/Assets
GfxDevice: creating device client; threaded=0; jobified=0
Direct3D:
    Version:  Direct3D 11.0 [level 11.1]
    Renderer: NVIDIA GeForce RTX 4050 Laptop GPU (ID=0x28e1)
    Vendor:   NVIDIA
    VRAM:     5936 MB
    Driver:   31.0.15.4680
Initialize mono
Mono path[0] = 'C:/Program Files/Unity/Hub/Editor/2022.3.34f1/Editor/Data/Managed'
Mono path[1] = 'C:/Program Files/Unity/Hub/Editor/2022.3.34f1/Editor/Data/MonoBleedingEdge/lib/mono/unityjit-win32'
Mono config path = 'C:/Program Files/Unity/Hub/Editor/2022.3.34f1/Editor/Data/MonoBleedingEdge/etc'
Using monoOptions --debugger-agent=transport=dt_socket,embedding=1,server=y,suspend=n,address=127.0.0.1:56752
Begin MonoManager ReloadAssembly
Registering precompiled unity dll's ...
Register platform support module: C:/Program Files/Unity/Hub/Editor/2022.3.34f1/Editor/Data/PlaybackEngines/WindowsStandaloneSupport/UnityEditor.WindowsStandalone.Extensions.dll
Registered in 0.029946 seconds.
- Loaded All Assemblies, in  0.724 seconds
Native extension for WindowsStandalone target not found
Mono: successfully reloaded assembly
- Finished resetting the current domain, in  0.482 seconds
Domain Reload Profiling: 1201ms
	BeginReloadAssembly (253ms)
		ExecutionOrderSort (0ms)
		DisableScriptedObjects (0ms)
		BackupInstance (0ms)
		ReleaseScriptingObjects (0ms)
		CreateAndSetChildDomain (1ms)
	RebuildCommonClasses (76ms)
	RebuildNativeTypeToScriptingClass (15ms)
	initialDomainReloadingComplete (123ms)
	LoadAllAssembliesAndSetupDomain (250ms)
		LoadAssemblies (246ms)
		RebuildTransferFunctionScriptingTraits (0ms)
		AnalyzeDomain (246ms)
			TypeCache.Refresh (244ms)
				TypeCache.ScanAssembly (222ms)
			ScanForSourceGeneratedMonoScriptInfo (1ms)
			ResolveRequiredComponents (1ms)
	FinalizeReload (483ms)
		ReleaseScriptCaches (0ms)
		RebuildScriptCaches (0ms)
		SetupLoadedEditorAssemblies (388ms)
			LogAssemblyErrors (0ms)
			InitializePlatformSupportModulesInManaged (21ms)
			SetLoadedEditorAssemblies (12ms)
			RefreshPlugins (0ms)
			BeforeProcessingInitializeOnLoad (4ms)
			ProcessInitializeOnLoadAttributes (255ms)
			ProcessInitializeOnLoadMethodAttributes (96ms)
			AfterProcessingInitializeOnLoad (0ms)
			EditorAssembliesLoaded (0ms)
		ExecutionOrderSort2 (0ms)
		AwakeInstancesAfterBackupRestoration (0ms)
========================================================================
Worker process is ready to serve import requests
Begin MonoManager ReloadAssembly
- Loaded All Assemblies, in  3.552 seconds
Refreshing native plugins compatible for Editor in 48.97 ms, found 4 plugins.
Native extension for WindowsStandalone target not found
Package Manager log level set to [2]
[Package Manager] Server::EnsureServerProcessIsRunning -- launch failed, reason: Unity was launched with the -noUpm command-line argument
[Package Manager] UpmClient::Send -- Unable to send message (not connected to UPM process).
[Package Manager] Cannot connect to Unity Package Manager local server
Mono: successfully reloaded assembly
- Finished resetting the current domain, in  1.484 seconds
Domain Reload Profiling: 4960ms
	BeginReloadAssembly (457ms)
		ExecutionOrderSort (0ms)
		DisableScriptedObjects (9ms)
		BackupInstance (0ms)
		ReleaseScriptingObjects (0ms)
		CreateAndSetChildDomain (60ms)
	RebuildCommonClasses (100ms)
	RebuildNativeTypeToScriptingClass (18ms)
	initialDomainReloadingComplete (165ms)
	LoadAllAssembliesAndSetupDomain (2735ms)
		LoadAssemblies (2495ms)
		RebuildTransferFunctionScriptingTraits (0ms)
		AnalyzeDomain (544ms)
			TypeCache.Refresh (465ms)
				TypeCache.ScanAssembly (407ms)
			ScanForSourceGeneratedMonoScriptInfo (56ms)
			ResolveRequiredComponents (19ms)
	FinalizeReload (1485ms)
		ReleaseScriptCaches (0ms)
		RebuildScriptCaches (0ms)
		SetupLoadedEditorAssemblies (1135ms)
			LogAssemblyErrors (0ms)
			InitializePlatformSupportModulesInManaged (16ms)
			SetLoadedEditorAssemblies (7ms)
			RefreshPlugins (0ms)
			BeforeProcessingInitializeOnLoad (179ms)
			ProcessInitializeOnLoadAttributes (755ms)
			ProcessInitializeOnLoadMethodAttributes (152ms)
			AfterProcessingInitializeOnLoad (25ms)
			EditorAssembliesLoaded (0ms)
		ExecutionOrderSort2 (0ms)
		AwakeInstancesAfterBackupRestoration (19ms)
Launched and connected shader compiler UnityShaderCompiler.exe after 0.10 seconds
Refreshing native plugins compatible for Editor in 26.88 ms, found 4 plugins.
Preloading 0 native plugins for Editor in 0.00 ms.
Unloading 6197 Unused Serialized files (Serialized files now loaded: 0)
Unloading 100 unused Assets / (353.4 KB). Loaded Objects now: 6656.
Memory consumption went from 237.7 MB to 237.3 MB.
Total: 29.536400 ms (FindLiveObjects: 1.597500 ms CreateObjectMapping: 0.722900 ms MarkObjects: 25.332600 ms  DeleteObjects: 1.881400 ms)

AssetImportParameters requested are different than current active one (requested -> active):
  custom:scripting/monoscript/fileName/HoverAnimation.cs: 581febbb1e68f4788cd51dd85aa88cb6 -> ef410ed820288a313603e32572567da5
  custom:scripting/monoscript/fileName/CanvasGroupAnimation.cs: cdaec9a17bfd778b819a125d601c5d9d -> cbaf14739d5deaab4553eb96d7ddecc9
  custom:scripting/monoscript/fileName/SoundOnEnable.cs: beecccf5ab1fd96022e8049ee71d3861 -> 7dd58ad747558a9d44febd80f8f1d8e9
  custom:container-demuxer-ogg: 62fdf1f143b41e24485cea50d1cbac27 -> 
  custom:video-decoder-ogg-theora: a1e56fd34408186e4bbccfd4996cb3dc -> 
  custom:framework-win-MediaFoundation: 216162199b28c13a410421893ffa2e32 -> 
  custom:CustomObjectIndexerAttribute: 72b91833f83ae208fae7752999fa3104 -> 
  custom:scripting/monoscript/fileName/FillImageAnim.cs: 50801aa7403c3ec32721e768deec309d -> 7f04afd3250785bac95f7c5bb5a2d804
  custom:container-demuxer-webm: 4f35f7cbe854078d1ac9338744f61a02 -> 
  custom:scripting/monoscript/fileName/Loading.cs: d2687a4c35153b9773113b6ec963b206 -> 6632fd05ada41f7fd7027e3a3b6ecb2e
  custom:container-muxer-webm: aa71ff27fc2769a1b78a27578f13a17b -> 
  custom:scripting/monoscript/fileName/PositionLerpAnimation.cs: f62459ba8bee62e81b21106ff49fe4b5 -> 8c2f9c48c62788da138cf220220a568c
  custom:video-decoder-webm-vp8: 9c59270c3fd7afecdb556c50c9e8de78 -> 
  custom:SearchIndexIgnoredProperties: e643bd26f0fe6173181afceb89e7c659 -> 
  custom:AudioImporter_EditorPlatform: d09bf68614088b80899f8185d706f6e7 -> 
  custom:scripting/monoscript/fileName/RotationAnimation.cs: 2fc995a0516e1501ca9e2bd62e95f331 -> 8fdc50408351796c5b85aea97b99c803
  custom:video-encoder-webm-vp8: eb34c28f22e8b96e1ab97ce403110664 -> 
  custom:scripting/monoscript/fileName/ButtonSound.cs: 942698d3fe8d4ed02fd790819d4d63da -> d73cf73b297d33e10c74b31e39dd7781
  custom:audio-decoder-ogg-vorbis: bf7c407c2cedff20999df2af8eb42d56 -> 
  custom:scripting/monoscript/fileName/MenuManager.cs: 3f04bb71b87e8d48c868e5edc84da13e -> 0ca54484a69b9b213a814a2cd7fae118
  custom:scripting/monoscript/fileName/MySounder.cs: 28bb195a1d7647727eeb6557e1d114d8 -> 60319f4b1d97baa5a77685e8f8b14fc4
  custom:audio-encoder-webm-vorbis: bf7c407c2cedff20999df2af8eb42d56 -> 
========================================================================
Received Import Request.
  Time since last request: 61542.453863 seconds.
  path: Assets/OriginalAssets/HQ PIXEL UI/ASSETS/PNGS/MENU PNGS/Shape 3.png
  artifactKey: Guid(13aa57e4fdd948e4daf9aa5b60ce6db7) Importer(2089858483,0ecaa5967403d082aa24f35e1b516d23)
Start importing Assets/OriginalAssets/HQ PIXEL UI/ASSETS/PNGS/MENU PNGS/Shape 3.png using Guid(13aa57e4fdd948e4daf9aa5b60ce6db7) Importer(2089858483,0ecaa5967403d082aa24f35e1b516d23) [PhysX] Initialized MultithreadedTaskDispatcher with 16 workers.
 -> (artifact id: '6a550b21673582790f9c523d37009599') in 0.766156 seconds
Number of updated asset objects reloaded before import = 0
Number of asset objects unloaded after import = 3
========================================================================
Received Import Request.
  Time since last request: 0.000110 seconds.
  path: Assets/03_Prefabs/Item/Item Spawn Object/Rock.prefab
  artifactKey: Guid(3fd2fa4a93a4997428c9c1d8ffcdc27d) Importer(2089858483,0ecaa5967403d082aa24f35e1b516d23)
Start importing Assets/03_Prefabs/Item/Item Spawn Object/Rock.prefab using Guid(3fd2fa4a93a4997428c9c1d8ffcdc27d) Importer(2089858483,0ecaa5967403d082aa24f35e1b516d23) [PhysX] Initialized MultithreadedTaskDispatcher with 16 workers.
 -> (artifact id: '4421b06f54e2c9aadb63ab83398bea03') in 0.100889 seconds
Number of updated asset objects reloaded before import = 0
Number of asset objects unloaded after import = 8
========================================================================
Received Import Request.
  Time since last request: 0.000030 seconds.
  path: Assets/OriginalAssets/Honeti/PixelArtGUI/Textures/Panels/TagLeftBBevel.png
  artifactKey: Guid(fcc7ec83cb4f04a4186d464989eb17c3) Importer(2089858483,0ecaa5967403d082aa24f35e1b516d23)
Start importing Assets/OriginalAssets/Honeti/PixelArtGUI/Textures/Panels/TagLeftBBevel.png using Guid(fcc7ec83cb4f04a4186d464989eb17c3) Importer(2089858483,0ecaa5967403d082aa24f35e1b516d23) [PhysX] Initialized MultithreadedTaskDispatcher with 16 workers.
 -> (artifact id: 'e1032b9d134c2ded37d14f21d99a95db') in 0.039472 seconds
Number of updated asset objects reloaded before import = 0
Number of asset objects unloaded after import = 3
========================================================================
Received Import Request.
  Time since last request: 0.000166 seconds.
  path: Assets/OriginalAssets/Honeti/PixelArtGUI/Prefabs/Bars/BarBigTransparentBgYellow.prefab
  artifactKey: Guid(af4a09d0c05af304cb4b5d9b7d5d6b11) Importer(2089858483,3d70f49cd1c2eb9ae422958d1c652c6b)
Start importing Assets/OriginalAssets/Honeti/PixelArtGUI/Prefabs/Bars/BarBigTransparentBgYellow.prefab using Guid(af4a09d0c05af304cb4b5d9b7d5d6b11) Importer(2089858483,3d70f49cd1c2eb9ae422958d1c652c6b) [PhysX] Initialized MultithreadedTaskDispatcher with 16 workers.
 -> (artifact id: '342cedab99d169bc0acb7e4360b4c476') in 0.082696 seconds
Number of updated asset objects reloaded before import = 0
Number of asset objects unloaded after import = 33
========================================================================
Received Import Request.
  Time since last request: 0.000063 seconds.
  path: Assets/OriginalAssets/HQ PIXEL UI/ASSETS/PNGS/SHOP Pngs/Rectangle 579.png
  artifactKey: Guid(a150a2067abfbeb46a10cea2e15aed45) Importer(2089858483,0ecaa5967403d082aa24f35e1b516d23)
Start importing Assets/OriginalAssets/HQ PIXEL UI/ASSETS/PNGS/SHOP Pngs/Rectangle 579.png using Guid(a150a2067abfbeb46a10cea2e15aed45) Importer(2089858483,0ecaa5967403d082aa24f35e1b516d23) [PhysX] Initialized MultithreadedTaskDispatcher with 16 workers.
 -> (artifact id: '0dba1a4de6cd329add9b0308d76d2f8d') in 0.038589 seconds
Number of updated asset objects reloaded before import = 0
Number of asset objects unloaded after import = 3
========================================================================
Received Import Request.
  Time since last request: 0.000061 seconds.
  path: Assets/Resources/Prefabs/UI/Scene/UI_MainScene.prefab
  artifactKey: Guid(3e13971f290f1c34bbb2e8d1c4fd8311) Importer(2089858483,0ecaa5967403d082aa24f35e1b516d23)
Start importing Assets/Resources/Prefabs/UI/Scene/UI_MainScene.prefab using Guid(3e13971f290f1c34bbb2e8d1c4fd8311) Importer(2089858483,0ecaa5967403d082aa24f35e1b516d23) [PhysX] Initialized MultithreadedTaskDispatcher with 16 workers.
 -> (artifact id: 'eb75d43ddae9578478f6f18525705645') in 0.146049 seconds
Number of updated asset objects reloaded before import = 0
Number of asset objects unloaded after import = 25
========================================================================
Received Import Request.
  Time since last request: 0.000034 seconds.
  path: Assets/OriginalAssets/Honeti/PixelArtGUI/Textures/Icons/8/Share.png
  artifactKey: Guid(690cd602749a0f546998ecff74a1ccbc) Importer(2089858483,0ecaa5967403d082aa24f35e1b516d23)
Start importing Assets/OriginalAssets/Honeti/PixelArtGUI/Textures/Icons/8/Share.png using Guid(690cd602749a0f546998ecff74a1ccbc) Importer(2089858483,0ecaa5967403d082aa24f35e1b516d23) [PhysX] Initialized MultithreadedTaskDispatcher with 16 workers.
 -> (artifact id: 'fda62e8c35b6543e8dceac2d7d7b19bf') in 0.038719 seconds
Number of updated asset objects reloaded before import = 0
Number of asset objects unloaded after import = 3
========================================================================
Received Import Request.
  Time since last request: 0.000039 seconds.
  path: Assets/OriginalAssets/HQ PIXEL UI/ASSETS/PNGS/MORE PNGS/TOPBAR1.png
  artifactKey: Guid(bf5bd88a9af84d54abc9407434ea429c) Importer(2089858483,0ecaa5967403d082aa24f35e1b516d23)
Start importing Assets/OriginalAssets/HQ PIXEL UI/ASSETS/PNGS/MORE PNGS/TOPBAR1.png using Guid(bf5bd88a9af84d54abc9407434ea429c) Importer(2089858483,0ecaa5967403d082aa24f35e1b516d23) [PhysX] Initialized MultithreadedTaskDispatcher with 16 workers.
 -> (artifact id: 'a3ead065d3ba34fc21ab809e13ff8626') in 0.035320 seconds
Number of updated asset objects reloaded before import = 0
Number of asset objects unloaded after import = 3
========================================================================
Received Import Request.
  Time since last request: 0.000048 seconds.
  path: Assets/OriginalAssets/Honeti/PixelArtGUI/Prefabs/Panels/Menu.prefab
  artifactKey: Guid(43e0feb1371fcd146af5d406cb355cc2) Importer(2089858483,3d70f49cd1c2eb9ae422958d1c652c6b)
Start importing Assets/OriginalAssets/Honeti/PixelArtGUI/Prefabs/Panels/Menu.prefab using Guid(43e0feb1371fcd146af5d406cb355cc2) Importer(2089858483,3d70f49cd1c2eb9ae422958d1c652c6b) [PhysX] Initialized MultithreadedTaskDispatcher with 16 workers.
 -> (artifact id: '313e2033d20143506387679ca0979ef3') in 0.039429 seconds
Number of updated asset objects reloaded before import = 0
Number of asset objects unloaded after import = 22
========================================================================
Received Import Request.
  Time since last request: 0.000036 seconds.
  path: Assets/OriginalAssets/Honeti/PixelArtGUI/Prefabs/Panels/TagHolderHorizontal.prefab
  artifactKey: Guid(b0bd57cc8a425384f908a5c653126445) Importer(2089858483,3d70f49cd1c2eb9ae422958d1c652c6b)
Start importing Assets/OriginalAssets/Honeti/PixelArtGUI/Prefabs/Panels/TagHolderHorizontal.prefab using Guid(b0bd57cc8a425384f908a5c653126445) Importer(2089858483,3d70f49cd1c2eb9ae422958d1c652c6b) [PhysX] Initialized MultithreadedTaskDispatcher with 16 workers.
 -> (artifact id: '6d8ec75180d4178b776d45b5d0dc4f3f') in 0.029862 seconds
Number of updated asset objects reloaded before import = 0
Number of asset objects unloaded after import = 13
========================================================================
Received Import Request.
  Time since last request: 0.000031 seconds.
  path: Assets/OriginalAssets/Honeti/PixelArtGUI/Prefabs/Texts/Text (TMP)Display2.prefab
  artifactKey: Guid(95903999cf2973446a19a45e946a499c) Importer(2089858483,3d70f49cd1c2eb9ae422958d1c652c6b)
Start importing Assets/OriginalAssets/Honeti/PixelArtGUI/Prefabs/Texts/Text (TMP)Display2.prefab using Guid(95903999cf2973446a19a45e946a499c) Importer(2089858483,3d70f49cd1c2eb9ae422958d1c652c6b) [PhysX] Initialized MultithreadedTaskDispatcher with 16 workers.
The method get_fontSharedMaterials was not found on Text (TMP)Display2. This property will not be indexed.
UnityEngine.StackTraceUtility:ExtractStackTrace ()
UnityEngine.DebugLogHandler:LogFormat (UnityEngine.LogType,UnityEngine.Object,string,object[])
UnityEngine.Logger:Log (UnityEngine.LogType,object)
UnityEngine.Debug:LogWarning (object)
UnityEditor.Rendering.Universal.MaterialReferenceBuilder:GetMaterialFromMethod (System.Reflection.MethodInfo,UnityEngine.Object,System.Func`3<string, string, string>) (at ./Library/PackageCache/com.unity.render-pipelines.universal@14.0.11/Editor/Converter/MaterialReferenceBuilder.cs:133)
UnityEditor.Rendering.Universal.ConversionIndexers:ConversionIndexer (UnityEditor.Search.CustomObjectIndexerTarget,UnityEditor.Search.ObjectIndexer) (at ./Library/PackageCache/com.unity.render-pipelines.universal@14.0.11/Editor/Converter/ConversionIndexers.cs:21)
UnityEditor.Search.ObjectIndexer:CallCustomIndexers (string,int,UnityEngine.Object,UnityEditor.SerializedObject,bool)
UnityEditor.Search.ObjectIndexer:IndexCustomProperties (string,int,UnityEngine.Object)
UnityEditor.Search.AssetIndexer:IndexCustomGameObjectProperties (string,int,UnityEngine.GameObject)
UnityEditor.Search.AssetIndexer:IndexObjects (UnityEngine.GameObject[],string,string,string,bool)
UnityEditor.Search.AssetIndexer:IndexPrefab (string,bool)
UnityEditor.Search.AssetIndexer:IndexSceneDocument (string,bool)
UnityEditor.Search.AssetIndexer:IndexDocument (string,bool)
UnityEditor.Search.SearchIndexEntryImporter:OnImportAsset (UnityEditor.AssetImporters.AssetImportContext)
UnityEditor.AssetImporters.ScriptedImporter:GenerateAssetData (UnityEditor.AssetImporters.AssetImportContext)

(Filename: ./Library/PackageCache/com.unity.render-pipelines.universal@14.0.11/Editor/Converter/MaterialReferenceBuilder.cs Line: 133)

 -> (artifact id: 'e26912d7532f4684f86d0371abd24951') in 0.107506 seconds
Number of updated asset objects reloaded before import = 0
Number of asset objects unloaded after import = 11
========================================================================
Received Import Request.
  Time since last request: 0.000028 seconds.
  path: Assets/OriginalAssets/Honeti/PixelArtGUI/Textures/Icons/8/FlashBrown.png
  artifactKey: Guid(346ce2841ed6cab47bbcd35d660aa75a) Importer(2089858483,0ecaa5967403d082aa24f35e1b516d23)
Start importing Assets/OriginalAssets/Honeti/PixelArtGUI/Textures/Icons/8/FlashBrown.png using Guid(346ce2841ed6cab47bbcd35d660aa75a) Importer(2089858483,0ecaa5967403d082aa24f35e1b516d23) [PhysX] Initialized MultithreadedTaskDispatcher with 16 workers.
 -> (artifact id: '86892ed6dda6cf014c3e46fabca0d3a9') in 0.036494 seconds
Number of updated asset objects reloaded before import = 0
Number of asset objects unloaded after import = 3
========================================================================
Received Import Request.
  Time since last request: 0.000064 seconds.
  path: Assets/OriginalAssets/Honeti/PixelArtGUI/Prefabs/Bars/BarBigOutlined02TransparentBgGreen.prefab
  artifactKey: Guid(5e81e521aeba7d84a9b24da4def3e822) Importer(2089858483,3d70f49cd1c2eb9ae422958d1c652c6b)
Start importing Assets/OriginalAssets/Honeti/PixelArtGUI/Prefabs/Bars/BarBigOutlined02TransparentBgGreen.prefab using Guid(5e81e521aeba7d84a9b24da4def3e822) Importer(2089858483,3d70f49cd1c2eb9ae422958d1c652c6b) [PhysX] Initialized MultithreadedTaskDispatcher with 16 workers.
 -> (artifact id: 'efe789dc1e0dcf56b8e2d4ad7755b7f1') in 0.042262 seconds
Number of updated asset objects reloaded before import = 0
Number of asset objects unloaded after import = 38
========================================================================
Received Import Request.
  Time since last request: 0.000039 seconds.
  path: Assets/04_Sources/Images/Unit/Player/Idle/character_idle1.png
  artifactKey: Guid(93574cf8eeebbcf49978532ace93bf79) Importer(2089858483,0ecaa5967403d082aa24f35e1b516d23)
Start importing Assets/04_Sources/Images/Unit/Player/Idle/character_idle1.png using Guid(93574cf8eeebbcf49978532ace93bf79) Importer(2089858483,0ecaa5967403d082aa24f35e1b516d23) [PhysX] Initialized MultithreadedTaskDispatcher with 16 workers.
 -> (artifact id: '0f42933c5637377501ec0b38da44e11f') in 0.039785 seconds
Number of updated asset objects reloaded before import = 0
Number of asset objects unloaded after import = 3
========================================================================
Received Import Request.
  Time since last request: 0.000033 seconds.
  path: Assets/OriginalAssets/Honeti/PixelArtGUI/Textures/Icons/32/GemLong01Outlined.png
  artifactKey: Guid(5775eb104576fc846bfd1fabeb819e74) Importer(2089858483,0ecaa5967403d082aa24f35e1b516d23)
Start importing Assets/OriginalAssets/Honeti/PixelArtGUI/Textures/Icons/32/GemLong01Outlined.png using Guid(5775eb104576fc846bfd1fabeb819e74) Importer(2089858483,0ecaa5967403d082aa24f35e1b516d23) [PhysX] Initialized MultithreadedTaskDispatcher with 16 workers.
 -> (artifact id: 'c8547a6aba63f2657d336c68462168b1') in 0.046633 seconds
Number of updated asset objects reloaded before import = 0
Number of asset objects unloaded after import = 3
========================================================================
Received Import Request.
  Time since last request: 0.000028 seconds.
  path: Assets/03_Prefabs/Item/Chapter03 Item/Aged Cheese.prefab
  artifactKey: Guid(be4b73abcc1dbb54fb478ff850d96cc0) Importer(2089858483,3d70f49cd1c2eb9ae422958d1c652c6b)
Start importing Assets/03_Prefabs/Item/Chapter03 Item/Aged Cheese.prefab using Guid(be4b73abcc1dbb54fb478ff850d96cc0) Importer(2089858483,3d70f49cd1c2eb9ae422958d1c652c6b) [PhysX] Initialized MultithreadedTaskDispatcher with 16 workers.
 -> (artifact id: '08fc97fedd9b6166722afd466fc2e95e') in 0.025346 seconds
Number of updated asset objects reloaded before import = 0
Number of asset objects unloaded after import = 9
========================================================================
Received Import Request.
  Time since last request: 0.000033 seconds.
  path: Assets/OriginalAssets/Honeti/PixelArtGUI/Prefabs/Buttons/ShopItemCurrency.prefab
  artifactKey: Guid(aa0e58a013419d04a90016a45819051c) Importer(2089858483,3d70f49cd1c2eb9ae422958d1c652c6b)
Start importing Assets/OriginalAssets/Honeti/PixelArtGUI/Prefabs/Buttons/ShopItemCurrency.prefab using Guid(aa0e58a013419d04a90016a45819051c) Importer(2089858483,3d70f49cd1c2eb9ae422958d1c652c6b) [PhysX] Initialized MultithreadedTaskDispatcher with 16 workers.
The method get_fontSharedMaterials was not found on Text (TMP)Name. This property will not be indexed.
UnityEngine.StackTraceUtility:ExtractStackTrace ()
UnityEngine.DebugLogHandler:LogFormat (UnityEngine.LogType,UnityEngine.Object,string,object[])
UnityEngine.Logger:Log (UnityEngine.LogType,object)
UnityEngine.Debug:LogWarning (object)
UnityEditor.Rendering.Universal.MaterialReferenceBuilder:GetMaterialFromMethod (System.Reflection.MethodInfo,UnityEngine.Object,System.Func`3<string, string, string>) (at ./Library/PackageCache/com.unity.render-pipelines.universal@14.0.11/Editor/Converter/MaterialReferenceBuilder.cs:133)
UnityEditor.Rendering.Universal.ConversionIndexers:ConversionIndexer (UnityEditor.Search.CustomObjectIndexerTarget,UnityEditor.Search.ObjectIndexer) (at ./Library/PackageCache/com.unity.render-pipelines.universal@14.0.11/Editor/Converter/ConversionIndexers.cs:21)
UnityEditor.Search.ObjectIndexer:CallCustomIndexers (string,int,UnityEngine.Object,UnityEditor.SerializedObject,bool)
UnityEditor.Search.ObjectIndexer:IndexCustomProperties (string,int,UnityEngine.Object)
UnityEditor.Search.AssetIndexer:IndexCustomGameObjectProperties (string,int,UnityEngine.GameObject)
UnityEditor.Search.AssetIndexer:IndexObjects (UnityEngine.GameObject[],string,string,string,bool)
UnityEditor.Search.AssetIndexer:IndexPrefab (string,bool)
UnityEditor.Search.AssetIndexer:IndexSceneDocument (string,bool)
UnityEditor.Search.AssetIndexer:IndexDocument (string,bool)
UnityEditor.Search.SearchIndexEntryImporter:OnImportAsset (UnityEditor.AssetImporters.AssetImportContext)
UnityEditor.AssetImporters.ScriptedImporter:GenerateAssetData (UnityEditor.AssetImporters.AssetImportContext)

(Filename: ./Library/PackageCache/com.unity.render-pipelines.universal@14.0.11/Editor/Converter/MaterialReferenceBuilder.cs Line: 133)

The method get_fontSharedMaterials was not found on Text (TMP)Amount. This property will not be indexed.
UnityEngine.StackTraceUtility:ExtractStackTrace ()
UnityEngine.DebugLogHandler:LogFormat (UnityEngine.LogType,UnityEngine.Object,string,object[])
UnityEngine.Logger:Log (UnityEngine.LogType,object)
UnityEngine.Debug:LogWarning (object)
UnityEditor.Rendering.Universal.MaterialReferenceBuilder:GetMaterialFromMethod (System.Reflection.MethodInfo,UnityEngine.Object,System.Func`3<string, string, string>) (at ./Library/PackageCache/com.unity.render-pipelines.universal@14.0.11/Editor/Converter/MaterialReferenceBuilder.cs:133)
UnityEditor.Rendering.Universal.ConversionIndexers:ConversionIndexer (UnityEditor.Search.CustomObjectIndexerTarget,UnityEditor.Search.ObjectIndexer) (at ./Library/PackageCache/com.unity.render-pipelines.universal@14.0.11/Editor/Converter/ConversionIndexers.cs:21)
UnityEditor.Search.ObjectIndexer:CallCustomIndexers (string,int,UnityEngine.Object,UnityEditor.SerializedObject,bool)
UnityEditor.Search.ObjectIndexer:IndexCustomProperties (string,int,UnityEngine.Object)
UnityEditor.Search.AssetIndexer:IndexCustomGameObjectProperties (string,int,UnityEngine.GameObject)
UnityEditor.Search.AssetIndexer:IndexObjects (UnityEngine.GameObject[],string,string,string,bool)
UnityEditor.Search.AssetIndexer:IndexPrefab (string,bool)
UnityEditor.Search.AssetIndexer:IndexSceneDocument (string,bool)
UnityEditor.Search.AssetIndexer:IndexDocument (string,bool)
UnityEditor.Search.SearchIndexEntryImporter:OnImportAsset (UnityEditor.AssetImporters.AssetImportContext)
UnityEditor.AssetImporters.ScriptedImporter:GenerateAssetData (UnityEditor.AssetImporters.AssetImportContext)

(Filename: ./Library/PackageCache/com.unity.render-pipelines.universal@14.0.11/Editor/Converter/MaterialReferenceBuilder.cs Line: 133)

The method get_fontSharedMaterials was not found on Text (TMP). This property will not be indexed.
UnityEngine.StackTraceUtility:ExtractStackTrace ()
UnityEngine.DebugLogHandler:LogFormat (UnityEngine.LogType,UnityEngine.Object,string,object[])
UnityEngine.Logger:Log (UnityEngine.LogType,object)
UnityEngine.Debug:LogWarning (object)
UnityEditor.Rendering.Universal.MaterialReferenceBuilder:GetMaterialFromMethod (System.Reflection.MethodInfo,UnityEngine.Object,System.Func`3<string, string, string>) (at ./Library/PackageCache/com.unity.render-pipelines.universal@14.0.11/Editor/Converter/MaterialReferenceBuilder.cs:133)
UnityEditor.Rendering.Universal.ConversionIndexers:ConversionIndexer (UnityEditor.Search.CustomObjectIndexerTarget,UnityEditor.Search.ObjectIndexer) (at ./Library/PackageCache/com.unity.render-pipelines.universal@14.0.11/Editor/Converter/ConversionIndexers.cs:21)
UnityEditor.Search.ObjectIndexer:CallCustomIndexers (string,int,UnityEngine.Object,UnityEditor.SerializedObject,bool)
UnityEditor.Search.ObjectIndexer:IndexCustomProperties (string,int,UnityEngine.Object)
UnityEditor.Search.AssetIndexer:IndexCustomGameObjectProperties (string,int,UnityEngine.GameObject)
UnityEditor.Search.AssetIndexer:IndexObjects (UnityEngine.GameObject[],string,string,string,bool)
UnityEditor.Search.AssetIndexer:IndexPrefab (string,bool)
UnityEditor.Search.AssetIndexer:IndexSceneDocument (string,bool)
UnityEditor.Search.AssetIndexer:IndexDocument (string,bool)
UnityEditor.Search.SearchIndexEntryImporter:OnImportAsset (UnityEditor.AssetImporters.AssetImportContext)
UnityEditor.AssetImporters.ScriptedImporter:GenerateAssetData (UnityEditor.AssetImporters.AssetImportContext)

(Filename: ./Library/PackageCache/com.unity.render-pipelines.universal@14.0.11/Editor/Converter/MaterialReferenceBuilder.cs Line: 133)

 -> (artifact id: '9d0fd3c82276c072a55d4b590a4ee400') in 0.219097 seconds
Number of updated asset objects reloaded before import = 0
Number of asset objects unloaded after import = 76
========================================================================
Received Import Request.
  Time since last request: 0.000048 seconds.
  path: Assets/OriginalAssets/Honeti/PixelArtGUI/Textures/Icons/32/Shield03Outlined.png
  artifactKey: Guid(6a5b8b95ed5ca3146b5ff4138ba33642) Importer(2089858483,0ecaa5967403d082aa24f35e1b516d23)
Start importing Assets/OriginalAssets/Honeti/PixelArtGUI/Textures/Icons/32/Shield03Outlined.png using Guid(6a5b8b95ed5ca3146b5ff4138ba33642) Importer(2089858483,0ecaa5967403d082aa24f35e1b516d23) [PhysX] Initialized MultithreadedTaskDispatcher with 16 workers.
 -> (artifact id: '0bcc32756b139cf9ab2c4ba25788925f') in 0.034626 seconds
Number of updated asset objects reloaded before import = 0
Number of asset objects unloaded after import = 3
========================================================================
Received Import Request.
  Time since last request: 0.000031 seconds.
  path: Assets/OriginalAssets/Honeti/PixelArtGUI/Textures/Icons/8/SearchGreen.png
  artifactKey: Guid(70301c2dd3898e5439187baebcd813a4) Importer(2089858483,0ecaa5967403d082aa24f35e1b516d23)
Start importing Assets/OriginalAssets/Honeti/PixelArtGUI/Textures/Icons/8/SearchGreen.png using Guid(70301c2dd3898e5439187baebcd813a4) Importer(2089858483,0ecaa5967403d082aa24f35e1b516d23) [PhysX] Initialized MultithreadedTaskDispatcher with 16 workers.
 -> (artifact id: 'e84222eb31cc74c84d88d3dc18713818') in 0.038612 seconds
Number of updated asset objects reloaded before import = 0
Number of asset objects unloaded after import = 3
========================================================================
Received Import Request.
  Time since last request: 0.000043 seconds.
  path: Assets/OriginalAssets/Honeti/PixelArtGUI/Textures/Icons/8/VenusGreen.png
  artifactKey: Guid(830dbf493334dac47867b45ee1ebd3f0) Importer(2089858483,0ecaa5967403d082aa24f35e1b516d23)
Start importing Assets/OriginalAssets/Honeti/PixelArtGUI/Textures/Icons/8/VenusGreen.png using Guid(830dbf493334dac47867b45ee1ebd3f0) Importer(2089858483,0ecaa5967403d082aa24f35e1b516d23) [PhysX] Initialized MultithreadedTaskDispatcher with 16 workers.
 -> (artifact id: '4c01311f325f8a5c151a6d66e84888b0') in 0.043462 seconds
Number of updated asset objects reloaded before import = 0
Number of asset objects unloaded after import = 3
========================================================================
Received Import Request.
  Time since last request: 0.000030 seconds.
  path: Assets/OriginalAssets/HQ PIXEL UI/ASSETS/DEMO GRAPHICS/LEVELS/DialogHeader copy 2.png
  artifactKey: Guid(4735f654af6916848975a9ff96e92034) Importer(2089858483,0ecaa5967403d082aa24f35e1b516d23)
Start importing Assets/OriginalAssets/HQ PIXEL UI/ASSETS/DEMO GRAPHICS/LEVELS/DialogHeader copy 2.png using Guid(4735f654af6916848975a9ff96e92034) Importer(2089858483,0ecaa5967403d082aa24f35e1b516d23) [PhysX] Initialized MultithreadedTaskDispatcher with 16 workers.
 -> (artifact id: '145501f222895b2539cb1ba922f2191f') in 0.043966 seconds
Number of updated asset objects reloaded before import = 0
Number of asset objects unloaded after import = 3
========================================================================
Received Import Request.
  Time since last request: 0.000040 seconds.
  path: Assets/OriginalAssets/Honeti/PixelArtGUI/Textures/Icons/32/Amulet02Outlined.png
  artifactKey: Guid(eead4c3f90d5cf5408e1cc3b19fb82f6) Importer(2089858483,0ecaa5967403d082aa24f35e1b516d23)
Start importing Assets/OriginalAssets/Honeti/PixelArtGUI/Textures/Icons/32/Amulet02Outlined.png using Guid(eead4c3f90d5cf5408e1cc3b19fb82f6) Importer(2089858483,0ecaa5967403d082aa24f35e1b516d23) [PhysX] Initialized MultithreadedTaskDispatcher with 16 workers.
 -> (artifact id: 'eea5ceeb55100dfa888a514adf0b6d58') in 0.038740 seconds
Number of updated asset objects reloaded before import = 0
Number of asset objects unloaded after import = 3
========================================================================
Received Import Request.
  Time since last request: 0.000041 seconds.
  path: Assets/OriginalAssets/HQ PIXEL UI/ASSETS/PNGS/MORE PNGS/white01.png
  artifactKey: Guid(43009ba7cb172d648b0843cde62c8c8e) Importer(2089858483,0ecaa5967403d082aa24f35e1b516d23)
Start importing Assets/OriginalAssets/HQ PIXEL UI/ASSETS/PNGS/MORE PNGS/white01.png using Guid(43009ba7cb172d648b0843cde62c8c8e) Importer(2089858483,0ecaa5967403d082aa24f35e1b516d23) [PhysX] Initialized MultithreadedTaskDispatcher with 16 workers.
 -> (artifact id: 'ea90ec6a901ced31f52681bb7f702e87') in 0.043321 seconds
Number of updated asset objects reloaded before import = 0
Number of asset objects unloaded after import = 3
========================================================================
Received Import Request.
  Time since last request: 0.000368 seconds.
  path: Assets/OriginalAssets/HQ PIXEL UI/ASSETS/DEMO GRAPHICS/SETTINGS/SOUND FX.png
  artifactKey: Guid(f71bab1460e834b45bb638f7c588df04) Importer(2089858483,0ecaa5967403d082aa24f35e1b516d23)
Start importing Assets/OriginalAssets/HQ PIXEL UI/ASSETS/DEMO GRAPHICS/SETTINGS/SOUND FX.png using Guid(f71bab1460e834b45bb638f7c588df04) Importer(2089858483,0ecaa5967403d082aa24f35e1b516d23) [PhysX] Initialized MultithreadedTaskDispatcher with 16 workers.
 -> (artifact id: 'e6cfc5119597ddd44f33df1549c1d8d1') in 0.048641 seconds
Number of updated asset objects reloaded before import = 0
Number of asset objects unloaded after import = 3
========================================================================
Received Import Request.
  Time since last request: 0.000036 seconds.
  path: Assets/OriginalAssets/Honeti/PixelArtGUI/Textures/Icons/32/ShovelOutlined.png
  artifactKey: Guid(b527a86968619ea44ad457bd3851a17c) Importer(2089858483,0ecaa5967403d082aa24f35e1b516d23)
Start importing Assets/OriginalAssets/Honeti/PixelArtGUI/Textures/Icons/32/ShovelOutlined.png using Guid(b527a86968619ea44ad457bd3851a17c) Importer(2089858483,0ecaa5967403d082aa24f35e1b516d23) [PhysX] Initialized MultithreadedTaskDispatcher with 16 workers.
 -> (artifact id: 'e7a3c62dbcf75761eb68b091e7546ad3') in 0.031667 seconds
Number of updated asset objects reloaded before import = 0
Number of asset objects unloaded after import = 3
========================================================================
Received Import Request.
  Time since last request: 0.000031 seconds.
  path: Assets/OriginalAssets/HQ PIXEL UI/ASSETS/PNGS/SHOP Pngs/Group 39.png
  artifactKey: Guid(39fdd22cd1ab5e8488bdc9c6c4ad147d) Importer(2089858483,0ecaa5967403d082aa24f35e1b516d23)
Start importing Assets/OriginalAssets/HQ PIXEL UI/ASSETS/PNGS/SHOP Pngs/Group 39.png using Guid(39fdd22cd1ab5e8488bdc9c6c4ad147d) Importer(2089858483,0ecaa5967403d082aa24f35e1b516d23) [PhysX] Initialized MultithreadedTaskDispatcher with 16 workers.
 -> (artifact id: '75de4bd9dc03a53d50dcd89561270520') in 0.048414 seconds
Number of updated asset objects reloaded before import = 0
Number of asset objects unloaded after import = 3
========================================================================
Received Import Request.
  Time since last request: 0.000044 seconds.
  path: Assets/03_Prefabs/Item/Chapter01 Item/Orange Pill.prefab
  artifactKey: Guid(00090f888aebb794689143ba304913de) Importer(2089858483,0ecaa5967403d082aa24f35e1b516d23)
Start importing Assets/03_Prefabs/Item/Chapter01 Item/Orange Pill.prefab using Guid(00090f888aebb794689143ba304913de) Importer(2089858483,0ecaa5967403d082aa24f35e1b516d23) [PhysX] Initialized MultithreadedTaskDispatcher with 16 workers.
 -> (artifact id: '4c1a2a7b1de19f2161aa81ab4f712858') in 0.043527 seconds
Number of updated asset objects reloaded before import = 0
Number of asset objects unloaded after import = 9
========================================================================
Received Import Request.
  Time since last request: 0.000041 seconds.
  path: Assets/OriginalAssets/Honeti/PixelArtGUI/Textures/Icons/32/KeyBrown.png
  artifactKey: Guid(b2ecab843e6a4674babf561abf7e8164) Importer(2089858483,0ecaa5967403d082aa24f35e1b516d23)
Start importing Assets/OriginalAssets/Honeti/PixelArtGUI/Textures/Icons/32/KeyBrown.png using Guid(b2ecab843e6a4674babf561abf7e8164) Importer(2089858483,0ecaa5967403d082aa24f35e1b516d23) [PhysX] Initialized MultithreadedTaskDispatcher with 16 workers.
 -> (artifact id: 'e4c6c0001aeed2d7deff65fbcaec9206') in 0.031643 seconds
Number of updated asset objects reloaded before import = 0
Number of asset objects unloaded after import = 3
========================================================================
Received Import Request.
  Time since last request: 0.364700 seconds.
  path: Assets/OriginalAssets/Honeti/PixelArtGUI/Textures/Icons/32/Arrow03Outlined.png
  artifactKey: Guid(93be1e981c10d4e408d8d96baac0716f) Importer(2089858483,0ecaa5967403d082aa24f35e1b516d23)
Start importing Assets/OriginalAssets/Honeti/PixelArtGUI/Textures/Icons/32/Arrow03Outlined.png using Guid(93be1e981c10d4e408d8d96baac0716f) Importer(2089858483,0ecaa5967403d082aa24f35e1b516d23) [PhysX] Initialized MultithreadedTaskDispatcher with 16 workers.
 -> (artifact id: 'd3c89e642f0c85b3048d94bcd6aa17d4') in 0.068260 seconds
Number of updated asset objects reloaded before import = 0
Number of asset objects unloaded after import = 3
========================================================================
Received Import Request.
  Time since last request: 0.004122 seconds.
  path: Assets/OriginalAssets/Honeti/PixelArtGUI/Textures/Icons/32/ClockOutlined.png
  artifactKey: Guid(0fd70b2199c83114f92abb240d3d2e7d) Importer(2089858483,0ecaa5967403d082aa24f35e1b516d23)
Start importing Assets/OriginalAssets/Honeti/PixelArtGUI/Textures/Icons/32/ClockOutlined.png using Guid(0fd70b2199c83114f92abb240d3d2e7d) Importer(2089858483,0ecaa5967403d082aa24f35e1b516d23) [PhysX] Initialized MultithreadedTaskDispatcher with 16 workers.
 -> (artifact id: 'b53803053238ca174f5878472a31792c') in 0.057491 seconds
Number of updated asset objects reloaded before import = 0
Number of asset objects unloaded after import = 3
========================================================================
Received Import Request.
  Time since last request: 0.001058 seconds.
  path: Assets/OriginalAssets/HQ PIXEL UI/ASSETS/PNGS/GamePlay
  artifactKey: Guid(e5455728aeb49ba4badc12c2b21965c9) Importer(2089858483,0ecaa5967403d082aa24f35e1b516d23)
Start importing Assets/OriginalAssets/HQ PIXEL UI/ASSETS/PNGS/GamePlay using Guid(e5455728aeb49ba4badc12c2b21965c9) Importer(2089858483,0ecaa5967403d082aa24f35e1b516d23) [PhysX] Initialized MultithreadedTaskDispatcher with 16 workers.
 -> (artifact id: '86ad3307c905bf063684b2cf56e289a0') in 0.022145 seconds
Number of updated asset objects reloaded before import = 0
Number of asset objects unloaded after import = 1
========================================================================
Received Import Request.
  Time since last request: 0.000029 seconds.
  path: Assets/OriginalAssets/Honeti/PixelArtGUI/Textures/Icons/8/ArrowUpGreenDark.png
  artifactKey: Guid(c7812cb76a45daa47ba8906573d323df) Importer(2089858483,0ecaa5967403d082aa24f35e1b516d23)
Start importing Assets/OriginalAssets/Honeti/PixelArtGUI/Textures/Icons/8/ArrowUpGreenDark.png using Guid(c7812cb76a45daa47ba8906573d323df) Importer(2089858483,0ecaa5967403d082aa24f35e1b516d23) [PhysX] Initialized MultithreadedTaskDispatcher with 16 workers.
 -> (artifact id: '32fbd67a1e4c1fb6a8e9c0ede5e4aa4f') in 0.042963 seconds
Number of updated asset objects reloaded before import = 0
Number of asset objects unloaded after import = 3
========================================================================
Received Import Request.
  Time since last request: 0.000034 seconds.
  path: Assets/OriginalAssets/Honeti/PixelArtGUI/Textures/Icons/8/SpeakerLowGreen.png
  artifactKey: Guid(6ee0d16f15dfdfd43a164497b35e660c) Importer(2089858483,0ecaa5967403d082aa24f35e1b516d23)
Start importing Assets/OriginalAssets/Honeti/PixelArtGUI/Textures/Icons/8/SpeakerLowGreen.png using Guid(6ee0d16f15dfdfd43a164497b35e660c) Importer(2089858483,0ecaa5967403d082aa24f35e1b516d23) [PhysX] Initialized MultithreadedTaskDispatcher with 16 workers.
 -> (artifact id: 'b671f7504fa22bf431e0042261fe2e8c') in 0.037680 seconds
Number of updated asset objects reloaded before import = 0
Number of asset objects unloaded after import = 3
========================================================================
Received Import Request.
  Time since last request: 0.000034 seconds.
  path: Assets/OriginalAssets/Honeti/PixelArtGUI/Textures/Icons/32/Ring03Outlined.png
  artifactKey: Guid(85aca1169c2116b49ae56d598d0c8248) Importer(2089858483,0ecaa5967403d082aa24f35e1b516d23)
Start importing Assets/OriginalAssets/Honeti/PixelArtGUI/Textures/Icons/32/Ring03Outlined.png using Guid(85aca1169c2116b49ae56d598d0c8248) Importer(2089858483,0ecaa5967403d082aa24f35e1b516d23) [PhysX] Initialized MultithreadedTaskDispatcher with 16 workers.
 -> (artifact id: '05af51e02e2aada0340a0ed6c177c63b') in 0.037442 seconds
Number of updated asset objects reloaded before import = 0
Number of asset objects unloaded after import = 3
========================================================================
Received Import Request.
  Time since last request: 0.000088 seconds.
  path: Assets/OriginalAssets/Honeti/PixelArtGUI/Textures/Icons/16/FlaskGold.png
  artifactKey: Guid(e37c17ea2b88b3f45a186c95d21791f0) Importer(2089858483,0ecaa5967403d082aa24f35e1b516d23)
Start importing Assets/OriginalAssets/Honeti/PixelArtGUI/Textures/Icons/16/FlaskGold.png using Guid(e37c17ea2b88b3f45a186c95d21791f0) Importer(2089858483,0ecaa5967403d082aa24f35e1b516d23) [PhysX] Initialized MultithreadedTaskDispatcher with 16 workers.
 -> (artifact id: '1220afb1ec1977733ea31058b04f7109') in 0.065591 seconds
Number of updated asset objects reloaded before import = 0
Number of asset objects unloaded after import = 3
========================================================================
Received Import Request.
  Time since last request: 0.000044 seconds.
  path: Assets/OriginalAssets/HQ PIXEL UI/ASSETS/PNGS/MORE PNGS/Shape 3.png
  artifactKey: Guid(35467197ae3794b4e8ff7af399951c62) Importer(2089858483,0ecaa5967403d082aa24f35e1b516d23)
Start importing Assets/OriginalAssets/HQ PIXEL UI/ASSETS/PNGS/MORE PNGS/Shape 3.png using Guid(35467197ae3794b4e8ff7af399951c62) Importer(2089858483,0ecaa5967403d082aa24f35e1b516d23) [PhysX] Initialized MultithreadedTaskDispatcher with 16 workers.
 -> (artifact id: 'b4f80ea018719951e1a432d24309e2e8') in 0.036716 seconds
Number of updated asset objects reloaded before import = 0
Number of asset objects unloaded after import = 3
========================================================================
Received Import Request.
  Time since last request: 0.000048 seconds.
  path: Assets/OriginalAssets/Honeti/PixelArtGUI/Textures/Icons/32/Snowflake.png
  artifactKey: Guid(d332dfa6e02b57748926d66e4851cd38) Importer(2089858483,0ecaa5967403d082aa24f35e1b516d23)
Start importing Assets/OriginalAssets/Honeti/PixelArtGUI/Textures/Icons/32/Snowflake.png using Guid(d332dfa6e02b57748926d66e4851cd38) Importer(2089858483,0ecaa5967403d082aa24f35e1b516d23) [PhysX] Initialized MultithreadedTaskDispatcher with 16 workers.
 -> (artifact id: '83ea1c4d8f2f0e881dd104b808de8cf0') in 0.034101 seconds
Number of updated asset objects reloaded before import = 0
Number of asset objects unloaded after import = 3
========================================================================
Received Import Request.
  Time since last request: 0.385237 seconds.
  path: Assets/OriginalAssets/HQ PIXEL UI/ASSETS/PNGS/MORE PNGS/round1.png
  artifactKey: Guid(d20f75b450287a943b5af674767c94f0) Importer(2089858483,0ecaa5967403d082aa24f35e1b516d23)
Start importing Assets/OriginalAssets/HQ PIXEL UI/ASSETS/PNGS/MORE PNGS/round1.png using Guid(d20f75b450287a943b5af674767c94f0) Importer(2089858483,0ecaa5967403d082aa24f35e1b516d23) [PhysX] Initialized MultithreadedTaskDispatcher with 16 workers.
 -> (artifact id: '9f38cadb7fb968d857d3bfcb6737b7f8') in 0.047037 seconds
Number of updated asset objects reloaded before import = 0
Number of asset objects unloaded after import = 3
========================================================================
Received Import Request.
  Time since last request: 0.014288 seconds.
  path: Assets/OriginalAssets/HQ PIXEL UI/ASSETS/PNGS/GamePlay/btn.png
  artifactKey: Guid(4692a20e5ed0e4c45a5099b93e184593) Importer(2089858483,0ecaa5967403d082aa24f35e1b516d23)
Start importing Assets/OriginalAssets/HQ PIXEL UI/ASSETS/PNGS/GamePlay/btn.png using Guid(4692a20e5ed0e4c45a5099b93e184593) Importer(2089858483,0ecaa5967403d082aa24f35e1b516d23) [PhysX] Initialized MultithreadedTaskDispatcher with 16 workers.
 -> (artifact id: 'efc51ad2d196707a1825b15350745ed4') in 0.077448 seconds
Number of updated asset objects reloaded before import = 0
Number of asset objects unloaded after import = 3
========================================================================
Received Import Request.
  Time since last request: 0.002006 seconds.
  path: Assets/OriginalAssets/Honeti/PixelArtGUI/Textures/Icons/16/Lock.png
  artifactKey: Guid(82b951711fecb8e4396e8daa79cf2273) Importer(2089858483,0ecaa5967403d082aa24f35e1b516d23)
Start importing Assets/OriginalAssets/Honeti/PixelArtGUI/Textures/Icons/16/Lock.png using Guid(82b951711fecb8e4396e8daa79cf2273) Importer(2089858483,0ecaa5967403d082aa24f35e1b516d23) [PhysX] Initialized MultithreadedTaskDispatcher with 16 workers.
 -> (artifact id: '9daf2fdd504a78b22763a48329f97ce5') in 0.067226 seconds
Number of updated asset objects reloaded before import = 0
Number of asset objects unloaded after import = 3
========================================================================
Received Import Request.
  Time since last request: 0.000410 seconds.
  path: Assets/OriginalAssets/HQ PIXEL UI/ASSETS/PNGS/SHOP Pngs/greenfill.png
  artifactKey: Guid(d1a7ee850bf4edf4f8d9a86edb49b7f6) Importer(2089858483,0ecaa5967403d082aa24f35e1b516d23)
Start importing Assets/OriginalAssets/HQ PIXEL UI/ASSETS/PNGS/SHOP Pngs/greenfill.png using Guid(d1a7ee850bf4edf4f8d9a86edb49b7f6) Importer(2089858483,0ecaa5967403d082aa24f35e1b516d23) [PhysX] Initialized MultithreadedTaskDispatcher with 16 workers.
 -> (artifact id: '97b5c4d041d737b96573c1d75de0e15d') in 0.040482 seconds
Number of updated asset objects reloaded before import = 0
Number of asset objects unloaded after import = 3
========================================================================
Received Import Request.
  Time since last request: 0.000032 seconds.
  path: Assets/OriginalAssets/HQ PIXEL UI/ASSETS/DEMO GRAPHICS/LEVELS/JUNGLE WORLD.png
  artifactKey: Guid(27cecd004fad2624aa46c674cc205529) Importer(2089858483,0ecaa5967403d082aa24f35e1b516d23)
Start importing Assets/OriginalAssets/HQ PIXEL UI/ASSETS/DEMO GRAPHICS/LEVELS/JUNGLE WORLD.png using Guid(27cecd004fad2624aa46c674cc205529) Importer(2089858483,0ecaa5967403d082aa24f35e1b516d23) [PhysX] Initialized MultithreadedTaskDispatcher with 16 workers.
 -> (artifact id: 'b63debd54ff4dc267e3e42c8805b3c5f') in 0.039067 seconds
Number of updated asset objects reloaded before import = 0
Number of asset objects unloaded after import = 3
========================================================================
Received Import Request.
  Time since last request: 0.000132 seconds.
  path: Assets/OriginalAssets/Honeti/PixelArtGUI/Textures/Icons/8/PauseGold.png
  artifactKey: Guid(1861b29e6e3c6e348b9c02122d04e033) Importer(2089858483,0ecaa5967403d082aa24f35e1b516d23)
Start importing Assets/OriginalAssets/Honeti/PixelArtGUI/Textures/Icons/8/PauseGold.png using Guid(1861b29e6e3c6e348b9c02122d04e033) Importer(2089858483,0ecaa5967403d082aa24f35e1b516d23) [PhysX] Initialized MultithreadedTaskDispatcher with 16 workers.
 -> (artifact id: '2d41fb2103cf845c98067cd4618b1001') in 0.037970 seconds
Number of updated asset objects reloaded before import = 0
Number of asset objects unloaded after import = 3
========================================================================
Received Import Request.
  Time since last request: 0.000031 seconds.
  path: Assets/OriginalAssets/Honeti/PixelArtGUI/Textures/Icons/8/WarningYellow.png
  artifactKey: Guid(9fdc3e65d23a7214c92888776490a619) Importer(2089858483,0ecaa5967403d082aa24f35e1b516d23)
Start importing Assets/OriginalAssets/Honeti/PixelArtGUI/Textures/Icons/8/WarningYellow.png using Guid(9fdc3e65d23a7214c92888776490a619) Importer(2089858483,0ecaa5967403d082aa24f35e1b516d23) [PhysX] Initialized MultithreadedTaskDispatcher with 16 workers.
 -> (artifact id: '730096f40315d7a54f03344d89098fbe') in 0.038456 seconds
Number of updated asset objects reloaded before import = 0
Number of asset objects unloaded after import = 3
========================================================================
Received Import Request.
  Time since last request: 0.000033 seconds.
  path: Assets/OriginalAssets/HQ PIXEL UI/ASSETS/PNGS/MORE PNGS/DialogHeader copy 4.png
  artifactKey: Guid(0943f477a7cef6448bf9a2d91f24fbe8) Importer(2089858483,0ecaa5967403d082aa24f35e1b516d23)
Start importing Assets/OriginalAssets/HQ PIXEL UI/ASSETS/PNGS/MORE PNGS/DialogHeader copy 4.png using Guid(0943f477a7cef6448bf9a2d91f24fbe8) Importer(2089858483,0ecaa5967403d082aa24f35e1b516d23) [PhysX] Initialized MultithreadedTaskDispatcher with 16 workers.
 -> (artifact id: '1ee6ec1fa3e56b23bc71cd69a7b1ac6d') in 0.040616 seconds
Number of updated asset objects reloaded before import = 0
Number of asset objects unloaded after import = 3
========================================================================
Received Import Request.
  Time since last request: 0.000030 seconds.
  path: Assets/OriginalAssets/Honeti/PixelArtGUI/Textures/Icons/32/PouchRedCoinsSilver.png
  artifactKey: Guid(2794e93cba8973c489cd80cb7a9ff5f5) Importer(2089858483,0ecaa5967403d082aa24f35e1b516d23)
Start importing Assets/OriginalAssets/Honeti/PixelArtGUI/Textures/Icons/32/PouchRedCoinsSilver.png using Guid(2794e93cba8973c489cd80cb7a9ff5f5) Importer(2089858483,0ecaa5967403d082aa24f35e1b516d23) [PhysX] Initialized MultithreadedTaskDispatcher with 16 workers.
 -> (artifact id: 'db1e0270374bfd5356deb3b8ba0f16cf') in 0.038776 seconds
Number of updated asset objects reloaded before import = 0
Number of asset objects unloaded after import = 3
========================================================================
Received Import Request.
  Time since last request: 0.000033 seconds.
  path: Assets/OriginalAssets/HQ PIXEL UI/ASSETS/DEMO GRAPHICS/LEVELS/Group 13-1.png
  artifactKey: Guid(e7a27d1cb3e8ac84dba18668df45ed59) Importer(2089858483,0ecaa5967403d082aa24f35e1b516d23)
Start importing Assets/OriginalAssets/HQ PIXEL UI/ASSETS/DEMO GRAPHICS/LEVELS/Group 13-1.png using Guid(e7a27d1cb3e8ac84dba18668df45ed59) Importer(2089858483,0ecaa5967403d082aa24f35e1b516d23) [PhysX] Initialized MultithreadedTaskDispatcher with 16 workers.
 -> (artifact id: 'c3ec49433fe2abaf5d8260b467121912') in 0.038554 seconds
Number of updated asset objects reloaded before import = 0
Number of asset objects unloaded after import = 3
========================================================================
Received Import Request.
  Time since last request: 0.000049 seconds.
  path: Assets/OriginalAssets/Honeti/PixelArtGUI/Textures/Icons/32/Arrow02Outlined.png
  artifactKey: Guid(1f708da589f2ebe4a9072d73fff731b9) Importer(2089858483,0ecaa5967403d082aa24f35e1b516d23)
Start importing Assets/OriginalAssets/Honeti/PixelArtGUI/Textures/Icons/32/Arrow02Outlined.png using Guid(1f708da589f2ebe4a9072d73fff731b9) Importer(2089858483,0ecaa5967403d082aa24f35e1b516d23) [PhysX] Initialized MultithreadedTaskDispatcher with 16 workers.
 -> (artifact id: 'd34738f769895326d2d51124b9e23459') in 0.039708 seconds
Number of updated asset objects reloaded before import = 0
Number of asset objects unloaded after import = 3
========================================================================
Received Import Request.
  Time since last request: 0.000033 seconds.
  path: Assets/OriginalAssets/Honeti/PixelArtGUI/Textures/Icons/32/Potion03Outlined.png
  artifactKey: Guid(0f34091a1dd7a17418e8de5ca93bd825) Importer(2089858483,0ecaa5967403d082aa24f35e1b516d23)
Start importing Assets/OriginalAssets/Honeti/PixelArtGUI/Textures/Icons/32/Potion03Outlined.png using Guid(0f34091a1dd7a17418e8de5ca93bd825) Importer(2089858483,0ecaa5967403d082aa24f35e1b516d23) [PhysX] Initialized MultithreadedTaskDispatcher with 16 workers.
 -> (artifact id: '64c3ce0cde80f92a75db8ce73b508a37') in 0.036566 seconds
Number of updated asset objects reloaded before import = 0
Number of asset objects unloaded after import = 3
========================================================================
Received Import Request.
  Time since last request: 0.000031 seconds.
  path: Assets/OriginalAssets/Honeti/PixelArtGUI/Textures/Icons/32/FlashGreenOutlined.png
  artifactKey: Guid(5a918e939e8c37c48a7a89bdb25506bb) Importer(2089858483,0ecaa5967403d082aa24f35e1b516d23)
Start importing Assets/OriginalAssets/Honeti/PixelArtGUI/Textures/Icons/32/FlashGreenOutlined.png using Guid(5a918e939e8c37c48a7a89bdb25506bb) Importer(2089858483,0ecaa5967403d082aa24f35e1b516d23) [PhysX] Initialized MultithreadedTaskDispatcher with 16 workers.
 -> (artifact id: 'dbb18cb8665544fe5500c73e1579e4ca') in 0.049139 seconds
Number of updated asset objects reloaded before import = 0
Number of asset objects unloaded after import = 3
========================================================================
Received Import Request.
  Time since last request: 0.000029 seconds.
  path: Assets/OriginalAssets/Honeti/PixelArtGUI/Prefabs/Panels/RadioButtonHolder.prefab
  artifactKey: Guid(c533dd6191d949f47ad11e835d09f666) Importer(2089858483,0ecaa5967403d082aa24f35e1b516d23)
Start importing Assets/OriginalAssets/Honeti/PixelArtGUI/Prefabs/Panels/RadioButtonHolder.prefab using Guid(c533dd6191d949f47ad11e835d09f666) Importer(2089858483,0ecaa5967403d082aa24f35e1b516d23) [PhysX] Initialized MultithreadedTaskDispatcher with 16 workers.
 -> (artifact id: 'c346db3e3a53b6eccfc52233d51dc7ce') in 0.047778 seconds
Number of updated asset objects reloaded before import = 0
Number of asset objects unloaded after import = 7
========================================================================
Received Import Request.
  Time since last request: 0.000460 seconds.
  path: Assets/Plugins/Demigiant/DOTween/Modules/DOTweenModulePhysics.cs
  artifactKey: Guid(dae9aa560b4242648a3affa2bfabc365) Importer(2089858483,0ecaa5967403d082aa24f35e1b516d23)
Start importing Assets/Plugins/Demigiant/DOTween/Modules/DOTweenModulePhysics.cs using Guid(dae9aa560b4242648a3affa2bfabc365) Importer(2089858483,0ecaa5967403d082aa24f35e1b516d23) [PhysX] Initialized MultithreadedTaskDispatcher with 16 workers.
 -> (artifact id: '0ee35bf3f4b67d29ef1104ca8704ee2d') in 0.026495 seconds
Number of updated asset objects reloaded before import = 0
Number of asset objects unloaded after import = 1
========================================================================
Received Import Request.
  Time since last request: 0.127742 seconds.
  path: Assets/OriginalAssets/Honeti/PixelArtGUI/Textures/Icons/8/DropGreen.png
  artifactKey: Guid(e2a3644ef5c3b0e4f8f22585fffe0deb) Importer(2089858483,0ecaa5967403d082aa24f35e1b516d23)
Start importing Assets/OriginalAssets/Honeti/PixelArtGUI/Textures/Icons/8/DropGreen.png using Guid(e2a3644ef5c3b0e4f8f22585fffe0deb) Importer(2089858483,0ecaa5967403d082aa24f35e1b516d23) [PhysX] Initialized MultithreadedTaskDispatcher with 16 workers.
 -> (artifact id: 'b0c5c3c6908f3aec82129137d48fb4cb') in 0.045151 seconds
Number of updated asset objects reloaded before import = 0
Number of asset objects unloaded after import = 3
========================================================================
Received Import Request.
  Time since last request: 0.001043 seconds.
  path: Assets/OriginalAssets/Honeti/PixelArtGUI/Textures/Icons/8/ArrowLeftGreenDark.png
  artifactKey: Guid(d657669eb17af0a41a8050caf7cc8256) Importer(2089858483,0ecaa5967403d082aa24f35e1b516d23)
Start importing Assets/OriginalAssets/Honeti/PixelArtGUI/Textures/Icons/8/ArrowLeftGreenDark.png using Guid(d657669eb17af0a41a8050caf7cc8256) Importer(2089858483,0ecaa5967403d082aa24f35e1b516d23) [PhysX] Initialized MultithreadedTaskDispatcher with 16 workers.
 -> (artifact id: 'f60ffcbc189b5b36b815e28940f574a4') in 0.045245 seconds
Number of updated asset objects reloaded before import = 0
Number of asset objects unloaded after import = 3
========================================================================
Received Import Request.
  Time since last request: 0.000045 seconds.
  path: Assets/OriginalAssets/HQ PIXEL UI/ASSETS/DEMO GRAPHICS/LEADERBOARD/MONTH.png
  artifactKey: Guid(ee286723213ae1d4083720b33ea3fa62) Importer(2089858483,0ecaa5967403d082aa24f35e1b516d23)
Start importing Assets/OriginalAssets/HQ PIXEL UI/ASSETS/DEMO GRAPHICS/LEADERBOARD/MONTH.png using Guid(ee286723213ae1d4083720b33ea3fa62) Importer(2089858483,0ecaa5967403d082aa24f35e1b516d23) [PhysX] Initialized MultithreadedTaskDispatcher with 16 workers.
 -> (artifact id: '0ad9278c906d0e353e4ac7d74374df28') in 0.040068 seconds
Number of updated asset objects reloaded before import = 0
Number of asset objects unloaded after import = 3
========================================================================
Received Import Request.
  Time since last request: 0.000259 seconds.
  path: Assets/OriginalAssets/Honeti/PixelArtGUI/Textures/Icons/32/Chest01ContentsGemsOutlined.png
  artifactKey: Guid(c651ffe1dddedf04bafee6d7b29097fe) Importer(2089858483,0ecaa5967403d082aa24f35e1b516d23)
Start importing Assets/OriginalAssets/Honeti/PixelArtGUI/Textures/Icons/32/Chest01ContentsGemsOutlined.png using Guid(c651ffe1dddedf04bafee6d7b29097fe) Importer(2089858483,0ecaa5967403d082aa24f35e1b516d23) [PhysX] Initialized MultithreadedTaskDispatcher with 16 workers.
 -> (artifact id: 'f9d4c4d10fc71b4d7fbab2eb7e9c6ab0') in 0.050184 seconds
Number of updated asset objects reloaded before import = 0
Number of asset objects unloaded after import = 3
========================================================================
Received Import Request.
  Time since last request: 0.000031 seconds.
  path: Assets/OriginalAssets/Honeti/PixelArtGUI/Textures/Panels/TitleBarSilver.png
  artifactKey: Guid(73c006212353af446a1d3043fcc39301) Importer(2089858483,0ecaa5967403d082aa24f35e1b516d23)
Start importing Assets/OriginalAssets/Honeti/PixelArtGUI/Textures/Panels/TitleBarSilver.png using Guid(73c006212353af446a1d3043fcc39301) Importer(2089858483,0ecaa5967403d082aa24f35e1b516d23) [PhysX] Initialized MultithreadedTaskDispatcher with 16 workers.
 -> (artifact id: 'a8b3e98884b2fc8ca94b89acd769677b') in 0.042043 seconds
Number of updated asset objects reloaded before import = 0
Number of asset objects unloaded after import = 3
========================================================================
Received Import Request.
  Time since last request: 0.000030 seconds.
  path: Assets/OriginalAssets/Honeti/PixelArtGUI/Textures/Icons/8/HomeGold.png
  artifactKey: Guid(47bbf45d06ef9324a9420addc2f0a946) Importer(2089858483,0ecaa5967403d082aa24f35e1b516d23)
Start importing Assets/OriginalAssets/Honeti/PixelArtGUI/Textures/Icons/8/HomeGold.png using Guid(47bbf45d06ef9324a9420addc2f0a946) Importer(2089858483,0ecaa5967403d082aa24f35e1b516d23) [PhysX] Initialized MultithreadedTaskDispatcher with 16 workers.
 -> (artifact id: '55d9d3cd50fcd39f72325aec7ba8dafa') in 0.033885 seconds
Number of updated asset objects reloaded before import = 0
Number of asset objects unloaded after import = 3
========================================================================
Received Import Request.
  Time since last request: 0.000048 seconds.
  path: Assets/OriginalAssets/HQ PIXEL UI/ASSETS/DEMO GRAPHICS/SHOP/WEAPONS.png
  artifactKey: Guid(4da8bc603284dee43b78e54efb08dda2) Importer(2089858483,0ecaa5967403d082aa24f35e1b516d23)
Start importing Assets/OriginalAssets/HQ PIXEL UI/ASSETS/DEMO GRAPHICS/SHOP/WEAPONS.png using Guid(4da8bc603284dee43b78e54efb08dda2) Importer(2089858483,0ecaa5967403d082aa24f35e1b516d23) [PhysX] Initialized MultithreadedTaskDispatcher with 16 workers.
 -> (artifact id: 'ab98f413cec3d8d0c9e7023ef7e33168') in 0.040670 seconds
Number of updated asset objects reloaded before import = 0
Number of asset objects unloaded after import = 3
========================================================================
Received Import Request.
  Time since last request: 0.000030 seconds.
  path: Assets/OriginalAssets/Honeti/PixelArtGUI/Textures/Icons/8/Plus.png
  artifactKey: Guid(6230ba0152bbfbb48af322281048619f) Importer(2089858483,0ecaa5967403d082aa24f35e1b516d23)
Start importing Assets/OriginalAssets/Honeti/PixelArtGUI/Textures/Icons/8/Plus.png using Guid(6230ba0152bbfbb48af322281048619f) Importer(2089858483,0ecaa5967403d082aa24f35e1b516d23) [PhysX] Initialized MultithreadedTaskDispatcher with 16 workers.
 -> (artifact id: '168f59563a24f25b59b244cae1070e4e') in 0.033707 seconds
Number of updated asset objects reloaded before import = 0
Number of asset objects unloaded after import = 3
========================================================================
Received Import Request.
  Time since last request: 0.000237 seconds.
  path: Assets/OriginalAssets/Honeti/PixelArtGUI/Prefabs/Texts/Text (TMP)BodySmallShadow.prefab
  artifactKey: Guid(19ab5b639432e1340a28d8c91cc73720) Importer(2089858483,0ecaa5967403d082aa24f35e1b516d23)
Start importing Assets/OriginalAssets/Honeti/PixelArtGUI/Prefabs/Texts/Text (TMP)BodySmallShadow.prefab using Guid(19ab5b639432e1340a28d8c91cc73720) Importer(2089858483,0ecaa5967403d082aa24f35e1b516d23) [PhysX] Initialized MultithreadedTaskDispatcher with 16 workers.
 -> (artifact id: 'afbade7afb0150ebb9f1c47b752360b7') in 0.189976 seconds
Number of updated asset objects reloaded before import = 0
Number of asset objects unloaded after import = 11
========================================================================
Received Import Request.
  Time since last request: 0.000034 seconds.
  path: Assets/OriginalAssets/Honeti/PixelArtGUI/Prefabs/Panels/SingleCurrencyBox.prefab
  artifactKey: Guid(2df28e69efb36ef4d8cc92d54e69a0cf) Importer(2089858483,0ecaa5967403d082aa24f35e1b516d23)
Start importing Assets/OriginalAssets/Honeti/PixelArtGUI/Prefabs/Panels/SingleCurrencyBox.prefab using Guid(2df28e69efb36ef4d8cc92d54e69a0cf) Importer(2089858483,0ecaa5967403d082aa24f35e1b516d23) [PhysX] Initialized MultithreadedTaskDispatcher with 16 workers.
 -> (artifact id: '0a66d0eb832d8c54cc896d48434d25eb') in 0.113976 seconds
Number of updated asset objects reloaded before import = 0
Number of asset objects unloaded after import = 54
========================================================================
Received Import Request.
  Time since last request: 0.128342 seconds.
  path: Assets/OriginalAssets/Honeti/PixelArtGUI/Textures/Panels/Separator.png
  artifactKey: Guid(6905ee83a67947e4cb1e8e775a2e9794) Importer(2089858483,0ecaa5967403d082aa24f35e1b516d23)
Start importing Assets/OriginalAssets/Honeti/PixelArtGUI/Textures/Panels/Separator.png using Guid(6905ee83a67947e4cb1e8e775a2e9794) Importer(2089858483,0ecaa5967403d082aa24f35e1b516d23) [PhysX] Initialized MultithreadedTaskDispatcher with 16 workers.
 -> (artifact id: '0eaffd1801283d42b0cbd5324e78d269') in 0.040441 seconds
Number of updated asset objects reloaded before import = 0
Number of asset objects unloaded after import = 3
========================================================================
Received Import Request.
  Time since last request: 0.000028 seconds.
  path: Assets/OriginalAssets/Honeti/PixelArtGUI/Textures/Icons/8/UserGreen.png
  artifactKey: Guid(13f333ec1b4f9d746979c8af82a20c2a) Importer(2089858483,0ecaa5967403d082aa24f35e1b516d23)
Start importing Assets/OriginalAssets/Honeti/PixelArtGUI/Textures/Icons/8/UserGreen.png using Guid(13f333ec1b4f9d746979c8af82a20c2a) Importer(2089858483,0ecaa5967403d082aa24f35e1b516d23) [PhysX] Initialized MultithreadedTaskDispatcher with 16 workers.
 -> (artifact id: 'd2d5ce3b55ddc6e14ed30176bc6b8398') in 0.038697 seconds
Number of updated asset objects reloaded before import = 0
Number of asset objects unloaded after import = 3
========================================================================
Received Import Request.
  Time since last request: 0.000036 seconds.
  path: Assets/OriginalAssets/Honeti/PixelArtGUI/Textures/Panels/CornersSilver.png
  artifactKey: Guid(4f607a5c4dfcf314d89be25c28ecd7a8) Importer(2089858483,0ecaa5967403d082aa24f35e1b516d23)
Start importing Assets/OriginalAssets/Honeti/PixelArtGUI/Textures/Panels/CornersSilver.png using Guid(4f607a5c4dfcf314d89be25c28ecd7a8) Importer(2089858483,0ecaa5967403d082aa24f35e1b516d23) [PhysX] Initialized MultithreadedTaskDispatcher with 16 workers.
 -> (artifact id: 'e1d5c04e6044f7b8efe202fe3095707e') in 0.072369 seconds
Number of updated asset objects reloaded before import = 0
Number of asset objects unloaded after import = 3
========================================================================
Received Import Request.
  Time since last request: 0.000063 seconds.
  path: Assets/OriginalAssets/Honeti/PixelArtGUI/Prefabs/Buttons/ShopItemCurrency.prefab
  artifactKey: Guid(aa0e58a013419d04a90016a45819051c) Importer(2089858483,0ecaa5967403d082aa24f35e1b516d23)
Start importing Assets/OriginalAssets/Honeti/PixelArtGUI/Prefabs/Buttons/ShopItemCurrency.prefab using Guid(aa0e58a013419d04a90016a45819051c) Importer(2089858483,0ecaa5967403d082aa24f35e1b516d23) [PhysX] Initialized MultithreadedTaskDispatcher with 16 workers.
 -> (artifact id: '569d99dbde9ca6719c0294750a77b798') in 0.245200 seconds
Number of updated asset objects reloaded before import = 0
Number of asset objects unloaded after import = 70
========================================================================
Received Import Request.
  Time since last request: 0.000038 seconds.
  path: Assets/OriginalAssets/Honeti/PixelArtGUI/Textures/Icons/8/Mars.png
  artifactKey: Guid(9f74c75fe2815a34fbc3b9649ab907e6) Importer(2089858483,0ecaa5967403d082aa24f35e1b516d23)
Start importing Assets/OriginalAssets/Honeti/PixelArtGUI/Textures/Icons/8/Mars.png using Guid(9f74c75fe2815a34fbc3b9649ab907e6) Importer(2089858483,0ecaa5967403d082aa24f35e1b516d23) [PhysX] Initialized MultithreadedTaskDispatcher with 16 workers.
 -> (artifact id: 'e4960a37a889aa510a20054be78d02d0') in 0.036132 seconds
Number of updated asset objects reloaded before import = 0
Number of asset objects unloaded after import = 3
========================================================================
Received Import Request.
  Time since last request: 0.000045 seconds.
  path: Assets/OriginalAssets/Honeti/PixelArtGUI/Prefabs/Texts/Text (TMP)Display2.prefab
  artifactKey: Guid(95903999cf2973446a19a45e946a499c) Importer(2089858483,0ecaa5967403d082aa24f35e1b516d23)
Start importing Assets/OriginalAssets/Honeti/PixelArtGUI/Prefabs/Texts/Text (TMP)Display2.prefab using Guid(95903999cf2973446a19a45e946a499c) Importer(2089858483,0ecaa5967403d082aa24f35e1b516d23) [PhysX] Initialized MultithreadedTaskDispatcher with 16 workers.
 -> (artifact id: 'd44e61109c8c80244c73005d82857ec5') in 0.118813 seconds
Number of updated asset objects reloaded before import = 0
Number of asset objects unloaded after import = 11
========================================================================
Received Import Request.
  Time since last request: 0.000032 seconds.
  path: Assets/OriginalAssets/Honeti/PixelArtGUI/Textures/Icons/8/BasketGold.png
  artifactKey: Guid(62d7fc3607bea454689f16ec82ee408c) Importer(2089858483,0ecaa5967403d082aa24f35e1b516d23)
Start importing Assets/OriginalAssets/Honeti/PixelArtGUI/Textures/Icons/8/BasketGold.png using Guid(62d7fc3607bea454689f16ec82ee408c) Importer(2089858483,0ecaa5967403d082aa24f35e1b516d23) [PhysX] Initialized MultithreadedTaskDispatcher with 16 workers.
 -> (artifact id: 'ba5bd924ee9a94826097f22da46a6120') in 0.036157 seconds
Number of updated asset objects reloaded before import = 0
Number of asset objects unloaded after import = 3
========================================================================
Received Import Request.
  Time since last request: 0.000027 seconds.
  path: Assets/OriginalAssets/Honeti/PixelArtGUI/Textures/Icons/32/Ring02.png
  artifactKey: Guid(fb39f3c6104c39b479ba6583356b40b9) Importer(2089858483,0ecaa5967403d082aa24f35e1b516d23)
Start importing Assets/OriginalAssets/Honeti/PixelArtGUI/Textures/Icons/32/Ring02.png using Guid(fb39f3c6104c39b479ba6583356b40b9) Importer(2089858483,0ecaa5967403d082aa24f35e1b516d23) [PhysX] Initialized MultithreadedTaskDispatcher with 16 workers.
 -> (artifact id: '289e3d4b074a349f4c63a52c19a288a9') in 0.034813 seconds
Number of updated asset objects reloaded before import = 0
Number of asset objects unloaded after import = 3
========================================================================
Received Import Request.
  Time since last request: 0.000036 seconds.
  path: Assets/OriginalAssets/HQ PIXEL UI/ASSETS/PNGS/SHOP Pngs/DialogHeader copy.png
  artifactKey: Guid(536b4549202de964e91b65375d7bb49c) Importer(2089858483,0ecaa5967403d082aa24f35e1b516d23)
Start importing Assets/OriginalAssets/HQ PIXEL UI/ASSETS/PNGS/SHOP Pngs/DialogHeader copy.png using Guid(536b4549202de964e91b65375d7bb49c) Importer(2089858483,0ecaa5967403d082aa24f35e1b516d23) [PhysX] Initialized MultithreadedTaskDispatcher with 16 workers.
 -> (artifact id: '8ccb228b5a1697db5e67dd9fb417d225') in 0.037643 seconds
Number of updated asset objects reloaded before import = 0
Number of asset objects unloaded after import = 3
========================================================================
Received Import Request.
  Time since last request: 0.000049 seconds.
  path: Assets/OriginalAssets/Honeti/PixelArtGUI/Textures/Panels/GradientLeft.png
  artifactKey: Guid(b45a8a0cd05f2b94eba7d35ef407e933) Importer(2089858483,0ecaa5967403d082aa24f35e1b516d23)
Start importing Assets/OriginalAssets/Honeti/PixelArtGUI/Textures/Panels/GradientLeft.png using Guid(b45a8a0cd05f2b94eba7d35ef407e933) Importer(2089858483,0ecaa5967403d082aa24f35e1b516d23) [PhysX] Initialized MultithreadedTaskDispatcher with 16 workers.
 -> (artifact id: '9ef3333d7cb44657235707d24ff10ce5') in 0.044403 seconds
Number of updated asset objects reloaded before import = 0
Number of asset objects unloaded after import = 3
========================================================================
Received Import Request.
  Time since last request: 0.000031 seconds.
  path: Assets/OriginalAssets/HQ PIXEL UI/ASSETS/DEMO GRAPHICS/SETTINGS/Shape 9 copy.png
  artifactKey: Guid(c980127e206b45a4da4cd9517a06de29) Importer(2089858483,0ecaa5967403d082aa24f35e1b516d23)
Start importing Assets/OriginalAssets/HQ PIXEL UI/ASSETS/DEMO GRAPHICS/SETTINGS/Shape 9 copy.png using Guid(c980127e206b45a4da4cd9517a06de29) Importer(2089858483,0ecaa5967403d082aa24f35e1b516d23) [PhysX] Initialized MultithreadedTaskDispatcher with 16 workers.
 -> (artifact id: '99e9593ad0a568976c91365d418018a8') in 0.037710 seconds
Number of updated asset objects reloaded before import = 0
Number of asset objects unloaded after import = 3
========================================================================
Received Import Request.
  Time since last request: 0.000080 seconds.
  path: Assets/OriginalAssets/HQ PIXEL UI/ASSETS/DEMO GRAPHICS/GAMEPLAY/Button-3.png
  artifactKey: Guid(cfefd9128e0e5624b9c79b3f5c0b413b) Importer(2089858483,0ecaa5967403d082aa24f35e1b516d23)
Start importing Assets/OriginalAssets/HQ PIXEL UI/ASSETS/DEMO GRAPHICS/GAMEPLAY/Button-3.png using Guid(cfefd9128e0e5624b9c79b3f5c0b413b) Importer(2089858483,0ecaa5967403d082aa24f35e1b516d23) [PhysX] Initialized MultithreadedTaskDispatcher with 16 workers.
 -> (artifact id: '14eb875776d0128b35f37580ffa104c1') in 0.036392 seconds
Number of updated asset objects reloaded before import = 0
Number of asset objects unloaded after import = 3
========================================================================
Received Import Request.
  Time since last request: 0.000031 seconds.
  path: Assets/OriginalAssets/Honeti/PixelArtGUI/Textures/Icons/16/Swords.png
  artifactKey: Guid(b9893542c4ca39142adbea414167aada) Importer(2089858483,0ecaa5967403d082aa24f35e1b516d23)
Start importing Assets/OriginalAssets/Honeti/PixelArtGUI/Textures/Icons/16/Swords.png using Guid(b9893542c4ca39142adbea414167aada) Importer(2089858483,0ecaa5967403d082aa24f35e1b516d23) [PhysX] Initialized MultithreadedTaskDispatcher with 16 workers.
 -> (artifact id: 'df3b284e767ec79aaf7a9018bed852df') in 0.038782 seconds
Number of updated asset objects reloaded before import = 0
Number of asset objects unloaded after import = 3
========================================================================
Received Import Request.
  Time since last request: 0.000034 seconds.
  path: Assets/OriginalAssets/HQ PIXEL UI/ASSETS/PNGS/Settings PNGs/Shape 9.png
  artifactKey: Guid(c3ed2f5c0a3fc294296363350e8b995a) Importer(2089858483,0ecaa5967403d082aa24f35e1b516d23)
Start importing Assets/OriginalAssets/HQ PIXEL UI/ASSETS/PNGS/Settings PNGs/Shape 9.png using Guid(c3ed2f5c0a3fc294296363350e8b995a) Importer(2089858483,0ecaa5967403d082aa24f35e1b516d23) [PhysX] Initialized MultithreadedTaskDispatcher with 16 workers.
 -> (artifact id: 'a5913b1cc8fcef74c697747548b8bd4a') in 0.035782 seconds
Number of updated asset objects reloaded before import = 0
Number of asset objects unloaded after import = 3
========================================================================
Received Import Request.
  Time since last request: 0.000049 seconds.
  path: Assets/OriginalAssets/Honeti/PixelArtGUI/Textures/Icons/8/WarningGreen.png
  artifactKey: Guid(bacfc99254c3ae84c924754a117a6291) Importer(2089858483,0ecaa5967403d082aa24f35e1b516d23)
Start importing Assets/OriginalAssets/Honeti/PixelArtGUI/Textures/Icons/8/WarningGreen.png using Guid(bacfc99254c3ae84c924754a117a6291) Importer(2089858483,0ecaa5967403d082aa24f35e1b516d23) [PhysX] Initialized MultithreadedTaskDispatcher with 16 workers.
 -> (artifact id: '226c26cf951d7dc086b65e1bf7ce2348') in 0.038821 seconds
Number of updated asset objects reloaded before import = 0
Number of asset objects unloaded after import = 3
========================================================================
Received Import Request.
  Time since last request: 0.000033 seconds.
  path: Assets/OriginalAssets/Honeti/PixelArtGUI/Textures/Icons/8/CheckSmall.png
  artifactKey: Guid(2f97fd70594f0d44f842bdc7bf79e3ba) Importer(2089858483,0ecaa5967403d082aa24f35e1b516d23)
Start importing Assets/OriginalAssets/Honeti/PixelArtGUI/Textures/Icons/8/CheckSmall.png using Guid(2f97fd70594f0d44f842bdc7bf79e3ba) Importer(2089858483,0ecaa5967403d082aa24f35e1b516d23) [PhysX] Initialized MultithreadedTaskDispatcher with 16 workers.
 -> (artifact id: '04a4eb21ee7f3c6e1de9894eeb8fe6e1') in 0.037596 seconds
Number of updated asset objects reloaded before import = 0
Number of asset objects unloaded after import = 3
========================================================================
Received Import Request.
  Time since last request: 0.000033 seconds.
  path: Assets/OriginalAssets/Honeti/PixelArtGUI/Textures/Icons/32/Chest01OpenOutlined.png
  artifactKey: Guid(b4f1c0a0e5e9c2f4b95a141d9fc5354a) Importer(2089858483,0ecaa5967403d082aa24f35e1b516d23)
Start importing Assets/OriginalAssets/Honeti/PixelArtGUI/Textures/Icons/32/Chest01OpenOutlined.png using Guid(b4f1c0a0e5e9c2f4b95a141d9fc5354a) Importer(2089858483,0ecaa5967403d082aa24f35e1b516d23) [PhysX] Initialized MultithreadedTaskDispatcher with 16 workers.
 -> (artifact id: '8e2df1fd451198794a488c0a436b0b5e') in 0.049271 seconds
Number of updated asset objects reloaded before import = 0
Number of asset objects unloaded after import = 3
========================================================================
Received Import Request.
  Time since last request: 0.000042 seconds.
  path: Assets/OriginalAssets/Honeti/PixelArtGUI/Textures/Icons/32/Arrow02.png
  artifactKey: Guid(710cc377d2a6a9a46b7ff9ed0352dd12) Importer(2089858483,0ecaa5967403d082aa24f35e1b516d23)
Start importing Assets/OriginalAssets/Honeti/PixelArtGUI/Textures/Icons/32/Arrow02.png using Guid(710cc377d2a6a9a46b7ff9ed0352dd12) Importer(2089858483,0ecaa5967403d082aa24f35e1b516d23) [PhysX] Initialized MultithreadedTaskDispatcher with 16 workers.
 -> (artifact id: '7573ce56ae3b07945e1eff50cde98a10') in 0.038678 seconds
Number of updated asset objects reloaded before import = 0
Number of asset objects unloaded after import = 3
========================================================================
Received Import Request.
  Time since last request: 0.000035 seconds.
  path: Assets/OriginalAssets/Honeti/PixelArtGUI/Textures/Icons/32/Helmet01Outlined.png
  artifactKey: Guid(93f1ba051d8d29f4ba26b8befd959033) Importer(2089858483,0ecaa5967403d082aa24f35e1b516d23)
Start importing Assets/OriginalAssets/Honeti/PixelArtGUI/Textures/Icons/32/Helmet01Outlined.png using Guid(93f1ba051d8d29f4ba26b8befd959033) Importer(2089858483,0ecaa5967403d082aa24f35e1b516d23) [PhysX] Initialized MultithreadedTaskDispatcher with 16 workers.
 -> (artifact id: '3b3e965b894bee2822b7c7b34dfc1fd7') in 0.036593 seconds
Number of updated asset objects reloaded before import = 0
Number of asset objects unloaded after import = 3
========================================================================
Received Import Request.
  Time since last request: 0.000047 seconds.
  path: Assets/OriginalAssets/Honeti/PixelArtGUI/Textures/Icons/8/ArrowSmallDownGreen.png
  artifactKey: Guid(98a4e050b2f6f024eb3ec1c0da808a16) Importer(2089858483,0ecaa5967403d082aa24f35e1b516d23)
Start importing Assets/OriginalAssets/Honeti/PixelArtGUI/Textures/Icons/8/ArrowSmallDownGreen.png using Guid(98a4e050b2f6f024eb3ec1c0da808a16) Importer(2089858483,0ecaa5967403d082aa24f35e1b516d23) [PhysX] Initialized MultithreadedTaskDispatcher with 16 workers.
 -> (artifact id: '18a7b4d9b7ac751d878b64075ae28d4f') in 0.041733 seconds
Number of updated asset objects reloaded before import = 0
Number of asset objects unloaded after import = 3
========================================================================
Received Import Request.
  Time since last request: 0.000091 seconds.
  path: Assets/OriginalAssets/HQ PIXEL UI/ASSETS/DEMO GRAPHICS/LEADERBOARD/Shape 32.png
  artifactKey: Guid(ae5fea9044c151a449abedcff17ea45a) Importer(2089858483,0ecaa5967403d082aa24f35e1b516d23)
Start importing Assets/OriginalAssets/HQ PIXEL UI/ASSETS/DEMO GRAPHICS/LEADERBOARD/Shape 32.png using Guid(ae5fea9044c151a449abedcff17ea45a) Importer(2089858483,0ecaa5967403d082aa24f35e1b516d23) [PhysX] Initialized MultithreadedTaskDispatcher with 16 workers.
 -> (artifact id: 'da5064c60d2f0478111c375b577e057e') in 0.042445 seconds
Number of updated asset objects reloaded before import = 0
Number of asset objects unloaded after import = 3
========================================================================
Received Import Request.
  Time since last request: 0.000037 seconds.
  path: Assets/OriginalAssets/Honeti/PixelArtGUI/Textures/Icons/8/ArrowUpGold.png
  artifactKey: Guid(ebe5669e0974e554f8c6239a6b23bc12) Importer(2089858483,0ecaa5967403d082aa24f35e1b516d23)
Start importing Assets/OriginalAssets/Honeti/PixelArtGUI/Textures/Icons/8/ArrowUpGold.png using Guid(ebe5669e0974e554f8c6239a6b23bc12) Importer(2089858483,0ecaa5967403d082aa24f35e1b516d23) [PhysX] Initialized MultithreadedTaskDispatcher with 16 workers.
 -> (artifact id: '10d32c63d84913f2d4d3c257f67d4116') in 0.038783 seconds
Number of updated asset objects reloaded before import = 0
Number of asset objects unloaded after import = 3
========================================================================
Received Import Request.
  Time since last request: 0.001439 seconds.
  path: Assets/OriginalAssets/Honeti/PixelArtGUI/Textures/Icons/8/CheckSmallGold.png
  artifactKey: Guid(47ac91b9a10d59d44acc63d25903b6da) Importer(2089858483,0ecaa5967403d082aa24f35e1b516d23)
Start importing Assets/OriginalAssets/Honeti/PixelArtGUI/Textures/Icons/8/CheckSmallGold.png using Guid(47ac91b9a10d59d44acc63d25903b6da) Importer(2089858483,0ecaa5967403d082aa24f35e1b516d23) [PhysX] Initialized MultithreadedTaskDispatcher with 16 workers.
 -> (artifact id: 'dd2081d4e91acebecaa18012da8faa88') in 0.044580 seconds
Number of updated asset objects reloaded before import = 0
Number of asset objects unloaded after import = 3
========================================================================
Received Import Request.
  Time since last request: 0.000036 seconds.
  path: Assets/OriginalAssets/Honeti/PixelArtGUI/Textures/Icons/32/PouchGreen.png
  artifactKey: Guid(c32320a8cea9dfd49baea48da5f076ab) Importer(2089858483,0ecaa5967403d082aa24f35e1b516d23)
Start importing Assets/OriginalAssets/Honeti/PixelArtGUI/Textures/Icons/32/PouchGreen.png using Guid(c32320a8cea9dfd49baea48da5f076ab) Importer(2089858483,0ecaa5967403d082aa24f35e1b516d23) [PhysX] Initialized MultithreadedTaskDispatcher with 16 workers.
 -> (artifact id: '60a04a40c923b4e51e1f5cfaf07f393f') in 0.036227 seconds
Number of updated asset objects reloaded before import = 0
Number of asset objects unloaded after import = 3
========================================================================
Received Import Request.
  Time since last request: 0.000578 seconds.
  path: Assets/OriginalAssets/Honeti/PixelArtGUI/Textures/Icons/8/Flash.png
  artifactKey: Guid(389e54c6dce1efb47a46e28f4abb816a) Importer(2089858483,0ecaa5967403d082aa24f35e1b516d23)
Start importing Assets/OriginalAssets/Honeti/PixelArtGUI/Textures/Icons/8/Flash.png using Guid(389e54c6dce1efb47a46e28f4abb816a) Importer(2089858483,0ecaa5967403d082aa24f35e1b516d23) [PhysX] Initialized MultithreadedTaskDispatcher with 16 workers.
 -> (artifact id: 'bf2fefde4379e3b46de029a895760b23') in 0.038905 seconds
Number of updated asset objects reloaded before import = 0
Number of asset objects unloaded after import = 3
========================================================================
Received Import Request.
  Time since last request: 0.000037 seconds.
  path: Assets/OriginalAssets/Honeti/PixelArtGUI/Textures/Icons/32/GemLong02Outlined.png
  artifactKey: Guid(79404db3c05521e42bd54df31dbc98fc) Importer(2089858483,0ecaa5967403d082aa24f35e1b516d23)
Start importing Assets/OriginalAssets/Honeti/PixelArtGUI/Textures/Icons/32/GemLong02Outlined.png using Guid(79404db3c05521e42bd54df31dbc98fc) Importer(2089858483,0ecaa5967403d082aa24f35e1b516d23) [PhysX] Initialized MultithreadedTaskDispatcher with 16 workers.
 -> (artifact id: '6b398934eb6eea351e8b992d34c99810') in 0.054395 seconds
Number of updated asset objects reloaded before import = 0
Number of asset objects unloaded after import = 3
========================================================================
Received Import Request.
  Time since last request: 0.000593 seconds.
  path: Assets/OriginalAssets/HQ PIXEL UI/ASSETS/DEMO GRAPHICS/LEADERBOARD/WEEK.png
  artifactKey: Guid(a7926dc9f8cc0eb419c6689014629ffa) Importer(2089858483,0ecaa5967403d082aa24f35e1b516d23)
Start importing Assets/OriginalAssets/HQ PIXEL UI/ASSETS/DEMO GRAPHICS/LEADERBOARD/WEEK.png using Guid(a7926dc9f8cc0eb419c6689014629ffa) Importer(2089858483,0ecaa5967403d082aa24f35e1b516d23) [PhysX] Initialized MultithreadedTaskDispatcher with 16 workers.
 -> (artifact id: '8a3f381151afa8b9ed86ec3b3d8303bd') in 0.036673 seconds
Number of updated asset objects reloaded before import = 0
Number of asset objects unloaded after import = 3
========================================================================
Received Import Request.
  Time since last request: 0.000029 seconds.
  path: Assets/OriginalAssets/HQ PIXEL UI/ASSETS/DEMO GRAPHICS/SHOP/POWER UPS.png
  artifactKey: Guid(b498bcbaae438ce4fa52ce31ad7b2673) Importer(2089858483,0ecaa5967403d082aa24f35e1b516d23)
Start importing Assets/OriginalAssets/HQ PIXEL UI/ASSETS/DEMO GRAPHICS/SHOP/POWER UPS.png using Guid(b498bcbaae438ce4fa52ce31ad7b2673) Importer(2089858483,0ecaa5967403d082aa24f35e1b516d23) [PhysX] Initialized MultithreadedTaskDispatcher with 16 workers.
 -> (artifact id: 'bc80536def68e0c3b75fa56c7dfbf482') in 0.041948 seconds
Number of updated asset objects reloaded before import = 0
Number of asset objects unloaded after import = 3
========================================================================
Received Import Request.
  Time since last request: 0.000028 seconds.
  path: Assets/OriginalAssets/HQ PIXEL UI/ASSETS/PNGS/LeaderBoard PNGS/DialogHeader.png
  artifactKey: Guid(77eb67ab33791284eb4ff0a0bfdb2738) Importer(2089858483,0ecaa5967403d082aa24f35e1b516d23)
Start importing Assets/OriginalAssets/HQ PIXEL UI/ASSETS/PNGS/LeaderBoard PNGS/DialogHeader.png using Guid(77eb67ab33791284eb4ff0a0bfdb2738) Importer(2089858483,0ecaa5967403d082aa24f35e1b516d23) [PhysX] Initialized MultithreadedTaskDispatcher with 16 workers.
 -> (artifact id: '52089c025c9fbcb3015fe4de716cd86a') in 0.044295 seconds
Number of updated asset objects reloaded before import = 0
Number of asset objects unloaded after import = 3
========================================================================
Received Import Request.
  Time since last request: 0.000503 seconds.
  path: Assets/OriginalAssets/HQ PIXEL UI/ASSETS/PNGS/GamePlay/Group 6.png
  artifactKey: Guid(19e3e8589bb36514c87a3d572d7147f3) Importer(2089858483,0ecaa5967403d082aa24f35e1b516d23)
Start importing Assets/OriginalAssets/HQ PIXEL UI/ASSETS/PNGS/GamePlay/Group 6.png using Guid(19e3e8589bb36514c87a3d572d7147f3) Importer(2089858483,0ecaa5967403d082aa24f35e1b516d23) [PhysX] Initialized MultithreadedTaskDispatcher with 16 workers.
 -> (artifact id: '9ad50dabd4a1d1b2071344256875295e') in 0.036357 seconds
Number of updated asset objects reloaded before import = 0
Number of asset objects unloaded after import = 3
========================================================================
Received Import Request.
  Time since last request: 0.000034 seconds.
  path: Assets/OriginalAssets/Honeti/PixelArtGUI/Textures/Icons/32/Chest01Outlined.png
  artifactKey: Guid(c63f875e980ac814ea9040291818fbc2) Importer(2089858483,0ecaa5967403d082aa24f35e1b516d23)
Start importing Assets/OriginalAssets/Honeti/PixelArtGUI/Textures/Icons/32/Chest01Outlined.png using Guid(c63f875e980ac814ea9040291818fbc2) Importer(2089858483,0ecaa5967403d082aa24f35e1b516d23) [PhysX] Initialized MultithreadedTaskDispatcher with 16 workers.
 -> (artifact id: '42235654cda3f03ad580fc1aaadae160') in 0.040939 seconds
Number of updated asset objects reloaded before import = 0
Number of asset objects unloaded after import = 3
========================================================================
Received Import Request.
  Time since last request: 0.000031 seconds.
  path: Assets/OriginalAssets/Honeti/PixelArtGUI/Textures/Icons/16/Heart.png
  artifactKey: Guid(6fdfea67b11132149bd5c761ff13395c) Importer(2089858483,0ecaa5967403d082aa24f35e1b516d23)
Start importing Assets/OriginalAssets/Honeti/PixelArtGUI/Textures/Icons/16/Heart.png using Guid(6fdfea67b11132149bd5c761ff13395c) Importer(2089858483,0ecaa5967403d082aa24f35e1b516d23) [PhysX] Initialized MultithreadedTaskDispatcher with 16 workers.
 -> (artifact id: 'fa826d834b75180e01ec6f55a5d6a35c') in 0.061785 seconds
Number of updated asset objects reloaded before import = 0
Number of asset objects unloaded after import = 3
========================================================================
Received Import Request.
  Time since last request: 0.000034 seconds.
  path: Assets/OriginalAssets/Honeti/PixelArtGUI/Textures/Icons/16/Search.png
  artifactKey: Guid(f3357847c92934a46aed31ad8f4b5427) Importer(2089858483,0ecaa5967403d082aa24f35e1b516d23)
Start importing Assets/OriginalAssets/Honeti/PixelArtGUI/Textures/Icons/16/Search.png using Guid(f3357847c92934a46aed31ad8f4b5427) Importer(2089858483,0ecaa5967403d082aa24f35e1b516d23) [PhysX] Initialized MultithreadedTaskDispatcher with 16 workers.
 -> (artifact id: '0c708f21ec22440764d77bcf6fd8824e') in 0.033714 seconds
Number of updated asset objects reloaded before import = 0
Number of asset objects unloaded after import = 3
========================================================================
Received Import Request.
  Time since last request: 0.000030 seconds.
  path: Assets/04_Sources/Images/Unit/Player/Jump/character_jump_down6.png
  artifactKey: Guid(1a727d6b5dee90143b404ce9ce40e67c) Importer(2089858483,0ecaa5967403d082aa24f35e1b516d23)
Start importing Assets/04_Sources/Images/Unit/Player/Jump/character_jump_down6.png using Guid(1a727d6b5dee90143b404ce9ce40e67c) Importer(2089858483,0ecaa5967403d082aa24f35e1b516d23) [PhysX] Initialized MultithreadedTaskDispatcher with 16 workers.
 -> (artifact id: 'b6b460944267b56c82a6baf31c1186ca') in 0.035504 seconds
Number of updated asset objects reloaded before import = 0
Number of asset objects unloaded after import = 3
========================================================================
Received Import Request.
  Time since last request: 0.000049 seconds.
  path: Assets/OriginalAssets/HQ PIXEL UI/ASSETS/DEMO GRAPHICS/LEVELS/Group 13 copy.png
  artifactKey: Guid(66f908569a798fd46b8e4acc8bfbeb42) Importer(2089858483,0ecaa5967403d082aa24f35e1b516d23)
Start importing Assets/OriginalAssets/HQ PIXEL UI/ASSETS/DEMO GRAPHICS/LEVELS/Group 13 copy.png using Guid(66f908569a798fd46b8e4acc8bfbeb42) Importer(2089858483,0ecaa5967403d082aa24f35e1b516d23) [PhysX] Initialized MultithreadedTaskDispatcher with 16 workers.
 -> (artifact id: 'babefaff0b672753a179169d50e6cae8') in 0.042175 seconds
Number of updated asset objects reloaded before import = 0
Number of asset objects unloaded after import = 3
========================================================================
Received Import Request.
  Time since last request: 0.000034 seconds.
  path: Assets/OriginalAssets/HQ PIXEL UI/ASSETS/PNGS/LeaderBoard PNGS/profileIcon.png
  artifactKey: Guid(e319f3091d788794db6f6cc3b4e2b2f0) Importer(2089858483,0ecaa5967403d082aa24f35e1b516d23)
Start importing Assets/OriginalAssets/HQ PIXEL UI/ASSETS/PNGS/LeaderBoard PNGS/profileIcon.png using Guid(e319f3091d788794db6f6cc3b4e2b2f0) Importer(2089858483,0ecaa5967403d082aa24f35e1b516d23) [PhysX] Initialized MultithreadedTaskDispatcher with 16 workers.
 -> (artifact id: 'c98df4933a7bf3d6ca860a2268780685') in 0.036447 seconds
Number of updated asset objects reloaded before import = 0
Number of asset objects unloaded after import = 3
========================================================================
Received Import Request.
  Time since last request: 0.000031 seconds.
  path: Assets/OriginalAssets/Honeti/PixelArtGUI/Textures/Icons/32/TimerOutlined.png
  artifactKey: Guid(923dae30200cdf94898ae667acda41e4) Importer(2089858483,0ecaa5967403d082aa24f35e1b516d23)
Start importing Assets/OriginalAssets/Honeti/PixelArtGUI/Textures/Icons/32/TimerOutlined.png using Guid(923dae30200cdf94898ae667acda41e4) Importer(2089858483,0ecaa5967403d082aa24f35e1b516d23) [PhysX] Initialized MultithreadedTaskDispatcher with 16 workers.
 -> (artifact id: 'd700b1efc6af6af87aec6f20cdf5ae5f') in 0.053213 seconds
Number of updated asset objects reloaded before import = 0
Number of asset objects unloaded after import = 3
========================================================================
Received Import Request.
  Time since last request: 0.000032 seconds.
  path: Assets/OriginalAssets/Honeti/PixelArtGUI/Textures/Icons/8/CupGold.png
  artifactKey: Guid(274aaf3a48d1f1046be3e6d31a533f25) Importer(2089858483,0ecaa5967403d082aa24f35e1b516d23)
Start importing Assets/OriginalAssets/Honeti/PixelArtGUI/Textures/Icons/8/CupGold.png using Guid(274aaf3a48d1f1046be3e6d31a533f25) Importer(2089858483,0ecaa5967403d082aa24f35e1b516d23) [PhysX] Initialized MultithreadedTaskDispatcher with 16 workers.
 -> (artifact id: 'ddb5be8a85e379fce857d663ca785cbf') in 0.033471 seconds
Number of updated asset objects reloaded before import = 0
Number of asset objects unloaded after import = 3
========================================================================
Received Import Request.
  Time since last request: 0.000035 seconds.
  path: Assets/OriginalAssets/HQ PIXEL UI/ASSETS/DEMO GRAPHICS/GAMEPLAY/Group 8.png
  artifactKey: Guid(2f38ae6efec507244870fc771bb0100f) Importer(2089858483,0ecaa5967403d082aa24f35e1b516d23)
Start importing Assets/OriginalAssets/HQ PIXEL UI/ASSETS/DEMO GRAPHICS/GAMEPLAY/Group 8.png using Guid(2f38ae6efec507244870fc771bb0100f) Importer(2089858483,0ecaa5967403d082aa24f35e1b516d23) [PhysX] Initialized MultithreadedTaskDispatcher with 16 workers.
 -> (artifact id: 'a1f39f864f01833b1ebe99f32497263c') in 0.036154 seconds
Number of updated asset objects reloaded before import = 0
Number of asset objects unloaded after import = 3
========================================================================
Received Prepare
Refreshing native plugins compatible for Editor in 26.35 ms, found 4 plugins.
Preloading 0 native plugins for Editor in 0.00 ms.
Unloading 5 Unused Serialized files (Serialized files now loaded: 0)
Unloading 11 unused Assets / (305.1 KB). Loaded Objects now: 6653.
Memory consumption went from 114.6 MB to 114.3 MB.
Total: 10.457700 ms (FindLiveObjects: 0.986200 ms CreateObjectMapping: 0.464100 ms MarkObjects: 8.006600 ms  DeleteObjects: 0.998800 ms)

Prepare: number of updated asset objects reloaded= 0
AssetImportParameters requested are different than current active one (requested -> active):
  custom:scripting/monoscript/fileName/HoverAnimation.cs: 581febbb1e68f4788cd51dd85aa88cb6 -> ef410ed820288a313603e32572567da5
  custom:scripting/monoscript/fileName/CanvasGroupAnimation.cs: cdaec9a17bfd778b819a125d601c5d9d -> cbaf14739d5deaab4553eb96d7ddecc9
  custom:scripting/monoscript/fileName/SoundOnEnable.cs: beecccf5ab1fd96022e8049ee71d3861 -> 7dd58ad747558a9d44febd80f8f1d8e9
  custom:container-demuxer-ogg: 62fdf1f143b41e24485cea50d1cbac27 -> 
  custom:video-decoder-ogg-theora: a1e56fd34408186e4bbccfd4996cb3dc -> 
  custom:framework-win-MediaFoundation: 216162199b28c13a410421893ffa2e32 -> 
  custom:CustomObjectIndexerAttribute: 72b91833f83ae208fae7752999fa3104 -> 
  custom:scripting/monoscript/fileName/FillImageAnim.cs: 50801aa7403c3ec32721e768deec309d -> 7f04afd3250785bac95f7c5bb5a2d804
  custom:container-demuxer-webm: 4f35f7cbe854078d1ac9338744f61a02 -> 
  custom:scripting/monoscript/fileName/Loading.cs: d2687a4c35153b9773113b6ec963b206 -> 6632fd05ada41f7fd7027e3a3b6ecb2e
  custom:container-muxer-webm: aa71ff27fc2769a1b78a27578f13a17b -> 
  custom:scripting/monoscript/fileName/PositionLerpAnimation.cs: f62459ba8bee62e81b21106ff49fe4b5 -> 8c2f9c48c62788da138cf220220a568c
  custom:video-decoder-webm-vp8: 9c59270c3fd7afecdb556c50c9e8de78 -> 
  custom:SearchIndexIgnoredProperties: e643bd26f0fe6173181afceb89e7c659 -> 
  custom:AudioImporter_EditorPlatform: d09bf68614088b80899f8185d706f6e7 -> 
  custom:scripting/monoscript/fileName/RotationAnimation.cs: 2fc995a0516e1501ca9e2bd62e95f331 -> 8fdc50408351796c5b85aea97b99c803
  custom:video-encoder-webm-vp8: eb34c28f22e8b96e1ab97ce403110664 -> 
  custom:scripting/monoscript/fileName/ButtonSound.cs: 942698d3fe8d4ed02fd790819d4d63da -> d73cf73b297d33e10c74b31e39dd7781
  custom:audio-decoder-ogg-vorbis: bf7c407c2cedff20999df2af8eb42d56 -> 
  custom:scripting/monoscript/fileName/MenuManager.cs: 3f04bb71b87e8d48c868e5edc84da13e -> 0ca54484a69b9b213a814a2cd7fae118
  custom:scripting/monoscript/fileName/MySounder.cs: 28bb195a1d7647727eeb6557e1d114d8 -> 60319f4b1d97baa5a77685e8f8b14fc4
  custom:audio-encoder-webm-vorbis: bf7c407c2cedff20999df2af8eb42d56 -> 
Editor requested this worker to shutdown with reason: Scaling down because of idle timeout
TcpMessagingSession - receive error: operation aborted. errorcode: 995, details:        I/O  .
AssetImportWorker is now disconnected from the server
Process exiting
Exiting without the bug reporter. Application will terminate with return code 0