Using pre-set license
Built from '2022.3/staging' branch; Version is '2022.3.34f1 (4886f5360533) revision 4753141'; Using compiler version '192829333'; Build Type 'Release'
OS: 'Windows 10  (10.0.19045) 64bit Education' Language: 'ko' Physical Memory: 15610 MB
BatchMode: 1, IsHumanControllingUs: 0, StartBugReporterOnCrash: 0, Is64bit: 1, IsPro: 1

COMMAND LINE ARGUMENTS:
C:\Program Files\Unity\Hub\Editor\2022.3.34f1\Editor\Unity.exe
-adb2
-batchMode
-noUpm
-name
AssetImportWorker29
-projectPath
C:/Users/Park Sejin/Documents/GitHub/NexonJam
-logFile
Logs/AssetImportWorker29.log
-srvPort
60545
Successfully changed project path to: C:/Users/Park Sejin/Documents/GitHub/NexonJam
C:/Users/Park Sejin/Documents/GitHub/NexonJam
[UnityMemory] Configuration Parameters - Can be set up in boot.config
    "memorysetup-bucket-allocator-granularity=16"
    "memorysetup-bucket-allocator-bucket-count=8"
    "memorysetup-bucket-allocator-block-size=33554432"
    "memorysetup-bucket-allocator-block-count=8"
    "memorysetup-main-allocator-block-size=16777216"
    "memorysetup-thread-allocator-block-size=16777216"
    "memorysetup-gfx-main-allocator-block-size=16777216"
    "memorysetup-gfx-thread-allocator-block-size=16777216"
    "memorysetup-cache-allocator-block-size=4194304"
    "memorysetup-typetree-allocator-block-size=2097152"
    "memorysetup-profiler-bucket-allocator-granularity=16"
    "memorysetup-profiler-bucket-allocator-bucket-count=8"
    "memorysetup-profiler-bucket-allocator-block-size=33554432"
    "memorysetup-profiler-bucket-allocator-block-count=8"
    "memorysetup-profiler-allocator-block-size=16777216"
    "memorysetup-profiler-editor-allocator-block-size=1048576"
    "memorysetup-temp-allocator-size-main=16777216"
    "memorysetup-job-temp-allocator-block-size=2097152"
    "memorysetup-job-temp-allocator-block-size-background=1048576"
    "memorysetup-job-temp-allocator-reduction-small-platforms=262144"
    "memorysetup-allocator-temp-initial-block-size-main=262144"
    "memorysetup-allocator-temp-initial-block-size-worker=262144"
    "memorysetup-temp-allocator-size-background-worker=32768"
    "memorysetup-temp-allocator-size-job-worker=262144"
    "memorysetup-temp-allocator-size-preload-manager=33554432"
    "memorysetup-temp-allocator-size-nav-mesh-worker=65536"
    "memorysetup-temp-allocator-size-audio-worker=65536"
    "memorysetup-temp-allocator-size-cloud-worker=32768"
    "memorysetup-temp-allocator-size-gi-baking-worker=262144"
    "memorysetup-temp-allocator-size-gfx=262144"
Player connection [32292] Host "[IP] 10.16.8.250 [Port] 0 [Flags] 2 [Guid] 4257924748 [EditorId] 4257924748 [Version] 1048832 [Id] WindowsEditor(7,DESKTOP-JFARQV6) [Debug] 1 [PackageName] WindowsEditor [ProjectName] Editor" joined multi-casting on [225.0.0.222:54997]...

Player connection [32292] Host "[IP] 10.16.8.250 [Port] 0 [Flags] 2 [Guid] 4257924748 [EditorId] 4257924748 [Version] 1048832 [Id] WindowsEditor(7,DESKTOP-JFARQV6) [Debug] 1 [PackageName] WindowsEditor [ProjectName] Editor" joined alternative multi-casting on [225.0.0.222:34997]...

[PhysX] Initialized MultithreadedTaskDispatcher with 16 workers.
Refreshing native plugins compatible for Editor in 44.77 ms, found 4 plugins.
Preloading 0 native plugins for Editor in 0.00 ms.
Initialize engine version: 2022.3.34f1 (4886f5360533)
[Subsystems] Discovering subsystems at path C:/Program Files/Unity/Hub/Editor/2022.3.34f1/Editor/Data/Resources/UnitySubsystems
[Subsystems] Discovering subsystems at path C:/Users/Park Sejin/Documents/GitHub/NexonJam/Assets
GfxDevice: creating device client; threaded=0; jobified=0
Direct3D:
    Version:  Direct3D 11.0 [level 11.1]
    Renderer: NVIDIA GeForce RTX 4050 Laptop GPU (ID=0x28e1)
    Vendor:   NVIDIA
    VRAM:     5936 MB
    Driver:   31.0.15.4680
Initialize mono
Mono path[0] = 'C:/Program Files/Unity/Hub/Editor/2022.3.34f1/Editor/Data/Managed'
Mono path[1] = 'C:/Program Files/Unity/Hub/Editor/2022.3.34f1/Editor/Data/MonoBleedingEdge/lib/mono/unityjit-win32'
Mono config path = 'C:/Program Files/Unity/Hub/Editor/2022.3.34f1/Editor/Data/MonoBleedingEdge/etc'
Using monoOptions --debugger-agent=transport=dt_socket,embedding=1,server=y,suspend=n,address=127.0.0.1:56960
Begin MonoManager ReloadAssembly
Registering precompiled unity dll's ...
Register platform support module: C:/Program Files/Unity/Hub/Editor/2022.3.34f1/Editor/Data/PlaybackEngines/WindowsStandaloneSupport/UnityEditor.WindowsStandalone.Extensions.dll
Registered in 0.027398 seconds.
- Loaded All Assemblies, in  0.616 seconds
Native extension for WindowsStandalone target not found
Mono: successfully reloaded assembly
- Finished resetting the current domain, in  0.414 seconds
Domain Reload Profiling: 1024ms
	BeginReloadAssembly (233ms)
		ExecutionOrderSort (0ms)
		DisableScriptedObjects (0ms)
		BackupInstance (0ms)
		ReleaseScriptingObjects (0ms)
		CreateAndSetChildDomain (1ms)
	RebuildCommonClasses (80ms)
	RebuildNativeTypeToScriptingClass (13ms)
	initialDomainReloadingComplete (114ms)
	LoadAllAssembliesAndSetupDomain (169ms)
		LoadAssemblies (228ms)
		RebuildTransferFunctionScriptingTraits (0ms)
		AnalyzeDomain (166ms)
			TypeCache.Refresh (164ms)
				TypeCache.ScanAssembly (148ms)
			ScanForSourceGeneratedMonoScriptInfo (1ms)
			ResolveRequiredComponents (1ms)
	FinalizeReload (415ms)
		ReleaseScriptCaches (0ms)
		RebuildScriptCaches (0ms)
		SetupLoadedEditorAssemblies (333ms)
			LogAssemblyErrors (0ms)
			InitializePlatformSupportModulesInManaged (18ms)
			SetLoadedEditorAssemblies (10ms)
			RefreshPlugins (0ms)
			BeforeProcessingInitializeOnLoad (3ms)
			ProcessInitializeOnLoadAttributes (217ms)
			ProcessInitializeOnLoadMethodAttributes (85ms)
			AfterProcessingInitializeOnLoad (0ms)
			EditorAssembliesLoaded (0ms)
		ExecutionOrderSort2 (0ms)
		AwakeInstancesAfterBackupRestoration (0ms)
========================================================================
Worker process is ready to serve import requests
Begin MonoManager ReloadAssembly
- Loaded All Assemblies, in  1.009 seconds
Refreshing native plugins compatible for Editor in 12.83 ms, found 4 plugins.
Native extension for WindowsStandalone target not found
Package Manager log level set to [2]
[Package Manager] Server::EnsureServerProcessIsRunning -- launch failed, reason: Unity was launched with the -noUpm command-line argument
[Package Manager] UpmClient::Send -- Unable to send message (not connected to UPM process).
[Package Manager] Cannot connect to Unity Package Manager local server
Mono: successfully reloaded assembly
- Finished resetting the current domain, in  0.846 seconds
Domain Reload Profiling: 1846ms
	BeginReloadAssembly (187ms)
		ExecutionOrderSort (0ms)
		DisableScriptedObjects (5ms)
		BackupInstance (0ms)
		ReleaseScriptingObjects (0ms)
		CreateAndSetChildDomain (22ms)
	RebuildCommonClasses (45ms)
	RebuildNativeTypeToScriptingClass (9ms)
	initialDomainReloadingComplete (59ms)
	LoadAllAssembliesAndSetupDomain (699ms)
		LoadAssemblies (561ms)
		RebuildTransferFunctionScriptingTraits (0ms)
		AnalyzeDomain (261ms)
			TypeCache.Refresh (222ms)
				TypeCache.ScanAssembly (204ms)
			ScanForSourceGeneratedMonoScriptInfo (26ms)
			ResolveRequiredComponents (11ms)
	FinalizeReload (846ms)
		ReleaseScriptCaches (0ms)
		RebuildScriptCaches (0ms)
		SetupLoadedEditorAssemblies (660ms)
			LogAssemblyErrors (0ms)
			InitializePlatformSupportModulesInManaged (10ms)
			SetLoadedEditorAssemblies (5ms)
			RefreshPlugins (0ms)
			BeforeProcessingInitializeOnLoad (107ms)
			ProcessInitializeOnLoadAttributes (419ms)
			ProcessInitializeOnLoadMethodAttributes (99ms)
			AfterProcessingInitializeOnLoad (19ms)
			EditorAssembliesLoaded (0ms)
		ExecutionOrderSort2 (0ms)
		AwakeInstancesAfterBackupRestoration (19ms)
Launched and connected shader compiler UnityShaderCompiler.exe after 0.06 seconds
Refreshing native plugins compatible for Editor in 13.81 ms, found 4 plugins.
Preloading 0 native plugins for Editor in 0.00 ms.
Unloading 6198 Unused Serialized files (Serialized files now loaded: 0)
Unloading 100 unused Assets / (353.4 KB). Loaded Objects now: 6657.
Memory consumption went from 237.6 MB to 237.3 MB.
Total: 4.113600 ms (FindLiveObjects: 0.463400 ms CreateObjectMapping: 0.226900 ms MarkObjects: 3.143300 ms  DeleteObjects: 0.278900 ms)

AssetImportParameters requested are different than current active one (requested -> active):
  custom:scripting/monoscript/fileName/HoverAnimation.cs: 581febbb1e68f4788cd51dd85aa88cb6 -> ef410ed820288a313603e32572567da5
  custom:scripting/monoscript/fileName/CanvasGroupAnimation.cs: cdaec9a17bfd778b819a125d601c5d9d -> cbaf14739d5deaab4553eb96d7ddecc9
  custom:scripting/monoscript/fileName/SoundOnEnable.cs: beecccf5ab1fd96022e8049ee71d3861 -> 7dd58ad747558a9d44febd80f8f1d8e9
  custom:container-demuxer-ogg: 62fdf1f143b41e24485cea50d1cbac27 -> 
  custom:video-decoder-ogg-theora: a1e56fd34408186e4bbccfd4996cb3dc -> 
  custom:framework-win-MediaFoundation: 216162199b28c13a410421893ffa2e32 -> 
  custom:CustomObjectIndexerAttribute: 72b91833f83ae208fae7752999fa3104 -> 
  custom:scripting/monoscript/fileName/FillImageAnim.cs: 50801aa7403c3ec32721e768deec309d -> 7f04afd3250785bac95f7c5bb5a2d804
  custom:container-demuxer-webm: 4f35f7cbe854078d1ac9338744f61a02 -> 
  custom:scripting/monoscript/fileName/Loading.cs: d2687a4c35153b9773113b6ec963b206 -> 6632fd05ada41f7fd7027e3a3b6ecb2e
  custom:container-muxer-webm: aa71ff27fc2769a1b78a27578f13a17b -> 
  custom:scripting/monoscript/fileName/PositionLerpAnimation.cs: f62459ba8bee62e81b21106ff49fe4b5 -> 8c2f9c48c62788da138cf220220a568c
  custom:video-decoder-webm-vp8: 9c59270c3fd7afecdb556c50c9e8de78 -> 
  custom:SearchIndexIgnoredProperties: e643bd26f0fe6173181afceb89e7c659 -> 
  custom:AudioImporter_EditorPlatform: d09bf68614088b80899f8185d706f6e7 -> 
  custom:scripting/monoscript/fileName/RotationAnimation.cs: 2fc995a0516e1501ca9e2bd62e95f331 -> 8fdc50408351796c5b85aea97b99c803
  custom:video-encoder-webm-vp8: eb34c28f22e8b96e1ab97ce403110664 -> 
  custom:scripting/monoscript/fileName/ButtonSound.cs: 942698d3fe8d4ed02fd790819d4d63da -> d73cf73b297d33e10c74b31e39dd7781
  custom:audio-decoder-ogg-vorbis: bf7c407c2cedff20999df2af8eb42d56 -> 
  custom:scripting/monoscript/fileName/MenuManager.cs: 3f04bb71b87e8d48c868e5edc84da13e -> 0ca54484a69b9b213a814a2cd7fae118
  custom:scripting/monoscript/fileName/MySounder.cs: 28bb195a1d7647727eeb6557e1d114d8 -> 60319f4b1d97baa5a77685e8f8b14fc4
  custom:audio-encoder-webm-vorbis: bf7c407c2cedff20999df2af8eb42d56 -> 
========================================================================
Received Import Request.
  Time since last request: 63736.071332 seconds.
  path: Assets/HQ PIXEL UI/ASSETS/DEMO GRAPHICS/lOADING/FILL.png
  artifactKey: Guid(42e410c177c1df94aa4f8e04cef205f7) Importer(815301076,1909f56bfc062723c751e8b465ee728b)
Start importing Assets/HQ PIXEL UI/ASSETS/DEMO GRAPHICS/lOADING/FILL.png using Guid(42e410c177c1df94aa4f8e04cef205f7) Importer(815301076,1909f56bfc062723c751e8b465ee728b) [PhysX] Initialized MultithreadedTaskDispatcher with 16 workers.
[PhysX] Initialized MultithreadedTaskDispatcher with 16 workers.
 -> (artifact id: '298617c10d9a0e2ca8b0aa4ee7b6b6df') in 0.156595 seconds
Number of updated asset objects reloaded before import = 0
Number of asset objects unloaded after import = 3
========================================================================
Received Import Request.
  Time since last request: 1.258554 seconds.
  path: Assets/HQ PIXEL UI/ASSETS/DEMO GRAPHICS/MAIN MENU/Dialog.png
  artifactKey: Guid(1d904372000b3154fb41a000d74a55a0) Importer(815301076,1909f56bfc062723c751e8b465ee728b)
Start importing Assets/HQ PIXEL UI/ASSETS/DEMO GRAPHICS/MAIN MENU/Dialog.png using Guid(1d904372000b3154fb41a000d74a55a0) Importer(815301076,1909f56bfc062723c751e8b465ee728b) [PhysX] Initialized MultithreadedTaskDispatcher with 16 workers.
[PhysX] Initialized MultithreadedTaskDispatcher with 16 workers.
 -> (artifact id: '373e0690dd313a4dad9bc076f31a18aa') in 0.045475 seconds
Number of updated asset objects reloaded before import = 0
Number of asset objects unloaded after import = 3
========================================================================
Received Import Request.
  Time since last request: 0.000026 seconds.
  path: Assets/HQ PIXEL UI/ASSETS/DEMO GRAPHICS/MAIN MENU/SMALL BTNS-1.png
  artifactKey: Guid(41a87bbb1e7158e49ae76664070ebce0) Importer(815301076,1909f56bfc062723c751e8b465ee728b)
Start importing Assets/HQ PIXEL UI/ASSETS/DEMO GRAPHICS/MAIN MENU/SMALL BTNS-1.png using Guid(41a87bbb1e7158e49ae76664070ebce0) Importer(815301076,1909f56bfc062723c751e8b465ee728b) [PhysX] Initialized MultithreadedTaskDispatcher with 16 workers.
[PhysX] Initialized MultithreadedTaskDispatcher with 16 workers.
 -> (artifact id: '8ac41168b1f697f751338edf01a740c7') in 0.028837 seconds
Number of updated asset objects reloaded before import = 0
Number of asset objects unloaded after import = 3
========================================================================
Received Import Request.
  Time since last request: 0.000024 seconds.
  path: Assets/HQ PIXEL UI/ASSETS/DEMO GRAPHICS/MAIN MENU/top orange.png
  artifactKey: Guid(2ceac2606e7ec90429cb7c4b0fec2b91) Importer(815301076,1909f56bfc062723c751e8b465ee728b)
Start importing Assets/HQ PIXEL UI/ASSETS/DEMO GRAPHICS/MAIN MENU/top orange.png using Guid(2ceac2606e7ec90429cb7c4b0fec2b91) Importer(815301076,1909f56bfc062723c751e8b465ee728b) [PhysX] Initialized MultithreadedTaskDispatcher with 16 workers.
[PhysX] Initialized MultithreadedTaskDispatcher with 16 workers.
 -> (artifact id: 'ce7b88d7ce4e84a834b244f999e120b9') in 0.026972 seconds
Number of updated asset objects reloaded before import = 0
Number of asset objects unloaded after import = 3
========================================================================
Received Import Request.
  Time since last request: 0.837153 seconds.
  path: Assets/HQ PIXEL UI/ASSETS/DEMO GRAPHICS/SETTINGS/33%.png
  artifactKey: Guid(21b82e3b7d271404192d4e0e1572c61c) Importer(815301076,1909f56bfc062723c751e8b465ee728b)
Start importing Assets/HQ PIXEL UI/ASSETS/DEMO GRAPHICS/SETTINGS/33%.png using Guid(21b82e3b7d271404192d4e0e1572c61c) Importer(815301076,1909f56bfc062723c751e8b465ee728b) [PhysX] Initialized MultithreadedTaskDispatcher with 16 workers.
[PhysX] Initialized MultithreadedTaskDispatcher with 16 workers.
 -> (artifact id: '239889af5015401132abc8e0a8099a9c') in 0.041485 seconds
Number of updated asset objects reloaded before import = 0
Number of asset objects unloaded after import = 3
========================================================================
Received Import Request.
  Time since last request: 0.000026 seconds.
  path: Assets/HQ PIXEL UI/ASSETS/DEMO GRAPHICS/SETTINGS/ram-avtar-jungle copy 2.png
  artifactKey: Guid(7ecd5e3ab73957c47afa6b05db4a2310) Importer(815301076,1909f56bfc062723c751e8b465ee728b)
Start importing Assets/HQ PIXEL UI/ASSETS/DEMO GRAPHICS/SETTINGS/ram-avtar-jungle copy 2.png using Guid(7ecd5e3ab73957c47afa6b05db4a2310) Importer(815301076,1909f56bfc062723c751e8b465ee728b) [PhysX] Initialized MultithreadedTaskDispatcher with 16 workers.
[PhysX] Initialized MultithreadedTaskDispatcher with 16 workers.
 -> (artifact id: '20ee36bd26345579a314d013bf09ee29') in 0.054354 seconds
Number of updated asset objects reloaded before import = 0
Number of asset objects unloaded after import = 3
========================================================================
Received Import Request.
  Time since last request: 0.000022 seconds.
  path: Assets/HQ PIXEL UI/ASSETS/DEMO GRAPHICS/SETTINGS/Shape ORAcopy.png
  artifactKey: Guid(b1402f78645adf644ac8b82a25481d1e) Importer(815301076,1909f56bfc062723c751e8b465ee728b)
Start importing Assets/HQ PIXEL UI/ASSETS/DEMO GRAPHICS/SETTINGS/Shape ORAcopy.png using Guid(b1402f78645adf644ac8b82a25481d1e) Importer(815301076,1909f56bfc062723c751e8b465ee728b) [PhysX] Initialized MultithreadedTaskDispatcher with 16 workers.
[PhysX] Initialized MultithreadedTaskDispatcher with 16 workers.
 -> (artifact id: '9dda89d4a5d74a93a17d3eb7ba12ea7b') in 0.022450 seconds
Number of updated asset objects reloaded before import = 0
Number of asset objects unloaded after import = 3
========================================================================
Received Import Request.
  Time since last request: 0.000031 seconds.
  path: Assets/HQ PIXEL UI/ASSETS/DEMO GRAPHICS/SETTINGS/MusicIcon.png
  artifactKey: Guid(c14fb853dae5849408e873d23390c299) Importer(815301076,1909f56bfc062723c751e8b465ee728b)
Start importing Assets/HQ PIXEL UI/ASSETS/DEMO GRAPHICS/SETTINGS/MusicIcon.png using Guid(c14fb853dae5849408e873d23390c299) Importer(815301076,1909f56bfc062723c751e8b465ee728b) [PhysX] Initialized MultithreadedTaskDispatcher with 16 workers.
[PhysX] Initialized MultithreadedTaskDispatcher with 16 workers.
 -> (artifact id: '0e0599469239d2e58925aeb293235fa6') in 0.022693 seconds
Number of updated asset objects reloaded before import = 0
Number of asset objects unloaded after import = 3
========================================================================
Received Import Request.
  Time since last request: 0.000031 seconds.
  path: Assets/HQ PIXEL UI/ASSETS/DEMO GRAPHICS/SETTINGS/VOLUME.png
  artifactKey: Guid(ddc4f19d9d5df0648aa760dd94112034) Importer(815301076,1909f56bfc062723c751e8b465ee728b)
Start importing Assets/HQ PIXEL UI/ASSETS/DEMO GRAPHICS/SETTINGS/VOLUME.png using Guid(ddc4f19d9d5df0648aa760dd94112034) Importer(815301076,1909f56bfc062723c751e8b465ee728b) [PhysX] Initialized MultithreadedTaskDispatcher with 16 workers.
[PhysX] Initialized MultithreadedTaskDispatcher with 16 workers.
 -> (artifact id: 'ee38fe8ff58f652cc9b9e13bffda2067') in 0.023986 seconds
Number of updated asset objects reloaded before import = 0
Number of asset objects unloaded after import = 3
========================================================================
Received Import Request.
  Time since last request: 2.384797 seconds.
  path: Assets/HQ PIXEL UI/ASSETS/DEMO GRAPHICS/SHOP/COSTUME.png
  artifactKey: Guid(a1c91336aad09bd4c80d1b8205ea7d69) Importer(815301076,1909f56bfc062723c751e8b465ee728b)
Start importing Assets/HQ PIXEL UI/ASSETS/DEMO GRAPHICS/SHOP/COSTUME.png using Guid(a1c91336aad09bd4c80d1b8205ea7d69) Importer(815301076,1909f56bfc062723c751e8b465ee728b) [PhysX] Initialized MultithreadedTaskDispatcher with 16 workers.
[PhysX] Initialized MultithreadedTaskDispatcher with 16 workers.
 -> (artifact id: '115d8ff4684341a09dad03ed01d12a56') in 0.026281 seconds
Number of updated asset objects reloaded before import = 0
Number of asset objects unloaded after import = 3
========================================================================
Received Import Request.
  Time since last request: 0.000025 seconds.
  path: Assets/HQ PIXEL UI/ASSETS/DEMO GRAPHICS/SHOP/POWER UPS.png
  artifactKey: Guid(b498bcbaae438ce4fa52ce31ad7b2673) Importer(815301076,1909f56bfc062723c751e8b465ee728b)
Start importing Assets/HQ PIXEL UI/ASSETS/DEMO GRAPHICS/SHOP/POWER UPS.png using Guid(b498bcbaae438ce4fa52ce31ad7b2673) Importer(815301076,1909f56bfc062723c751e8b465ee728b) [PhysX] Initialized MultithreadedTaskDispatcher with 16 workers.
[PhysX] Initialized MultithreadedTaskDispatcher with 16 workers.
 -> (artifact id: '9432edd3d8ca1250dbe749bb2710224c') in 0.024307 seconds
Number of updated asset objects reloaded before import = 0
Number of asset objects unloaded after import = 3
========================================================================
Received Import Request.
  Time since last request: 0.000027 seconds.
  path: Assets/HQ PIXEL UI/ASSETS/DEMO GRAPHICS/SHOP/Group 11.png
  artifactKey: Guid(98365e9362ce3e04da567eeb85175ec7) Importer(815301076,1909f56bfc062723c751e8b465ee728b)
Start importing Assets/HQ PIXEL UI/ASSETS/DEMO GRAPHICS/SHOP/Group 11.png using Guid(98365e9362ce3e04da567eeb85175ec7) Importer(815301076,1909f56bfc062723c751e8b465ee728b) [PhysX] Initialized MultithreadedTaskDispatcher with 16 workers.
[PhysX] Initialized MultithreadedTaskDispatcher with 16 workers.
 -> (artifact id: '2541b3a387f823012a36ef674dc6e9fa') in 0.023079 seconds
Number of updated asset objects reloaded before import = 0
Number of asset objects unloaded after import = 3
========================================================================
Received Import Request.
  Time since last request: 1.023141 seconds.
  path: Assets/HQ PIXEL UI/ASSETS/DEMO GRAPHICS/SPLASH/Layer 10.png
  artifactKey: Guid(2115ba86db7f5014db78c16b6f8bc56d) Importer(815301076,1909f56bfc062723c751e8b465ee728b)
Start importing Assets/HQ PIXEL UI/ASSETS/DEMO GRAPHICS/SPLASH/Layer 10.png using Guid(2115ba86db7f5014db78c16b6f8bc56d) Importer(815301076,1909f56bfc062723c751e8b465ee728b) [PhysX] Initialized MultithreadedTaskDispatcher with 16 workers.
[PhysX] Initialized MultithreadedTaskDispatcher with 16 workers.
 -> (artifact id: 'f5566dfab6ea3a49bcb76e12964a42de') in 0.031081 seconds
Number of updated asset objects reloaded before import = 0
Number of asset objects unloaded after import = 3
========================================================================
Received Import Request.
  Time since last request: 3.454334 seconds.
  path: Assets/Honeti/PixelArtGUI/Textures/Icons/8/ArrowDown.png
  artifactKey: Guid(2d8f07d1deb749f4abe9bad1a5656ab4) Importer(815301076,1909f56bfc062723c751e8b465ee728b)
Start importing Assets/Honeti/PixelArtGUI/Textures/Icons/8/ArrowDown.png using Guid(2d8f07d1deb749f4abe9bad1a5656ab4) Importer(815301076,1909f56bfc062723c751e8b465ee728b) [PhysX] Initialized MultithreadedTaskDispatcher with 16 workers.
[PhysX] Initialized MultithreadedTaskDispatcher with 16 workers.
 -> (artifact id: '14a9feb82bc1a0ac6a58bf01b59e4d65') in 0.023640 seconds
Number of updated asset objects reloaded before import = 0
Number of asset objects unloaded after import = 3
========================================================================
Received Import Request.
  Time since last request: 0.000028 seconds.
  path: Assets/Honeti/PixelArtGUI/Textures/Icons/8/ArrowLeft.png
  artifactKey: Guid(75956f45c5bee4c48ad57322178154bf) Importer(815301076,1909f56bfc062723c751e8b465ee728b)
Start importing Assets/Honeti/PixelArtGUI/Textures/Icons/8/ArrowLeft.png using Guid(75956f45c5bee4c48ad57322178154bf) Importer(815301076,1909f56bfc062723c751e8b465ee728b) [PhysX] Initialized MultithreadedTaskDispatcher with 16 workers.
[PhysX] Initialized MultithreadedTaskDispatcher with 16 workers.
 -> (artifact id: '6dcd1bea0b84549cf3b73f67f642a205') in 0.021472 seconds
Number of updated asset objects reloaded before import = 0
Number of asset objects unloaded after import = 3
========================================================================
Received Import Request.
  Time since last request: 6.945994 seconds.
  path: Assets/Honeti/PixelArtGUI/Textures/Icons/8/Heart.png
  artifactKey: Guid(48ec4090b6568374d88d6ef910a1ceec) Importer(815301076,1909f56bfc062723c751e8b465ee728b)
Start importing Assets/Honeti/PixelArtGUI/Textures/Icons/8/Heart.png using Guid(48ec4090b6568374d88d6ef910a1ceec) Importer(815301076,1909f56bfc062723c751e8b465ee728b) [PhysX] Initialized MultithreadedTaskDispatcher with 16 workers.
[PhysX] Initialized MultithreadedTaskDispatcher with 16 workers.
 -> (artifact id: '4b485e2a02a644639d5330d95b8b0af5') in 0.041579 seconds
Number of updated asset objects reloaded before import = 0
Number of asset objects unloaded after import = 3
========================================================================
Received Import Request.
  Time since last request: 0.015103 seconds.
  path: Assets/Honeti/PixelArtGUI/Textures/Icons/8/HeartGreen.png
  artifactKey: Guid(153d8aa4a6bc1b94685dc8f1a58f8717) Importer(815301076,1909f56bfc062723c751e8b465ee728b)
Start importing Assets/Honeti/PixelArtGUI/Textures/Icons/8/HeartGreen.png using Guid(153d8aa4a6bc1b94685dc8f1a58f8717) Importer(815301076,1909f56bfc062723c751e8b465ee728b) [PhysX] Initialized MultithreadedTaskDispatcher with 16 workers.
[PhysX] Initialized MultithreadedTaskDispatcher with 16 workers.
 -> (artifact id: '6e409249779d37d489606ecf7105e36d') in 0.029155 seconds
Number of updated asset objects reloaded before import = 0
Number of asset objects unloaded after import = 3
========================================================================
Received Import Request.
  Time since last request: 22.256183 seconds.
  path: Assets/OriginalAssets/Hovl Studio/Background VFX/Prefabs/Underwater.prefab
  artifactKey: Guid(b3df90499bae841419952a2ad3862977) Importer(815301076,1909f56bfc062723c751e8b465ee728b)
Start importing Assets/OriginalAssets/Hovl Studio/Background VFX/Prefabs/Underwater.prefab using Guid(b3df90499bae841419952a2ad3862977) Importer(815301076,1909f56bfc062723c751e8b465ee728b) [PhysX] Initialized MultithreadedTaskDispatcher with 16 workers.
[PhysX] Initialized MultithreadedTaskDispatcher with 16 workers.
 -> (artifact id: 'd937925914c6dac78f845d542737a94f') in 0.287913 seconds
Number of updated asset objects reloaded before import = 0
Number of asset objects unloaded after import = 27
========================================================================
Received Import Request.
  Time since last request: 81.208376 seconds.
  path: Assets/Honeti/PixelArtGUI/Textures/Icons/32/DropOutlined.png
  artifactKey: Guid(623e2ac081865714091580a6448f85bf) Importer(815301076,1909f56bfc062723c751e8b465ee728b)
Start importing Assets/Honeti/PixelArtGUI/Textures/Icons/32/DropOutlined.png using Guid(623e2ac081865714091580a6448f85bf) Importer(815301076,1909f56bfc062723c751e8b465ee728b) [PhysX] Initialized MultithreadedTaskDispatcher with 16 workers.
[PhysX] Initialized MultithreadedTaskDispatcher with 16 workers.
 -> (artifact id: 'a542b07a389db78cd8b07870b8edf981') in 0.020704 seconds
Number of updated asset objects reloaded before import = 0
Number of asset objects unloaded after import = 3
========================================================================
Received Import Request.
  Time since last request: 304.589733 seconds.
  path: Assets/Honeti/PixelArtGUI/Textures/Icons/8/Drop.png
  artifactKey: Guid(8dcc3160b42dc8a4ab0b61e6c90dcdf5) Importer(815301076,1909f56bfc062723c751e8b465ee728b)
Start importing Assets/Honeti/PixelArtGUI/Textures/Icons/8/Drop.png using Guid(8dcc3160b42dc8a4ab0b61e6c90dcdf5) Importer(815301076,1909f56bfc062723c751e8b465ee728b) [PhysX] Initialized MultithreadedTaskDispatcher with 16 workers.
[PhysX] Initialized MultithreadedTaskDispatcher with 16 workers.
 -> (artifact id: '99a3309bb45bf3617098210f7c6b2d73') in 0.048373 seconds
Number of updated asset objects reloaded before import = 0
Number of asset objects unloaded after import = 3
========================================================================
Received Import Request.
  Time since last request: 0.000037 seconds.
  path: Assets/Honeti/PixelArtGUI/Textures/Icons/8/DropGreenDark.png
  artifactKey: Guid(77bd818ea6bfed443805cd73a29f879a) Importer(815301076,1909f56bfc062723c751e8b465ee728b)
Start importing Assets/Honeti/PixelArtGUI/Textures/Icons/8/DropGreenDark.png using Guid(77bd818ea6bfed443805cd73a29f879a) Importer(815301076,1909f56bfc062723c751e8b465ee728b) [PhysX] Initialized MultithreadedTaskDispatcher with 16 workers.
[PhysX] Initialized MultithreadedTaskDispatcher with 16 workers.
 -> (artifact id: '55d2d19476b957ab50acb95f53feae3c') in 0.027791 seconds
Number of updated asset objects reloaded before import = 0
Number of asset objects unloaded after import = 3
========================================================================
Received Import Request.
  Time since last request: 0.000036 seconds.
  path: Assets/Honeti/PixelArtGUI/Prefabs/Buttons/Dropdown.prefab
  artifactKey: Guid(b58f79ed3fd24cf4698c55b9ea59bdf7) Importer(815301076,1909f56bfc062723c751e8b465ee728b)
Start importing Assets/Honeti/PixelArtGUI/Prefabs/Buttons/Dropdown.prefab using Guid(b58f79ed3fd24cf4698c55b9ea59bdf7) Importer(815301076,1909f56bfc062723c751e8b465ee728b) [PhysX] Initialized MultithreadedTaskDispatcher with 16 workers.
 -> (artifact id: '4876eb0f5ceb71860d6ddea3b8d78e88') in 0.137389 seconds
Number of updated asset objects reloaded before import = 0
Number of asset objects unloaded after import = 90
========================================================================
Received Import Request.
  Time since last request: 17.416404 seconds.
  path: Assets/Honeti/PixelArtGUI/Textures/Icons/32/Drop.png
  artifactKey: Guid(93663d7ca1a396d458f00b53e2ec07d1) Importer(815301076,1909f56bfc062723c751e8b465ee728b)
Start importing Assets/Honeti/PixelArtGUI/Textures/Icons/32/Drop.png using Guid(93663d7ca1a396d458f00b53e2ec07d1) Importer(815301076,1909f56bfc062723c751e8b465ee728b) [PhysX] Initialized MultithreadedTaskDispatcher with 16 workers.
[PhysX] Initialized MultithreadedTaskDispatcher with 16 workers.
 -> (artifact id: 'a945b1089b66b4d9128bd0ab0153f0a5') in 0.023363 seconds
Number of updated asset objects reloaded before import = 0
Number of asset objects unloaded after import = 3
========================================================================
Received Import Request.
  Time since last request: 342.331615 seconds.
  path: Assets/Honeti/PixelArtGUI/Textures/Icons/8/SkullGreenDark.png
  artifactKey: Guid(63679e828b0bd324ab9bbe5f8f621a47) Importer(815301076,1909f56bfc062723c751e8b465ee728b)
Start importing Assets/Honeti/PixelArtGUI/Textures/Icons/8/SkullGreenDark.png using Guid(63679e828b0bd324ab9bbe5f8f621a47) Importer(815301076,1909f56bfc062723c751e8b465ee728b) [PhysX] Initialized MultithreadedTaskDispatcher with 16 workers.
[PhysX] Initialized MultithreadedTaskDispatcher with 16 workers.
 -> (artifact id: 'ea1dbee748d054d4225231862cd5c55e') in 0.036763 seconds
Number of updated asset objects reloaded before import = 0
Number of asset objects unloaded after import = 3
========================================================================
Received Import Request.
  Time since last request: 10.979478 seconds.
  path: Assets/OriginalAssets/Hovl Studio/Background VFX/Materials/Debris3.mat
  artifactKey: Guid(3926202e46e617d4a8f54de8980c81b2) Importer(815301076,1909f56bfc062723c751e8b465ee728b)
Start importing Assets/OriginalAssets/Hovl Studio/Background VFX/Materials/Debris3.mat using Guid(3926202e46e617d4a8f54de8980c81b2) Importer(815301076,1909f56bfc062723c751e8b465ee728b) [PhysX] Initialized MultithreadedTaskDispatcher with 16 workers.
[PhysX] Initialized MultithreadedTaskDispatcher with 16 workers.
 -> (artifact id: '8cfefefa52bf32a2fe4b45bcf4dc9988') in 0.044332 seconds
Number of updated asset objects reloaded before import = 0
Number of asset objects unloaded after import = 3
========================================================================
Received Import Request.
  Time since last request: 340.627595 seconds.
  path: Assets/01_Scenes/PSJ_Test.unity
  artifactKey: Guid(dfe817b57deadfb45877f6d82f436a75) Importer(815301076,1909f56bfc062723c751e8b465ee728b)
Start importing Assets/01_Scenes/PSJ_Test.unity using Guid(dfe817b57deadfb45877f6d82f436a75) Importer(815301076,1909f56bfc062723c751e8b465ee728b) [PhysX] Initialized MultithreadedTaskDispatcher with 16 workers.
 -> (artifact id: '572df94ab432efb13195c5251e5d7c09') in 0.000791 seconds
Number of updated asset objects reloaded before import = 0
Number of asset objects unloaded after import = 0
========================================================================
Received Import Request.
  Time since last request: 32.227135 seconds.
  path: Assets/Honeti/PixelArtGUI/Prefabs/Buttons/ActionBarSlot.prefab
  artifactKey: Guid(2457823d9a719c1499d1711b5350781d) Importer(815301076,1909f56bfc062723c751e8b465ee728b)
Start importing Assets/Honeti/PixelArtGUI/Prefabs/Buttons/ActionBarSlot.prefab using Guid(2457823d9a719c1499d1711b5350781d) Importer(815301076,1909f56bfc062723c751e8b465ee728b) [PhysX] Initialized MultithreadedTaskDispatcher with 16 workers.
 -> (artifact id: 'c2fd5cebb82a0f73eb18b1207ac24553') in 0.043986 seconds
Number of updated asset objects reloaded before import = 0
Number of asset objects unloaded after import = 40
========================================================================
Received Import Request.
  Time since last request: 0.030667 seconds.
  path: Assets/Honeti/PixelArtGUI/Prefabs/Buttons/GoldOutlined.prefab
  artifactKey: Guid(e0cc8ee43b1e9ea4bb6c9b35d559ea8b) Importer(815301076,1909f56bfc062723c751e8b465ee728b)
Start importing Assets/Honeti/PixelArtGUI/Prefabs/Buttons/GoldOutlined.prefab using Guid(e0cc8ee43b1e9ea4bb6c9b35d559ea8b) Importer(815301076,1909f56bfc062723c751e8b465ee728b) [PhysX] Initialized MultithreadedTaskDispatcher with 16 workers.
 -> (artifact id: '4d6d4bc2f6b64b0224b1de1d3f9c2d49') in 0.044903 seconds
Number of updated asset objects reloaded before import = 0
Number of asset objects unloaded after import = 21
========================================================================
Received Import Request.
  Time since last request: 0.000039 seconds.
  path: Assets/Honeti/PixelArtGUI/Prefabs/Buttons/GreenSmall.prefab
  artifactKey: Guid(f9baa2510b3da02459f1ca60ea82c58d) Importer(815301076,1909f56bfc062723c751e8b465ee728b)
Start importing Assets/Honeti/PixelArtGUI/Prefabs/Buttons/GreenSmall.prefab using Guid(f9baa2510b3da02459f1ca60ea82c58d) Importer(815301076,1909f56bfc062723c751e8b465ee728b) [PhysX] Initialized MultithreadedTaskDispatcher with 16 workers.
 -> (artifact id: 'da6197928705b60c08b395cf8311c5b7') in 0.052255 seconds
Number of updated asset objects reloaded before import = 0
Number of asset objects unloaded after import = 22
========================================================================
Received Import Request.
  Time since last request: 0.000037 seconds.
  path: Assets/Honeti/PixelArtGUI/Prefabs/Buttons/Green.prefab
  artifactKey: Guid(def9cf0e1efb8f44cbaf40637b30365c) Importer(815301076,1909f56bfc062723c751e8b465ee728b)
Start importing Assets/Honeti/PixelArtGUI/Prefabs/Buttons/Green.prefab using Guid(def9cf0e1efb8f44cbaf40637b30365c) Importer(815301076,1909f56bfc062723c751e8b465ee728b) [PhysX] Initialized MultithreadedTaskDispatcher with 16 workers.
 -> (artifact id: '551395e0b4e3ee8c98541b33730ee37e') in 0.043123 seconds
Number of updated asset objects reloaded before import = 0
Number of asset objects unloaded after import = 22
========================================================================
Received Import Request.
  Time since last request: 0.000033 seconds.
  path: Assets/Honeti/PixelArtGUI/Prefabs/Buttons/Quest.prefab
  artifactKey: Guid(ed66aef5594c8e74799f654b5c73c11a) Importer(815301076,1909f56bfc062723c751e8b465ee728b)
Start importing Assets/Honeti/PixelArtGUI/Prefabs/Buttons/Quest.prefab using Guid(ed66aef5594c8e74799f654b5c73c11a) Importer(815301076,1909f56bfc062723c751e8b465ee728b) [PhysX] Initialized MultithreadedTaskDispatcher with 16 workers.
 -> (artifact id: '876eb1fee9ec8bcd9e00fcd8007fa470') in 0.082319 seconds
Number of updated asset objects reloaded before import = 0
Number of asset objects unloaded after import = 92
========================================================================
Received Import Request.
  Time since last request: 0.000031 seconds.
  path: Assets/Honeti/PixelArtGUI/Prefabs/Buttons/GoldSmall.prefab
  artifactKey: Guid(cc41e343fbbcf384e8ddf068bdb91d1a) Importer(815301076,1909f56bfc062723c751e8b465ee728b)
Start importing Assets/Honeti/PixelArtGUI/Prefabs/Buttons/GoldSmall.prefab using Guid(cc41e343fbbcf384e8ddf068bdb91d1a) Importer(815301076,1909f56bfc062723c751e8b465ee728b) [PhysX] Initialized MultithreadedTaskDispatcher with 16 workers.
 -> (artifact id: '5dc2f86f7e0ce5aff25b95328d6890a9') in 0.042875 seconds
Number of updated asset objects reloaded before import = 0
Number of asset objects unloaded after import = 20
========================================================================
Received Import Request.
  Time since last request: 0.000036 seconds.
  path: Assets/Honeti/PixelArtGUI/Prefabs/Buttons/GoldSmallIcon.prefab
  artifactKey: Guid(94bb28e2eff4b8a40a9195553af3b31d) Importer(815301076,1909f56bfc062723c751e8b465ee728b)
Start importing Assets/Honeti/PixelArtGUI/Prefabs/Buttons/GoldSmallIcon.prefab using Guid(94bb28e2eff4b8a40a9195553af3b31d) Importer(815301076,1909f56bfc062723c751e8b465ee728b) [PhysX] Initialized MultithreadedTaskDispatcher with 16 workers.
 -> (artifact id: '88206c0d5b2a5aedd4920e7e4c92b318') in 0.004332 seconds
Number of updated asset objects reloaded before import = 0
Number of asset objects unloaded after import = 17
========================================================================
Received Import Request.
  Time since last request: 0.000020 seconds.
  path: Assets/Honeti/PixelArtGUI/Prefabs/Buttons/GreenOutlinedIcon.prefab
  artifactKey: Guid(eb76a4e0423a01f4a9b25527aa849ce3) Importer(815301076,1909f56bfc062723c751e8b465ee728b)
Start importing Assets/Honeti/PixelArtGUI/Prefabs/Buttons/GreenOutlinedIcon.prefab using Guid(eb76a4e0423a01f4a9b25527aa849ce3) Importer(815301076,1909f56bfc062723c751e8b465ee728b) [PhysX] Initialized MultithreadedTaskDispatcher with 16 workers.
 -> (artifact id: '0641a0e657f8bcc982ea102c1ae41d52') in 0.004346 seconds
Number of updated asset objects reloaded before import = 0
Number of asset objects unloaded after import = 18
========================================================================
Received Import Request.
  Time since last request: 0.000019 seconds.
  path: Assets/Honeti/PixelArtGUI/Prefabs/Buttons/LevelButton.prefab
  artifactKey: Guid(f38d3315d9fc77d4a96ed93057a09555) Importer(815301076,1909f56bfc062723c751e8b465ee728b)
Start importing Assets/Honeti/PixelArtGUI/Prefabs/Buttons/LevelButton.prefab using Guid(f38d3315d9fc77d4a96ed93057a09555) Importer(815301076,1909f56bfc062723c751e8b465ee728b) [PhysX] Initialized MultithreadedTaskDispatcher with 16 workers.
 -> (artifact id: '14132bebe211e7ab73d5a5178491dce5') in 0.042665 seconds
Number of updated asset objects reloaded before import = 0
Number of asset objects unloaded after import = 63
Editor requested this worker to shutdown with reason: Scaling down because of idle timeout
TcpMessagingSession - receive error: operation aborted. errorcode: 995, details: 스레드 종료 또는 응용 프로그램 요청 때문에 I/O 작업이 취소되었습니다.
AssetImportWorker is now disconnected from the server
Process exiting
Exiting without the bug reporter. Application will terminate with return code 0