Using pre-set license
Built from '2022.3/staging' branch; Version is '2022.3.34f1 (4886f5360533) revision 4753141'; Using compiler version '192829333'; Build Type 'Release'
OS: 'Windows 10  (10.0.19045) 64bit Education' Language: 'ko' Physical Memory: 15610 MB
BatchMode: 1, IsHumanControllingUs: 0, StartBugReporterOnCrash: 0, Is64bit: 1, IsPro: 1

COMMAND LINE ARGUMENTS:
C:\Program Files\Unity\Hub\Editor\2022.3.34f1\Editor\Unity.exe
-adb2
-batchMode
-noUpm
-name
AssetImportWorker8
-projectPath
C:/Users/Park Sejin/Documents/GitHub/NexonJam
-logFile
Logs/AssetImportWorker8.log
-srvPort
60545
Successfully changed project path to: C:/Users/Park Sejin/Documents/GitHub/NexonJam
C:/Users/Park Sejin/Documents/GitHub/NexonJam
[UnityMemory] Configuration Parameters - Can be set up in boot.config
    "memorysetup-bucket-allocator-granularity=16"
    "memorysetup-bucket-allocator-bucket-count=8"
    "memorysetup-bucket-allocator-block-size=33554432"
    "memorysetup-bucket-allocator-block-count=8"
    "memorysetup-main-allocator-block-size=16777216"
    "memorysetup-thread-allocator-block-size=16777216"
    "memorysetup-gfx-main-allocator-block-size=16777216"
    "memorysetup-gfx-thread-allocator-block-size=16777216"
    "memorysetup-cache-allocator-block-size=4194304"
    "memorysetup-typetree-allocator-block-size=2097152"
    "memorysetup-profiler-bucket-allocator-granularity=16"
    "memorysetup-profiler-bucket-allocator-bucket-count=8"
    "memorysetup-profiler-bucket-allocator-block-size=33554432"
    "memorysetup-profiler-bucket-allocator-block-count=8"
    "memorysetup-profiler-allocator-block-size=16777216"
    "memorysetup-profiler-editor-allocator-block-size=1048576"
    "memorysetup-temp-allocator-size-main=16777216"
    "memorysetup-job-temp-allocator-block-size=2097152"
    "memorysetup-job-temp-allocator-block-size-background=1048576"
    "memorysetup-job-temp-allocator-reduction-small-platforms=262144"
    "memorysetup-allocator-temp-initial-block-size-main=262144"
    "memorysetup-allocator-temp-initial-block-size-worker=262144"
    "memorysetup-temp-allocator-size-background-worker=32768"
    "memorysetup-temp-allocator-size-job-worker=262144"
    "memorysetup-temp-allocator-size-preload-manager=33554432"
    "memorysetup-temp-allocator-size-nav-mesh-worker=65536"
    "memorysetup-temp-allocator-size-audio-worker=65536"
    "memorysetup-temp-allocator-size-cloud-worker=32768"
    "memorysetup-temp-allocator-size-gi-baking-worker=262144"
    "memorysetup-temp-allocator-size-gfx=262144"
Player connection [26828] Host "[IP] 10.16.8.250 [Port] 0 [Flags] 2 [Guid] 3864294857 [EditorId] 3864294857 [Version] 1048832 [Id] WindowsEditor(7,DESKTOP-JFARQV6) [Debug] 1 [PackageName] WindowsEditor [ProjectName] Editor" joined multi-casting on [225.0.0.222:54997]...

Player connection [26828] Host "[IP] 10.16.8.250 [Port] 0 [Flags] 2 [Guid] 3864294857 [EditorId] 3864294857 [Version] 1048832 [Id] WindowsEditor(7,DESKTOP-JFARQV6) [Debug] 1 [PackageName] WindowsEditor [ProjectName] Editor" joined alternative multi-casting on [225.0.0.222:34997]...

[PhysX] Initialized MultithreadedTaskDispatcher with 16 workers.
Refreshing native plugins compatible for Editor in 48.66 ms, found 4 plugins.
Preloading 0 native plugins for Editor in 0.00 ms.
Initialize engine version: 2022.3.34f1 (4886f5360533)
[Subsystems] Discovering subsystems at path C:/Program Files/Unity/Hub/Editor/2022.3.34f1/Editor/Data/Resources/UnitySubsystems
[Subsystems] Discovering subsystems at path C:/Users/Park Sejin/Documents/GitHub/NexonJam/Assets
GfxDevice: creating device client; threaded=0; jobified=0
Direct3D:
    Version:  Direct3D 11.0 [level 11.1]
    Renderer: NVIDIA GeForce RTX 4050 Laptop GPU (ID=0x28e1)
    Vendor:   NVIDIA
    VRAM:     5936 MB
    Driver:   31.0.15.4680
Initialize mono
Mono path[0] = 'C:/Program Files/Unity/Hub/Editor/2022.3.34f1/Editor/Data/Managed'
Mono path[1] = 'C:/Program Files/Unity/Hub/Editor/2022.3.34f1/Editor/Data/MonoBleedingEdge/lib/mono/unityjit-win32'
Mono config path = 'C:/Program Files/Unity/Hub/Editor/2022.3.34f1/Editor/Data/MonoBleedingEdge/etc'
Using monoOptions --debugger-agent=transport=dt_socket,embedding=1,server=y,suspend=n,address=127.0.0.1:56440
Begin MonoManager ReloadAssembly
Registering precompiled unity dll's ...
Register platform support module: C:/Program Files/Unity/Hub/Editor/2022.3.34f1/Editor/Data/PlaybackEngines/WindowsStandaloneSupport/UnityEditor.WindowsStandalone.Extensions.dll
Registered in 0.033896 seconds.
- Loaded All Assemblies, in  0.811 seconds
Native extension for WindowsStandalone target not found
Mono: successfully reloaded assembly
- Finished resetting the current domain, in  0.478 seconds
Domain Reload Profiling: 1281ms
	BeginReloadAssembly (286ms)
		ExecutionOrderSort (0ms)
		DisableScriptedObjects (0ms)
		BackupInstance (0ms)
		ReleaseScriptingObjects (0ms)
		CreateAndSetChildDomain (1ms)
	RebuildCommonClasses (82ms)
	RebuildNativeTypeToScriptingClass (18ms)
	initialDomainReloadingComplete (158ms)
	LoadAllAssembliesAndSetupDomain (258ms)
		LoadAssemblies (279ms)
		RebuildTransferFunctionScriptingTraits (0ms)
		AnalyzeDomain (254ms)
			TypeCache.Refresh (252ms)
				TypeCache.ScanAssembly (228ms)
			ScanForSourceGeneratedMonoScriptInfo (1ms)
			ResolveRequiredComponents (1ms)
	FinalizeReload (479ms)
		ReleaseScriptCaches (0ms)
		RebuildScriptCaches (0ms)
		SetupLoadedEditorAssemblies (377ms)
			LogAssemblyErrors (0ms)
			InitializePlatformSupportModulesInManaged (22ms)
			SetLoadedEditorAssemblies (12ms)
			RefreshPlugins (0ms)
			BeforeProcessingInitializeOnLoad (3ms)
			ProcessInitializeOnLoadAttributes (243ms)
			ProcessInitializeOnLoadMethodAttributes (97ms)
			AfterProcessingInitializeOnLoad (0ms)
			EditorAssembliesLoaded (0ms)
		ExecutionOrderSort2 (0ms)
		AwakeInstancesAfterBackupRestoration (0ms)
========================================================================
Worker process is ready to serve import requests
Begin MonoManager ReloadAssembly
- Loaded All Assemblies, in  3.429 seconds
Refreshing native plugins compatible for Editor in 33.79 ms, found 4 plugins.
Native extension for WindowsStandalone target not found
Package Manager log level set to [2]
[Package Manager] Server::EnsureServerProcessIsRunning -- launch failed, reason: Unity was launched with the -noUpm command-line argument
[Package Manager] UpmClient::Send -- Unable to send message (not connected to UPM process).
[Package Manager] Cannot connect to Unity Package Manager local server
Mono: successfully reloaded assembly
- Finished resetting the current domain, in  1.568 seconds
Domain Reload Profiling: 4981ms
	BeginReloadAssembly (327ms)
		ExecutionOrderSort (0ms)
		DisableScriptedObjects (9ms)
		BackupInstance (0ms)
		ReleaseScriptingObjects (0ms)
		CreateAndSetChildDomain (39ms)
	RebuildCommonClasses (74ms)
	RebuildNativeTypeToScriptingClass (16ms)
	initialDomainReloadingComplete (106ms)
	LoadAllAssembliesAndSetupDomain (2890ms)
		LoadAssemblies (2230ms)
		RebuildTransferFunctionScriptingTraits (0ms)
		AnalyzeDomain (879ms)
			TypeCache.Refresh (779ms)
				TypeCache.ScanAssembly (726ms)
			ScanForSourceGeneratedMonoScriptInfo (74ms)
			ResolveRequiredComponents (23ms)
	FinalizeReload (1569ms)
		ReleaseScriptCaches (0ms)
		RebuildScriptCaches (0ms)
		SetupLoadedEditorAssemblies (1178ms)
			LogAssemblyErrors (0ms)
			InitializePlatformSupportModulesInManaged (18ms)
			SetLoadedEditorAssemblies (8ms)
			RefreshPlugins (0ms)
			BeforeProcessingInitializeOnLoad (225ms)
			ProcessInitializeOnLoadAttributes (731ms)
			ProcessInitializeOnLoadMethodAttributes (164ms)
			AfterProcessingInitializeOnLoad (32ms)
			EditorAssembliesLoaded (0ms)
		ExecutionOrderSort2 (0ms)
		AwakeInstancesAfterBackupRestoration (26ms)
Launched and connected shader compiler UnityShaderCompiler.exe after 0.19 seconds
Refreshing native plugins compatible for Editor in 96.36 ms, found 4 plugins.
Preloading 0 native plugins for Editor in 0.00 ms.
Unloading 6197 Unused Serialized files (Serialized files now loaded: 0)
Unloading 100 unused Assets / (353.5 KB). Loaded Objects now: 6656.
Memory consumption went from 237.8 MB to 237.4 MB.
Total: 10.247200 ms (FindLiveObjects: 1.298700 ms CreateObjectMapping: 0.609600 ms MarkObjects: 6.995800 ms  DeleteObjects: 1.340300 ms)

AssetImportParameters requested are different than current active one (requested -> active):
  custom:scripting/monoscript/fileName/HoverAnimation.cs: 581febbb1e68f4788cd51dd85aa88cb6 -> ef410ed820288a313603e32572567da5
  custom:scripting/monoscript/fileName/CanvasGroupAnimation.cs: cdaec9a17bfd778b819a125d601c5d9d -> cbaf14739d5deaab4553eb96d7ddecc9
  custom:scripting/monoscript/fileName/SoundOnEnable.cs: beecccf5ab1fd96022e8049ee71d3861 -> 7dd58ad747558a9d44febd80f8f1d8e9
  custom:container-demuxer-ogg: 62fdf1f143b41e24485cea50d1cbac27 -> 
  custom:video-decoder-ogg-theora: a1e56fd34408186e4bbccfd4996cb3dc -> 
  custom:framework-win-MediaFoundation: 216162199b28c13a410421893ffa2e32 -> 
  custom:CustomObjectIndexerAttribute: 72b91833f83ae208fae7752999fa3104 -> 
  custom:scripting/monoscript/fileName/FillImageAnim.cs: 50801aa7403c3ec32721e768deec309d -> 7f04afd3250785bac95f7c5bb5a2d804
  custom:container-demuxer-webm: 4f35f7cbe854078d1ac9338744f61a02 -> 
  custom:scripting/monoscript/fileName/Loading.cs: d2687a4c35153b9773113b6ec963b206 -> 6632fd05ada41f7fd7027e3a3b6ecb2e
  custom:container-muxer-webm: aa71ff27fc2769a1b78a27578f13a17b -> 
  custom:scripting/monoscript/fileName/PositionLerpAnimation.cs: f62459ba8bee62e81b21106ff49fe4b5 -> 8c2f9c48c62788da138cf220220a568c
  custom:video-decoder-webm-vp8: 9c59270c3fd7afecdb556c50c9e8de78 -> 
  custom:SearchIndexIgnoredProperties: e643bd26f0fe6173181afceb89e7c659 -> 
  custom:AudioImporter_EditorPlatform: d09bf68614088b80899f8185d706f6e7 -> 
  custom:scripting/monoscript/fileName/RotationAnimation.cs: 2fc995a0516e1501ca9e2bd62e95f331 -> 8fdc50408351796c5b85aea97b99c803
  custom:video-encoder-webm-vp8: eb34c28f22e8b96e1ab97ce403110664 -> 
  custom:scripting/monoscript/fileName/ButtonSound.cs: 942698d3fe8d4ed02fd790819d4d63da -> d73cf73b297d33e10c74b31e39dd7781
  custom:audio-decoder-ogg-vorbis: bf7c407c2cedff20999df2af8eb42d56 -> 
  custom:scripting/monoscript/fileName/MenuManager.cs: 3f04bb71b87e8d48c868e5edc84da13e -> 0ca54484a69b9b213a814a2cd7fae118
  custom:scripting/monoscript/fileName/MySounder.cs: 28bb195a1d7647727eeb6557e1d114d8 -> 60319f4b1d97baa5a77685e8f8b14fc4
  custom:audio-encoder-webm-vorbis: bf7c407c2cedff20999df2af8eb42d56 -> 
========================================================================
Received Import Request.
  Time since last request: 61542.548633 seconds.
  path: Assets/03_Prefabs/Item/Chapter03 Item
  artifactKey: Guid(6a294a049213a894fa00659f6613a14e) Importer(2089858483,0ecaa5967403d082aa24f35e1b516d23)
Start importing Assets/03_Prefabs/Item/Chapter03 Item using Guid(6a294a049213a894fa00659f6613a14e) Importer(2089858483,0ecaa5967403d082aa24f35e1b516d23) [PhysX] Initialized MultithreadedTaskDispatcher with 16 workers.
 -> (artifact id: '88fafd0c24f5b3c481e36c9b20a2e3ed') in 0.375017 seconds
Number of updated asset objects reloaded before import = 0
Number of asset objects unloaded after import = 1
========================================================================
Received Import Request.
  Time since last request: 0.001630 seconds.
  path: Assets/Resources/Prefabs/@Managers.prefab
  artifactKey: Guid(cb23cada68f014348b1e218ad2df9239) Importer(2089858483,3d70f49cd1c2eb9ae422958d1c652c6b)
Start importing Assets/Resources/Prefabs/@Managers.prefab using Guid(cb23cada68f014348b1e218ad2df9239) Importer(2089858483,3d70f49cd1c2eb9ae422958d1c652c6b) [PhysX] Initialized MultithreadedTaskDispatcher with 16 workers.
 -> (artifact id: 'c215236f8e9d96fdff6e96b6eaf3c238') in 0.089050 seconds
Number of updated asset objects reloaded before import = 0
Number of asset objects unloaded after import = 45
========================================================================
Received Import Request.
  Time since last request: 0.003317 seconds.
  path: Assets/03_Prefabs/Item/Chapter01 Item/Raw Fish.prefab
  artifactKey: Guid(4d68469e1f83bc94089d611857226634) Importer(2089858483,0ecaa5967403d082aa24f35e1b516d23)
Start importing Assets/03_Prefabs/Item/Chapter01 Item/Raw Fish.prefab using Guid(4d68469e1f83bc94089d611857226634) Importer(2089858483,0ecaa5967403d082aa24f35e1b516d23) [PhysX] Initialized MultithreadedTaskDispatcher with 16 workers.
 -> (artifact id: 'ffb9e6cbfe9860ae42983aa9fb7ded6d') in 0.176583 seconds
Number of updated asset objects reloaded before import = 0
Number of asset objects unloaded after import = 9
========================================================================
Received Import Request.
  Time since last request: 0.000665 seconds.
  path: Assets/ThirdPartyTools/ExcelImporter/ProjectSettings/GraphicsSettings.asset
  artifactKey: Guid(8a35cdea33c8a3c4aa55ce365ceeccd9) Importer(2089858483,3d70f49cd1c2eb9ae422958d1c652c6b)
Start importing Assets/ThirdPartyTools/ExcelImporter/ProjectSettings/GraphicsSettings.asset using Guid(8a35cdea33c8a3c4aa55ce365ceeccd9) Importer(2089858483,3d70f49cd1c2eb9ae422958d1c652c6b) [PhysX] Initialized MultithreadedTaskDispatcher with 16 workers.
 -> (artifact id: '5d8a78fb99b6cda809109ab0a071060a') in 0.033273 seconds
Number of updated asset objects reloaded before import = 0
Number of asset objects unloaded after import = 0
========================================================================
Received Import Request.
  Time since last request: 0.000230 seconds.
  path: Assets/Resources/Prefabs/UI/Scene/UI_ExampleScene.prefab
  artifactKey: Guid(820f6d47fbb21814ea4b5e2b35290f9b) Importer(2089858483,3d70f49cd1c2eb9ae422958d1c652c6b)
Start importing Assets/Resources/Prefabs/UI/Scene/UI_ExampleScene.prefab using Guid(820f6d47fbb21814ea4b5e2b35290f9b) Importer(2089858483,3d70f49cd1c2eb9ae422958d1c652c6b) [PhysX] Initialized MultithreadedTaskDispatcher with 16 workers.
The method get_fontSharedMaterials was not found on ExampleTxt. This property will not be indexed.
UnityEngine.StackTraceUtility:ExtractStackTrace ()
UnityEngine.DebugLogHandler:LogFormat (UnityEngine.LogType,UnityEngine.Object,string,object[])
UnityEngine.Logger:Log (UnityEngine.LogType,object)
UnityEngine.Debug:LogWarning (object)
UnityEditor.Rendering.Universal.MaterialReferenceBuilder:GetMaterialFromMethod (System.Reflection.MethodInfo,UnityEngine.Object,System.Func`3<string, string, string>) (at ./Library/PackageCache/com.unity.render-pipelines.universal@14.0.11/Editor/Converter/MaterialReferenceBuilder.cs:133)
UnityEditor.Rendering.Universal.ConversionIndexers:ConversionIndexer (UnityEditor.Search.CustomObjectIndexerTarget,UnityEditor.Search.ObjectIndexer) (at ./Library/PackageCache/com.unity.render-pipelines.universal@14.0.11/Editor/Converter/ConversionIndexers.cs:21)
UnityEditor.Search.ObjectIndexer:CallCustomIndexers (string,int,UnityEngine.Object,UnityEditor.SerializedObject,bool)
UnityEditor.Search.ObjectIndexer:IndexCustomProperties (string,int,UnityEngine.Object)
UnityEditor.Search.AssetIndexer:IndexCustomGameObjectProperties (string,int,UnityEngine.GameObject)
UnityEditor.Search.AssetIndexer:IndexObjects (UnityEngine.GameObject[],string,string,string,bool)
UnityEditor.Search.AssetIndexer:IndexPrefab (string,bool)
UnityEditor.Search.AssetIndexer:IndexSceneDocument (string,bool)
UnityEditor.Search.AssetIndexer:IndexDocument (string,bool)
UnityEditor.Search.SearchIndexEntryImporter:OnImportAsset (UnityEditor.AssetImporters.AssetImportContext)
UnityEditor.AssetImporters.ScriptedImporter:GenerateAssetData (UnityEditor.AssetImporters.AssetImportContext)

(Filename: ./Library/PackageCache/com.unity.render-pipelines.universal@14.0.11/Editor/Converter/MaterialReferenceBuilder.cs Line: 133)

The method get_fontSharedMaterials was not found on Text (TMP). This property will not be indexed.
UnityEngine.StackTraceUtility:ExtractStackTrace ()
UnityEngine.DebugLogHandler:LogFormat (UnityEngine.LogType,UnityEngine.Object,string,object[])
UnityEngine.Logger:Log (UnityEngine.LogType,object)
UnityEngine.Debug:LogWarning (object)
UnityEditor.Rendering.Universal.MaterialReferenceBuilder:GetMaterialFromMethod (System.Reflection.MethodInfo,UnityEngine.Object,System.Func`3<string, string, string>) (at ./Library/PackageCache/com.unity.render-pipelines.universal@14.0.11/Editor/Converter/MaterialReferenceBuilder.cs:133)
UnityEditor.Rendering.Universal.ConversionIndexers:ConversionIndexer (UnityEditor.Search.CustomObjectIndexerTarget,UnityEditor.Search.ObjectIndexer) (at ./Library/PackageCache/com.unity.render-pipelines.universal@14.0.11/Editor/Converter/ConversionIndexers.cs:21)
UnityEditor.Search.ObjectIndexer:CallCustomIndexers (string,int,UnityEngine.Object,UnityEditor.SerializedObject,bool)
UnityEditor.Search.ObjectIndexer:IndexCustomProperties (string,int,UnityEngine.Object)
UnityEditor.Search.AssetIndexer:IndexCustomGameObjectProperties (string,int,UnityEngine.GameObject)
UnityEditor.Search.AssetIndexer:IndexObjects (UnityEngine.GameObject[],string,string,string,bool)
UnityEditor.Search.AssetIndexer:IndexPrefab (string,bool)
UnityEditor.Search.AssetIndexer:IndexSceneDocument (string,bool)
UnityEditor.Search.AssetIndexer:IndexDocument (string,bool)
UnityEditor.Search.SearchIndexEntryImporter:OnImportAsset (UnityEditor.AssetImporters.AssetImportContext)
UnityEditor.AssetImporters.ScriptedImporter:GenerateAssetData (UnityEditor.AssetImporters.AssetImportContext)

(Filename: ./Library/PackageCache/com.unity.render-pipelines.universal@14.0.11/Editor/Converter/MaterialReferenceBuilder.cs Line: 133)

 -> (artifact id: 'b87e06e404b84a39c975ceb8f6326f82') in 0.147155 seconds
Number of updated asset objects reloaded before import = 0
Number of asset objects unloaded after import = 30
========================================================================
Received Import Request.
  Time since last request: 0.000036 seconds.
  path: Assets/04_Sources/TilePalette/Tile/Lv.1_beach_2.asset
  artifactKey: Guid(2a350697ab014874bb60a94d0b2985ca) Importer(2089858483,0ecaa5967403d082aa24f35e1b516d23)
Start importing Assets/04_Sources/TilePalette/Tile/Lv.1_beach_2.asset using Guid(2a350697ab014874bb60a94d0b2985ca) Importer(2089858483,0ecaa5967403d082aa24f35e1b516d23) [PhysX] Initialized MultithreadedTaskDispatcher with 16 workers.
 -> (artifact id: 'a970c1adce19b1b3a6fc26fba6bf9b21') in 0.037060 seconds
Number of updated asset objects reloaded before import = 0
Number of asset objects unloaded after import = 3
========================================================================
Received Import Request.
  Time since last request: 0.000034 seconds.
  path: Assets/06_Animations/Player/SpumClip/PlayerRopeOn.anim
  artifactKey: Guid(b54e32d0673dd074492d8564d4635b3d) Importer(2089858483,0ecaa5967403d082aa24f35e1b516d23)
Start importing Assets/06_Animations/Player/SpumClip/PlayerRopeOn.anim using Guid(b54e32d0673dd074492d8564d4635b3d) Importer(2089858483,0ecaa5967403d082aa24f35e1b516d23) [PhysX] Initialized MultithreadedTaskDispatcher with 16 workers.
 -> (artifact id: 'ef892425de3f721fb3a552116ace3921') in 0.036552 seconds
Number of updated asset objects reloaded before import = 0
Number of asset objects unloaded after import = 1
========================================================================
Received Import Request.
  Time since last request: 0.000045 seconds.
  path: Assets/OriginalAssets/Honeti/PixelArtGUI/Textures/Icons/8/ArrowSmallLeftGreenDark.png
  artifactKey: Guid(b71ea4dedea42364892c810ff1da662e) Importer(2089858483,0ecaa5967403d082aa24f35e1b516d23)
Start importing Assets/OriginalAssets/Honeti/PixelArtGUI/Textures/Icons/8/ArrowSmallLeftGreenDark.png using Guid(b71ea4dedea42364892c810ff1da662e) Importer(2089858483,0ecaa5967403d082aa24f35e1b516d23) [PhysX] Initialized MultithreadedTaskDispatcher with 16 workers.
 -> (artifact id: 'cceec36fd33bd5591bbdd04cc41dfd20') in 0.122956 seconds
Number of updated asset objects reloaded before import = 0
Number of asset objects unloaded after import = 3
========================================================================
Received Import Request.
  Time since last request: 0.000035 seconds.
  path: Assets/OriginalAssets/Honeti/PixelArtGUI/Prefabs/Panels/TopScreenTitle.prefab
  artifactKey: Guid(ca2b70a55bdc26f4bb608706be0dbc57) Importer(2089858483,3d70f49cd1c2eb9ae422958d1c652c6b)
Start importing Assets/OriginalAssets/Honeti/PixelArtGUI/Prefabs/Panels/TopScreenTitle.prefab using Guid(ca2b70a55bdc26f4bb608706be0dbc57) Importer(2089858483,3d70f49cd1c2eb9ae422958d1c652c6b) [PhysX] Initialized MultithreadedTaskDispatcher with 16 workers.
The method get_fontSharedMaterials was not found on Text (TMP)Display. This property will not be indexed.
UnityEngine.StackTraceUtility:ExtractStackTrace ()
UnityEngine.DebugLogHandler:LogFormat (UnityEngine.LogType,UnityEngine.Object,string,object[])
UnityEngine.Logger:Log (UnityEngine.LogType,object)
UnityEngine.Debug:LogWarning (object)
UnityEditor.Rendering.Universal.MaterialReferenceBuilder:GetMaterialFromMethod (System.Reflection.MethodInfo,UnityEngine.Object,System.Func`3<string, string, string>) (at ./Library/PackageCache/com.unity.render-pipelines.universal@14.0.11/Editor/Converter/MaterialReferenceBuilder.cs:133)
UnityEditor.Rendering.Universal.ConversionIndexers:ConversionIndexer (UnityEditor.Search.CustomObjectIndexerTarget,UnityEditor.Search.ObjectIndexer) (at ./Library/PackageCache/com.unity.render-pipelines.universal@14.0.11/Editor/Converter/ConversionIndexers.cs:21)
UnityEditor.Search.ObjectIndexer:CallCustomIndexers (string,int,UnityEngine.Object,UnityEditor.SerializedObject,bool)
UnityEditor.Search.ObjectIndexer:IndexCustomProperties (string,int,UnityEngine.Object)
UnityEditor.Search.AssetIndexer:IndexCustomGameObjectProperties (string,int,UnityEngine.GameObject)
UnityEditor.Search.AssetIndexer:IndexObjects (UnityEngine.GameObject[],string,string,string,bool)
UnityEditor.Search.AssetIndexer:IndexPrefab (string,bool)
UnityEditor.Search.AssetIndexer:IndexSceneDocument (string,bool)
UnityEditor.Search.AssetIndexer:IndexDocument (string,bool)
UnityEditor.Search.SearchIndexEntryImporter:OnImportAsset (UnityEditor.AssetImporters.AssetImportContext)
UnityEditor.AssetImporters.ScriptedImporter:GenerateAssetData (UnityEditor.AssetImporters.AssetImportContext)

(Filename: ./Library/PackageCache/com.unity.render-pipelines.universal@14.0.11/Editor/Converter/MaterialReferenceBuilder.cs Line: 133)

 -> (artifact id: '07318922d62cc348badda34fef3db9ab') in 0.116689 seconds
Number of updated asset objects reloaded before import = 0
Number of asset objects unloaded after import = 23
========================================================================
Received Import Request.
  Time since last request: 0.000040 seconds.
  path: Assets/OriginalAssets/Honeti/PixelArtGUI/Prefabs/Buttons/GoldOutlined.prefab
  artifactKey: Guid(e0cc8ee43b1e9ea4bb6c9b35d559ea8b) Importer(2089858483,3d70f49cd1c2eb9ae422958d1c652c6b)
Start importing Assets/OriginalAssets/Honeti/PixelArtGUI/Prefabs/Buttons/GoldOutlined.prefab using Guid(e0cc8ee43b1e9ea4bb6c9b35d559ea8b) Importer(2089858483,3d70f49cd1c2eb9ae422958d1c652c6b) [PhysX] Initialized MultithreadedTaskDispatcher with 16 workers.
The method get_fontSharedMaterials was not found on Text (TMP). This property will not be indexed.
UnityEngine.StackTraceUtility:ExtractStackTrace ()
UnityEngine.DebugLogHandler:LogFormat (UnityEngine.LogType,UnityEngine.Object,string,object[])
UnityEngine.Logger:Log (UnityEngine.LogType,object)
UnityEngine.Debug:LogWarning (object)
UnityEditor.Rendering.Universal.MaterialReferenceBuilder:GetMaterialFromMethod (System.Reflection.MethodInfo,UnityEngine.Object,System.Func`3<string, string, string>) (at ./Library/PackageCache/com.unity.render-pipelines.universal@14.0.11/Editor/Converter/MaterialReferenceBuilder.cs:133)
UnityEditor.Rendering.Universal.ConversionIndexers:ConversionIndexer (UnityEditor.Search.CustomObjectIndexerTarget,UnityEditor.Search.ObjectIndexer) (at ./Library/PackageCache/com.unity.render-pipelines.universal@14.0.11/Editor/Converter/ConversionIndexers.cs:21)
UnityEditor.Search.ObjectIndexer:CallCustomIndexers (string,int,UnityEngine.Object,UnityEditor.SerializedObject,bool)
UnityEditor.Search.ObjectIndexer:IndexCustomProperties (string,int,UnityEngine.Object)
UnityEditor.Search.AssetIndexer:IndexCustomGameObjectProperties (string,int,UnityEngine.GameObject)
UnityEditor.Search.AssetIndexer:IndexObjects (UnityEngine.GameObject[],string,string,string,bool)
UnityEditor.Search.AssetIndexer:IndexPrefab (string,bool)
UnityEditor.Search.AssetIndexer:IndexSceneDocument (string,bool)
UnityEditor.Search.AssetIndexer:IndexDocument (string,bool)
UnityEditor.Search.SearchIndexEntryImporter:OnImportAsset (UnityEditor.AssetImporters.AssetImportContext)
UnityEditor.AssetImporters.ScriptedImporter:GenerateAssetData (UnityEditor.AssetImporters.AssetImportContext)

(Filename: ./Library/PackageCache/com.unity.render-pipelines.universal@14.0.11/Editor/Converter/MaterialReferenceBuilder.cs Line: 133)

 -> (artifact id: 'f4ef8977e011cda12fc455435f5cca89') in 0.106669 seconds
Number of updated asset objects reloaded before import = 0
Number of asset objects unloaded after import = 21
========================================================================
Received Import Request.
  Time since last request: 0.000064 seconds.
  path: Assets/02_Scripts/UI/Scene/UI_MainScene.cs
  artifactKey: Guid(add44613c69d182498f042d02ee5aa6b) Importer(2089858483,0ecaa5967403d082aa24f35e1b516d23)
Start importing Assets/02_Scripts/UI/Scene/UI_MainScene.cs using Guid(add44613c69d182498f042d02ee5aa6b) Importer(2089858483,0ecaa5967403d082aa24f35e1b516d23) [PhysX] Initialized MultithreadedTaskDispatcher with 16 workers.
 -> (artifact id: 'd29155a486269766bce99318e9dab590') in 0.025002 seconds
Number of updated asset objects reloaded before import = 0
Number of asset objects unloaded after import = 1
========================================================================
Received Import Request.
  Time since last request: 0.000042 seconds.
  path: Assets/OriginalAssets/Honeti/PixelArtGUI/Prefabs/Bars/BubblePurple.prefab
  artifactKey: Guid(5c2142150dca00b4dbc816f389ea517d) Importer(2089858483,3d70f49cd1c2eb9ae422958d1c652c6b)
Start importing Assets/OriginalAssets/Honeti/PixelArtGUI/Prefabs/Bars/BubblePurple.prefab using Guid(5c2142150dca00b4dbc816f389ea517d) Importer(2089858483,3d70f49cd1c2eb9ae422958d1c652c6b) [PhysX] Initialized MultithreadedTaskDispatcher with 16 workers.
 -> (artifact id: '12df4ddabe428d97e3d81aa4436b2453') in 0.042808 seconds
Number of updated asset objects reloaded before import = 0
Number of asset objects unloaded after import = 45
========================================================================
Received Import Request.
  Time since last request: 0.000035 seconds.
  path: Assets/OriginalAssets/Honeti/PixelArtGUI/Prefabs/Bars/BarBigOutlinedOrange.prefab
  artifactKey: Guid(0e024f63b5653d440ac92bf9e5f24d4d) Importer(2089858483,3d70f49cd1c2eb9ae422958d1c652c6b)
Start importing Assets/OriginalAssets/Honeti/PixelArtGUI/Prefabs/Bars/BarBigOutlinedOrange.prefab using Guid(0e024f63b5653d440ac92bf9e5f24d4d) Importer(2089858483,3d70f49cd1c2eb9ae422958d1c652c6b) [PhysX] Initialized MultithreadedTaskDispatcher with 16 workers.
 -> (artifact id: '17e7f9672c9d5c9b69ca9a6645bcddbc') in 0.039031 seconds
Number of updated asset objects reloaded before import = 0
Number of asset objects unloaded after import = 28
========================================================================
Received Import Request.
  Time since last request: 0.000033 seconds.
  path: Assets/Resources/Data/BgmData.asset
  artifactKey: Guid(60e83fdc964c00946bec612d1d867a17) Importer(2089858483,3d70f49cd1c2eb9ae422958d1c652c6b)
Start importing Assets/Resources/Data/BgmData.asset using Guid(60e83fdc964c00946bec612d1d867a17) Importer(2089858483,3d70f49cd1c2eb9ae422958d1c652c6b) [PhysX] Initialized MultithreadedTaskDispatcher with 16 workers.
 -> (artifact id: '4fc46e710b665824008945b5b6cae45c') in 0.019668 seconds
Number of updated asset objects reloaded before import = 0
Number of asset objects unloaded after import = 0
========================================================================
Received Import Request.
  Time since last request: 0.000040 seconds.
  path: Assets/OriginalAssets/Honeti/PixelArtGUI/Textures/Panels/SkillSlotBBevel.png
  artifactKey: Guid(c3cbe9855d647024989c80654829269a) Importer(2089858483,0ecaa5967403d082aa24f35e1b516d23)
Start importing Assets/OriginalAssets/Honeti/PixelArtGUI/Textures/Panels/SkillSlotBBevel.png using Guid(c3cbe9855d647024989c80654829269a) Importer(2089858483,0ecaa5967403d082aa24f35e1b516d23) [PhysX] Initialized MultithreadedTaskDispatcher with 16 workers.
 -> (artifact id: '52bd088dc98a8e89e4294edc68b875d4') in 0.035357 seconds
Number of updated asset objects reloaded before import = 0
Number of asset objects unloaded after import = 3
========================================================================
Received Import Request.
  Time since last request: 0.000034 seconds.
  path: Assets/OriginalAssets/HQ PIXEL UI/ASSETS/PNGS/MORE PNGS/pixelated header copy 3.png
  artifactKey: Guid(731ab279581615243a2b2df6e7b0af83) Importer(2089858483,0ecaa5967403d082aa24f35e1b516d23)
Start importing Assets/OriginalAssets/HQ PIXEL UI/ASSETS/PNGS/MORE PNGS/pixelated header copy 3.png using Guid(731ab279581615243a2b2df6e7b0af83) Importer(2089858483,0ecaa5967403d082aa24f35e1b516d23) [PhysX] Initialized MultithreadedTaskDispatcher with 16 workers.
 -> (artifact id: '37b478ad07e314c4ddefeba87cf7a505') in 0.034214 seconds
Number of updated asset objects reloaded before import = 0
Number of asset objects unloaded after import = 3
========================================================================
Received Import Request.
  Time since last request: 0.000049 seconds.
  path: Assets/OriginalAssets/Honeti/PixelArtGUI/Prefabs/Buttons/ToggleOnOff.prefab
  artifactKey: Guid(e2ca1759b6176d140b7aa9386aab3003) Importer(2089858483,0ecaa5967403d082aa24f35e1b516d23)
Start importing Assets/OriginalAssets/Honeti/PixelArtGUI/Prefabs/Buttons/ToggleOnOff.prefab using Guid(e2ca1759b6176d140b7aa9386aab3003) Importer(2089858483,0ecaa5967403d082aa24f35e1b516d23) [PhysX] Initialized MultithreadedTaskDispatcher with 16 workers.
 -> (artifact id: '9421f9c67ff2de5d2e65f968497e065e') in 0.120845 seconds
Number of updated asset objects reloaded before import = 0
Number of asset objects unloaded after import = 63
========================================================================
Received Import Request.
  Time since last request: 0.000041 seconds.
  path: Assets/OriginalAssets/HQ PIXEL UI/ASSETS/PNGS/Settings PNGs/SETTINGS.png
  artifactKey: Guid(a61171b483157cd4e85acd844c6fd69f) Importer(2089858483,0ecaa5967403d082aa24f35e1b516d23)
Start importing Assets/OriginalAssets/HQ PIXEL UI/ASSETS/PNGS/Settings PNGs/SETTINGS.png using Guid(a61171b483157cd4e85acd844c6fd69f) Importer(2089858483,0ecaa5967403d082aa24f35e1b516d23) [PhysX] Initialized MultithreadedTaskDispatcher with 16 workers.
 -> (artifact id: '5a433b70fb78eb782fbfffe097d90ce0') in 0.036394 seconds
Number of updated asset objects reloaded before import = 0
Number of asset objects unloaded after import = 3
========================================================================
Received Import Request.
  Time since last request: 0.000034 seconds.
  path: Assets/Plugins/Demigiant/DOTween/Editor/Imgs/DOTweenIcon.png
  artifactKey: Guid(8da095e39e9b4df488dfd436f81116d6) Importer(2089858483,0ecaa5967403d082aa24f35e1b516d23)
Start importing Assets/Plugins/Demigiant/DOTween/Editor/Imgs/DOTweenIcon.png using Guid(8da095e39e9b4df488dfd436f81116d6) Importer(2089858483,0ecaa5967403d082aa24f35e1b516d23) [PhysX] Initialized MultithreadedTaskDispatcher with 16 workers.
 -> (artifact id: 'edefbd13d072a0e6d308731c7a8dd9cf') in 0.047922 seconds
Number of updated asset objects reloaded before import = 0
Number of asset objects unloaded after import = 1
========================================================================
Received Import Request.
  Time since last request: 0.000052 seconds.
  path: Assets/OriginalAssets/Honeti/PixelArtGUI/Textures/Icons/32/Helmet02.png
  artifactKey: Guid(38733447088f00744805a7c95ebf9204) Importer(2089858483,0ecaa5967403d082aa24f35e1b516d23)
Start importing Assets/OriginalAssets/Honeti/PixelArtGUI/Textures/Icons/32/Helmet02.png using Guid(38733447088f00744805a7c95ebf9204) Importer(2089858483,0ecaa5967403d082aa24f35e1b516d23) [PhysX] Initialized MultithreadedTaskDispatcher with 16 workers.
 -> (artifact id: 'f8acfaa27812e1e715c7abe20b3e4113') in 0.040672 seconds
Number of updated asset objects reloaded before import = 0
Number of asset objects unloaded after import = 3
========================================================================
Received Import Request.
  Time since last request: 0.000043 seconds.
  path: Assets/OriginalAssets/HQ PIXEL UI/ASSETS/SCRIPTS/RotationAnimation.cs
  artifactKey: Guid(cdb7c0b8baf31de4cb2ce5577ba0091c) Importer(2089858483,0ecaa5967403d082aa24f35e1b516d23)
Start importing Assets/OriginalAssets/HQ PIXEL UI/ASSETS/SCRIPTS/RotationAnimation.cs using Guid(cdb7c0b8baf31de4cb2ce5577ba0091c) Importer(2089858483,0ecaa5967403d082aa24f35e1b516d23) [PhysX] Initialized MultithreadedTaskDispatcher with 16 workers.
 -> (artifact id: '2874ad4dee4bf6d49a823420d50a5db9') in 0.023420 seconds
Number of updated asset objects reloaded before import = 0
Number of asset objects unloaded after import = 1
========================================================================
Received Import Request.
  Time since last request: 0.000034 seconds.
  path: Assets/OriginalAssets/Honeti/PixelArtGUI/Textures/Bars/ScrollBarBg.png
  artifactKey: Guid(c3b88ca303f4980438909d4a30c0a069) Importer(2089858483,0ecaa5967403d082aa24f35e1b516d23)
Start importing Assets/OriginalAssets/Honeti/PixelArtGUI/Textures/Bars/ScrollBarBg.png using Guid(c3b88ca303f4980438909d4a30c0a069) Importer(2089858483,0ecaa5967403d082aa24f35e1b516d23) [PhysX] Initialized MultithreadedTaskDispatcher with 16 workers.
 -> (artifact id: '47e4213234d40bb204a98257f766c00a') in 0.041845 seconds
Number of updated asset objects reloaded before import = 0
Number of asset objects unloaded after import = 3
========================================================================
Received Import Request.
  Time since last request: 0.000032 seconds.
  path: Assets/OriginalAssets/Honeti/PixelArtGUI/Prefabs/Panels/RankingScore.prefab
  artifactKey: Guid(9ec3fb47e6c86904f9d88a694bf23d66) Importer(2089858483,0ecaa5967403d082aa24f35e1b516d23)
Start importing Assets/OriginalAssets/Honeti/PixelArtGUI/Prefabs/Panels/RankingScore.prefab using Guid(9ec3fb47e6c86904f9d88a694bf23d66) Importer(2089858483,0ecaa5967403d082aa24f35e1b516d23) [PhysX] Initialized MultithreadedTaskDispatcher with 16 workers.
 -> (artifact id: 'a269d376d3b78e04a29973b352342bf3') in 0.137792 seconds
Number of updated asset objects reloaded before import = 0
Number of asset objects unloaded after import = 47
========================================================================
Received Import Request.
  Time since last request: 0.000041 seconds.
  path: Assets/OriginalAssets/Honeti/PixelArtGUI/Textures/Icons/32/Cup03Outlined.png
  artifactKey: Guid(6aa4c5a68aa1b1f4ea4c6d5f25194cec) Importer(2089858483,0ecaa5967403d082aa24f35e1b516d23)
Start importing Assets/OriginalAssets/Honeti/PixelArtGUI/Textures/Icons/32/Cup03Outlined.png using Guid(6aa4c5a68aa1b1f4ea4c6d5f25194cec) Importer(2089858483,0ecaa5967403d082aa24f35e1b516d23) [PhysX] Initialized MultithreadedTaskDispatcher with 16 workers.
 -> (artifact id: '4c60302f90748243a8db57dec1e3c0d6') in 0.056220 seconds
Number of updated asset objects reloaded before import = 0
Number of asset objects unloaded after import = 3
========================================================================
Received Import Request.
  Time since last request: 0.000051 seconds.
  path: Assets/OriginalAssets/Honeti/PixelArtGUI/Textures/Icons/16/Pouch.png
  artifactKey: Guid(60a82e3f982060b49b69335c9da23259) Importer(2089858483,0ecaa5967403d082aa24f35e1b516d23)
Start importing Assets/OriginalAssets/Honeti/PixelArtGUI/Textures/Icons/16/Pouch.png using Guid(60a82e3f982060b49b69335c9da23259) Importer(2089858483,0ecaa5967403d082aa24f35e1b516d23) [PhysX] Initialized MultithreadedTaskDispatcher with 16 workers.
 -> (artifact id: 'aa1919f40786d3153bf7a9c798313b02') in 0.037347 seconds
Number of updated asset objects reloaded before import = 0
Number of asset objects unloaded after import = 3
========================================================================
Received Import Request.
  Time since last request: 0.000039 seconds.
  path: Assets/OriginalAssets/Honeti/PixelArtGUI/Textures/Icons/8/Info.png
  artifactKey: Guid(f76cd5effae5be84d9c77a59e9a3ff16) Importer(2089858483,0ecaa5967403d082aa24f35e1b516d23)
Start importing Assets/OriginalAssets/Honeti/PixelArtGUI/Textures/Icons/8/Info.png using Guid(f76cd5effae5be84d9c77a59e9a3ff16) Importer(2089858483,0ecaa5967403d082aa24f35e1b516d23) [PhysX] Initialized MultithreadedTaskDispatcher with 16 workers.
 -> (artifact id: 'e9e24891f044bc6ce1e1a415b0c2b9d7') in 0.037990 seconds
Number of updated asset objects reloaded before import = 0
Number of asset objects unloaded after import = 3
========================================================================
Received Import Request.
  Time since last request: 0.365313 seconds.
  path: Assets/OriginalAssets/HQ PIXEL UI/ASSETS/DEMO GRAPHICS/lOADING/Shape 18.png
  artifactKey: Guid(631c3262f3f869141a570d9248a8afb6) Importer(2089858483,0ecaa5967403d082aa24f35e1b516d23)
Start importing Assets/OriginalAssets/HQ PIXEL UI/ASSETS/DEMO GRAPHICS/lOADING/Shape 18.png using Guid(631c3262f3f869141a570d9248a8afb6) Importer(2089858483,0ecaa5967403d082aa24f35e1b516d23) [PhysX] Initialized MultithreadedTaskDispatcher with 16 workers.
 -> (artifact id: '3d951eda7b9b887e89c8c5c7ed8fff54') in 0.050548 seconds
Number of updated asset objects reloaded before import = 0
Number of asset objects unloaded after import = 3
========================================================================
Received Import Request.
  Time since last request: 0.000811 seconds.
  path: Assets/OriginalAssets/Honeti/PixelArtGUI/Textures/Icons/32/ShirtOutlined.png
  artifactKey: Guid(cd5d0ae2dd27bed42aca187ac7970e88) Importer(2089858483,0ecaa5967403d082aa24f35e1b516d23)
Start importing Assets/OriginalAssets/Honeti/PixelArtGUI/Textures/Icons/32/ShirtOutlined.png using Guid(cd5d0ae2dd27bed42aca187ac7970e88) Importer(2089858483,0ecaa5967403d082aa24f35e1b516d23) [PhysX] Initialized MultithreadedTaskDispatcher with 16 workers.
 -> (artifact id: 'dbc9fd88106502dcdbed91cef6458dd0') in 0.039186 seconds
Number of updated asset objects reloaded before import = 0
Number of asset objects unloaded after import = 3
========================================================================
Received Import Request.
  Time since last request: 0.002742 seconds.
  path: Assets/OriginalAssets/HQ PIXEL UI/ASSETS/DEMO GRAPHICS/SETTINGS/SFX.png
  artifactKey: Guid(e48aaaaaf0edbd64cbe249ee11b0cf15) Importer(2089858483,0ecaa5967403d082aa24f35e1b516d23)
Start importing Assets/OriginalAssets/HQ PIXEL UI/ASSETS/DEMO GRAPHICS/SETTINGS/SFX.png using Guid(e48aaaaaf0edbd64cbe249ee11b0cf15) Importer(2089858483,0ecaa5967403d082aa24f35e1b516d23) [PhysX] Initialized MultithreadedTaskDispatcher with 16 workers.
 -> (artifact id: '38a220861a8317bf6ce92a2633c1b988') in 0.046016 seconds
Number of updated asset objects reloaded before import = 0
Number of asset objects unloaded after import = 3
========================================================================
Received Import Request.
  Time since last request: 0.000260 seconds.
  path: Assets/OriginalAssets/Honeti
  artifactKey: Guid(f50a730261603104f92042db8ac0fd9f) Importer(2089858483,0ecaa5967403d082aa24f35e1b516d23)
Start importing Assets/OriginalAssets/Honeti using Guid(f50a730261603104f92042db8ac0fd9f) Importer(2089858483,0ecaa5967403d082aa24f35e1b516d23) [PhysX] Initialized MultithreadedTaskDispatcher with 16 workers.
 -> (artifact id: 'b85f77a0d70b594a2cdd5f2fe4fe1fd0') in 0.021591 seconds
Number of updated asset objects reloaded before import = 0
Number of asset objects unloaded after import = 1
========================================================================
Received Import Request.
  Time since last request: 0.000037 seconds.
  path: Assets/OriginalAssets/Honeti/PixelArtGUI/Textures/Icons/8/ArrowUpGreen.png
  artifactKey: Guid(defda91599953d2428711fe3f37fdf11) Importer(2089858483,0ecaa5967403d082aa24f35e1b516d23)
Start importing Assets/OriginalAssets/Honeti/PixelArtGUI/Textures/Icons/8/ArrowUpGreen.png using Guid(defda91599953d2428711fe3f37fdf11) Importer(2089858483,0ecaa5967403d082aa24f35e1b516d23) [PhysX] Initialized MultithreadedTaskDispatcher with 16 workers.
 -> (artifact id: '5d47f7966f1289e32e0ae1f9b12047d7') in 0.038629 seconds
Number of updated asset objects reloaded before import = 0
Number of asset objects unloaded after import = 3
========================================================================
Received Import Request.
  Time since last request: 0.000031 seconds.
  path: Assets/OriginalAssets/HQ PIXEL UI/ASSETS/DEMO GRAPHICS/BG
  artifactKey: Guid(3a40c8cdafd86fd43ba3b427e5c04c30) Importer(2089858483,0ecaa5967403d082aa24f35e1b516d23)
Start importing Assets/OriginalAssets/HQ PIXEL UI/ASSETS/DEMO GRAPHICS/BG using Guid(3a40c8cdafd86fd43ba3b427e5c04c30) Importer(2089858483,0ecaa5967403d082aa24f35e1b516d23) [PhysX] Initialized MultithreadedTaskDispatcher with 16 workers.
 -> (artifact id: '3cab5c17efad12ab4ab56ec4fbbbeab8') in 0.022637 seconds
Number of updated asset objects reloaded before import = 0
Number of asset objects unloaded after import = 1
========================================================================
Received Import Request.
  Time since last request: 0.000063 seconds.
  path: Assets/OriginalAssets/Honeti/PixelArtGUI/Textures/Icons/8/LockGold.png
  artifactKey: Guid(f99863be489ad2b41aa58dec43588a9c) Importer(2089858483,0ecaa5967403d082aa24f35e1b516d23)
Start importing Assets/OriginalAssets/Honeti/PixelArtGUI/Textures/Icons/8/LockGold.png using Guid(f99863be489ad2b41aa58dec43588a9c) Importer(2089858483,0ecaa5967403d082aa24f35e1b516d23) [PhysX] Initialized MultithreadedTaskDispatcher with 16 workers.
 -> (artifact id: 'ed786a4d50793a80ea3f78afdf384c5a') in 0.041806 seconds
Number of updated asset objects reloaded before import = 0
Number of asset objects unloaded after import = 3
========================================================================
Received Import Request.
  Time since last request: 0.000034 seconds.
  path: Assets/OriginalAssets/Honeti/PixelArtGUI/Textures/Icons/8/Clock.png
  artifactKey: Guid(584d81677c4515348a7c89e65064e38c) Importer(2089858483,0ecaa5967403d082aa24f35e1b516d23)
Start importing Assets/OriginalAssets/Honeti/PixelArtGUI/Textures/Icons/8/Clock.png using Guid(584d81677c4515348a7c89e65064e38c) Importer(2089858483,0ecaa5967403d082aa24f35e1b516d23) [PhysX] Initialized MultithreadedTaskDispatcher with 16 workers.
 -> (artifact id: '1d47b967171a730af244e9e695f3621d') in 0.038658 seconds
Number of updated asset objects reloaded before import = 0
Number of asset objects unloaded after import = 3
========================================================================
Received Import Request.
  Time since last request: 0.000033 seconds.
  path: Assets/OriginalAssets/HQ PIXEL UI/ASSETS/PNGS/MENU PNGS/Shape 27.png
  artifactKey: Guid(96b1e5f85073e964ebf0eb71f3643283) Importer(2089858483,0ecaa5967403d082aa24f35e1b516d23)
Start importing Assets/OriginalAssets/HQ PIXEL UI/ASSETS/PNGS/MENU PNGS/Shape 27.png using Guid(96b1e5f85073e964ebf0eb71f3643283) Importer(2089858483,0ecaa5967403d082aa24f35e1b516d23) [PhysX] Initialized MultithreadedTaskDispatcher with 16 workers.
 -> (artifact id: 'ec6d37c29e5d68bcfd198dc75ec4b814') in 0.037848 seconds
Number of updated asset objects reloaded before import = 0
Number of asset objects unloaded after import = 3
========================================================================
Received Import Request.
  Time since last request: 0.000044 seconds.
  path: Assets/OriginalAssets/Honeti/PixelArtGUI/Textures/Icons/32/Skull.png
  artifactKey: Guid(09b1bab9340c6c24fb5d1c7428b4f233) Importer(2089858483,0ecaa5967403d082aa24f35e1b516d23)
Start importing Assets/OriginalAssets/Honeti/PixelArtGUI/Textures/Icons/32/Skull.png using Guid(09b1bab9340c6c24fb5d1c7428b4f233) Importer(2089858483,0ecaa5967403d082aa24f35e1b516d23) [PhysX] Initialized MultithreadedTaskDispatcher with 16 workers.
 -> (artifact id: '3d53eccc625d0cd47624cb4f3cbb2bc9') in 0.047684 seconds
Number of updated asset objects reloaded before import = 0
Number of asset objects unloaded after import = 3
========================================================================
Received Import Request.
  Time since last request: 0.000031 seconds.
  path: Assets/OriginalAssets/Honeti/PixelArtGUI/Textures/Icons/8/WarningBrown.png
  artifactKey: Guid(5686e9ef49651aa4a8f0b6a294c853a3) Importer(2089858483,0ecaa5967403d082aa24f35e1b516d23)
Start importing Assets/OriginalAssets/Honeti/PixelArtGUI/Textures/Icons/8/WarningBrown.png using Guid(5686e9ef49651aa4a8f0b6a294c853a3) Importer(2089858483,0ecaa5967403d082aa24f35e1b516d23) [PhysX] Initialized MultithreadedTaskDispatcher with 16 workers.
 -> (artifact id: 'f87f946a8646957890b3752f79b69570') in 0.024951 seconds
Number of updated asset objects reloaded before import = 0
Number of asset objects unloaded after import = 3
========================================================================
Received Import Request.
  Time since last request: 0.385241 seconds.
  path: Assets/OriginalAssets/HQ PIXEL UI/ASSETS/PNGS/MENU PNGS/star.png
  artifactKey: Guid(405614c078994284090d0694c77c469e) Importer(2089858483,0ecaa5967403d082aa24f35e1b516d23)
Start importing Assets/OriginalAssets/HQ PIXEL UI/ASSETS/PNGS/MENU PNGS/star.png using Guid(405614c078994284090d0694c77c469e) Importer(2089858483,0ecaa5967403d082aa24f35e1b516d23) [PhysX] Initialized MultithreadedTaskDispatcher with 16 workers.
 -> (artifact id: 'cfd45922d5d8ffde8219e6955a275f22') in 0.066825 seconds
Number of updated asset objects reloaded before import = 0
Number of asset objects unloaded after import = 3
========================================================================
Received Import Request.
  Time since last request: 0.000265 seconds.
  path: Assets/OriginalAssets/HQ PIXEL UI/ASSETS/DEMO GRAPHICS/DIALOG STATS
  artifactKey: Guid(a281c5ca11bdb054099d06643b7ada75) Importer(2089858483,0ecaa5967403d082aa24f35e1b516d23)
Start importing Assets/OriginalAssets/HQ PIXEL UI/ASSETS/DEMO GRAPHICS/DIALOG STATS using Guid(a281c5ca11bdb054099d06643b7ada75) Importer(2089858483,0ecaa5967403d082aa24f35e1b516d23) [PhysX] Initialized MultithreadedTaskDispatcher with 16 workers.
 -> (artifact id: 'e9de7ac63deb4702ecf9d5c574f0d44a') in 0.044641 seconds
Number of updated asset objects reloaded before import = 0
Number of asset objects unloaded after import = 1
========================================================================
Received Import Request.
  Time since last request: 0.001719 seconds.
  path: Assets/OriginalAssets/Honeti/PixelArtGUI/Textures/Icons/32/Gem04.png
  artifactKey: Guid(9b62f06a9b51fe64eba271d2edc93719) Importer(2089858483,0ecaa5967403d082aa24f35e1b516d23)
Start importing Assets/OriginalAssets/Honeti/PixelArtGUI/Textures/Icons/32/Gem04.png using Guid(9b62f06a9b51fe64eba271d2edc93719) Importer(2089858483,0ecaa5967403d082aa24f35e1b516d23) [PhysX] Initialized MultithreadedTaskDispatcher with 16 workers.
 -> (artifact id: 'efd4e0bba7fc156a5b8c62421a57d49e') in 0.057519 seconds
Number of updated asset objects reloaded before import = 0
Number of asset objects unloaded after import = 3
========================================================================
Received Import Request.
  Time since last request: 0.000031 seconds.
  path: Assets/OriginalAssets/Honeti/PixelArtGUI/Textures/Icons/8/ChatGold.png
  artifactKey: Guid(c5c3fb05e90a84642a80b67d315b4e10) Importer(2089858483,0ecaa5967403d082aa24f35e1b516d23)
Start importing Assets/OriginalAssets/Honeti/PixelArtGUI/Textures/Icons/8/ChatGold.png using Guid(c5c3fb05e90a84642a80b67d315b4e10) Importer(2089858483,0ecaa5967403d082aa24f35e1b516d23) [PhysX] Initialized MultithreadedTaskDispatcher with 16 workers.
 -> (artifact id: 'dc513ce071708c13dc0bd89ed774cd26') in 0.056460 seconds
Number of updated asset objects reloaded before import = 0
Number of asset objects unloaded after import = 3
========================================================================
Received Import Request.
  Time since last request: 0.000028 seconds.
  path: Assets/OriginalAssets/Honeti/PixelArtGUI/Textures/Icons/32/Cup02.png
  artifactKey: Guid(2a2263117978cad42b49e6cc7c1adcf2) Importer(2089858483,0ecaa5967403d082aa24f35e1b516d23)
Start importing Assets/OriginalAssets/Honeti/PixelArtGUI/Textures/Icons/32/Cup02.png using Guid(2a2263117978cad42b49e6cc7c1adcf2) Importer(2089858483,0ecaa5967403d082aa24f35e1b516d23) [PhysX] Initialized MultithreadedTaskDispatcher with 16 workers.
 -> (artifact id: '9ead91b3a26a301cc9148bcdbd71ebfd') in 0.053106 seconds
Number of updated asset objects reloaded before import = 0
Number of asset objects unloaded after import = 3
========================================================================
Received Import Request.
  Time since last request: 0.000044 seconds.
  path: Assets/OriginalAssets/Honeti/PixelArtGUI/Prefabs/Buttons/ToggleText.prefab
  artifactKey: Guid(b6f13b05946c1944d88690074d42eeda) Importer(2089858483,0ecaa5967403d082aa24f35e1b516d23)
Start importing Assets/OriginalAssets/Honeti/PixelArtGUI/Prefabs/Buttons/ToggleText.prefab using Guid(b6f13b05946c1944d88690074d42eeda) Importer(2089858483,0ecaa5967403d082aa24f35e1b516d23) [PhysX] Initialized MultithreadedTaskDispatcher with 16 workers.
 -> (artifact id: '50a7137842d41ec06cf6fc7c3a1ca6d9') in 0.149266 seconds
Number of updated asset objects reloaded before import = 0
Number of asset objects unloaded after import = 28
========================================================================
Received Import Request.
  Time since last request: 0.000058 seconds.
  path: Assets/OriginalAssets/HQ PIXEL UI/ASSETS/PNGS/MORE PNGS/ingameDialog.png
  artifactKey: Guid(83b0e2d25bfe2b64fadc31840a88ca9e) Importer(2089858483,0ecaa5967403d082aa24f35e1b516d23)
Start importing Assets/OriginalAssets/HQ PIXEL UI/ASSETS/PNGS/MORE PNGS/ingameDialog.png using Guid(83b0e2d25bfe2b64fadc31840a88ca9e) Importer(2089858483,0ecaa5967403d082aa24f35e1b516d23) [PhysX] Initialized MultithreadedTaskDispatcher with 16 workers.
 -> (artifact id: '40f9ff669713a8a8055a2bc30fdc8cb2') in 0.044362 seconds
Number of updated asset objects reloaded before import = 0
Number of asset objects unloaded after import = 3
========================================================================
Received Import Request.
  Time since last request: 0.000030 seconds.
  path: Assets/OriginalAssets/HQ PIXEL UI/ASSETS/DEMO GRAPHICS/lOADING
  artifactKey: Guid(440e61c58d8923945ba5c7dd0150dd8f) Importer(2089858483,0ecaa5967403d082aa24f35e1b516d23)
Start importing Assets/OriginalAssets/HQ PIXEL UI/ASSETS/DEMO GRAPHICS/lOADING using Guid(440e61c58d8923945ba5c7dd0150dd8f) Importer(2089858483,0ecaa5967403d082aa24f35e1b516d23) [PhysX] Initialized MultithreadedTaskDispatcher with 16 workers.
 -> (artifact id: '9181b7b4467212d690e95b13ab71f979') in 0.024802 seconds
Number of updated asset objects reloaded before import = 0
Number of asset objects unloaded after import = 1
========================================================================
Received Import Request.
  Time since last request: 0.000029 seconds.
  path: Assets/OriginalAssets/Honeti/PixelArtGUI/Textures/Icons/8/KeyBrown.png
  artifactKey: Guid(8e8c75dbb8fd61b4197f7b89be7ddbb5) Importer(2089858483,0ecaa5967403d082aa24f35e1b516d23)
Start importing Assets/OriginalAssets/Honeti/PixelArtGUI/Textures/Icons/8/KeyBrown.png using Guid(8e8c75dbb8fd61b4197f7b89be7ddbb5) Importer(2089858483,0ecaa5967403d082aa24f35e1b516d23) [PhysX] Initialized MultithreadedTaskDispatcher with 16 workers.
 -> (artifact id: '64719debcfab1b6e3c57ab0a52b55952') in 0.039380 seconds
Number of updated asset objects reloaded before import = 0
Number of asset objects unloaded after import = 3
========================================================================
Received Import Request.
  Time since last request: 0.000032 seconds.
  path: Assets/OriginalAssets/Honeti/PixelArtGUI/Textures/Icons/8/ClockColored.png
  artifactKey: Guid(d7ea9179c6139c24ea39024224438c32) Importer(2089858483,0ecaa5967403d082aa24f35e1b516d23)
Start importing Assets/OriginalAssets/Honeti/PixelArtGUI/Textures/Icons/8/ClockColored.png using Guid(d7ea9179c6139c24ea39024224438c32) Importer(2089858483,0ecaa5967403d082aa24f35e1b516d23) [PhysX] Initialized MultithreadedTaskDispatcher with 16 workers.
 -> (artifact id: 'c2a0db0af4828a54f6d332100fc4297d') in 0.046107 seconds
Number of updated asset objects reloaded before import = 0
Number of asset objects unloaded after import = 3
========================================================================
Received Import Request.
  Time since last request: 0.000033 seconds.
  path: Assets/OriginalAssets/Honeti/PixelArtGUI/Textures/Icons/16/Guitar.png
  artifactKey: Guid(48d8a8a9512f8a1468eb7b640b0392c0) Importer(2089858483,0ecaa5967403d082aa24f35e1b516d23)
Start importing Assets/OriginalAssets/Honeti/PixelArtGUI/Textures/Icons/16/Guitar.png using Guid(48d8a8a9512f8a1468eb7b640b0392c0) Importer(2089858483,0ecaa5967403d082aa24f35e1b516d23) [PhysX] Initialized MultithreadedTaskDispatcher with 16 workers.
 -> (artifact id: '5da83b522f47cdc5fb6f033d6f42a753') in 0.059596 seconds
Number of updated asset objects reloaded before import = 0
Number of asset objects unloaded after import = 3
========================================================================
Received Import Request.
  Time since last request: 0.000029 seconds.
  path: Assets/OriginalAssets/Honeti/PixelArtGUI/Textures/Icons/32/Arrow01.png
  artifactKey: Guid(5856aeba5aeb2b14689e00d6d81a3704) Importer(2089858483,0ecaa5967403d082aa24f35e1b516d23)
Start importing Assets/OriginalAssets/Honeti/PixelArtGUI/Textures/Icons/32/Arrow01.png using Guid(5856aeba5aeb2b14689e00d6d81a3704) Importer(2089858483,0ecaa5967403d082aa24f35e1b516d23) [PhysX] Initialized MultithreadedTaskDispatcher with 16 workers.
 -> (artifact id: 'acb1839da0dd88760184d942c4cfe90d') in 0.039221 seconds
Number of updated asset objects reloaded before import = 0
Number of asset objects unloaded after import = 3
========================================================================
Received Import Request.
  Time since last request: 0.114399 seconds.
  path: Assets/OriginalAssets/Honeti/PixelArtGUI/Textures/Icons/8/HeartGold.png
  artifactKey: Guid(c7ab2cc943ed83240894af68889c4f88) Importer(2089858483,0ecaa5967403d082aa24f35e1b516d23)
Start importing Assets/OriginalAssets/Honeti/PixelArtGUI/Textures/Icons/8/HeartGold.png using Guid(c7ab2cc943ed83240894af68889c4f88) Importer(2089858483,0ecaa5967403d082aa24f35e1b516d23) [PhysX] Initialized MultithreadedTaskDispatcher with 16 workers.
 -> (artifact id: 'fb6d886acfc4b346ede356a0b0e8758c') in 0.042777 seconds
Number of updated asset objects reloaded before import = 0
Number of asset objects unloaded after import = 3
========================================================================
Received Import Request.
  Time since last request: 0.000209 seconds.
  path: Assets/Plugins/Demigiant/DOTween/Modules/DOTweenModuleSprite.cs
  artifactKey: Guid(188918ab119d93148aa0de59ccf5286b) Importer(2089858483,0ecaa5967403d082aa24f35e1b516d23)
Start importing Assets/Plugins/Demigiant/DOTween/Modules/DOTweenModuleSprite.cs using Guid(188918ab119d93148aa0de59ccf5286b) Importer(2089858483,0ecaa5967403d082aa24f35e1b516d23) [PhysX] Initialized MultithreadedTaskDispatcher with 16 workers.
 -> (artifact id: '261005e54144cfeb2e94d8e68c6ecd80') in 0.025959 seconds
Number of updated asset objects reloaded before import = 0
Number of asset objects unloaded after import = 1
========================================================================
Received Import Request.
  Time since last request: 0.000532 seconds.
  path: Assets/OriginalAssets/Honeti/PixelArtGUI/Textures/Icons/8/LockOpenBrown.png
  artifactKey: Guid(04db93602d5316f4f938f9dc7533d274) Importer(2089858483,0ecaa5967403d082aa24f35e1b516d23)
Start importing Assets/OriginalAssets/Honeti/PixelArtGUI/Textures/Icons/8/LockOpenBrown.png using Guid(04db93602d5316f4f938f9dc7533d274) Importer(2089858483,0ecaa5967403d082aa24f35e1b516d23) [PhysX] Initialized MultithreadedTaskDispatcher with 16 workers.
 -> (artifact id: '9b8b4a2b829c0e36de4d5b289a5374ed') in 0.036171 seconds
Number of updated asset objects reloaded before import = 0
Number of asset objects unloaded after import = 3
========================================================================
Received Import Request.
  Time since last request: 0.000068 seconds.
  path: Assets/OriginalAssets/Honeti/PixelArtGUI/Textures/Icons/8/StarGold.png
  artifactKey: Guid(e620fbf3897edde46a710a32327d6ecc) Importer(2089858483,0ecaa5967403d082aa24f35e1b516d23)
Start importing Assets/OriginalAssets/Honeti/PixelArtGUI/Textures/Icons/8/StarGold.png using Guid(e620fbf3897edde46a710a32327d6ecc) Importer(2089858483,0ecaa5967403d082aa24f35e1b516d23) [PhysX] Initialized MultithreadedTaskDispatcher with 16 workers.
 -> (artifact id: '533eb655eef7b1a240032613f8cace81') in 0.039778 seconds
Number of updated asset objects reloaded before import = 0
Number of asset objects unloaded after import = 3
========================================================================
Received Import Request.
  Time since last request: 0.000035 seconds.
  path: Assets/OriginalAssets/Honeti/PixelArtGUI/Textures/Icons/8/ArrowLeftGreen.png
  artifactKey: Guid(45e1aaf6248b305439940442cc7688f0) Importer(2089858483,0ecaa5967403d082aa24f35e1b516d23)
Start importing Assets/OriginalAssets/Honeti/PixelArtGUI/Textures/Icons/8/ArrowLeftGreen.png using Guid(45e1aaf6248b305439940442cc7688f0) Importer(2089858483,0ecaa5967403d082aa24f35e1b516d23) [PhysX] Initialized MultithreadedTaskDispatcher with 16 workers.
 -> (artifact id: '5445317f63939fccaa0545de6947c352') in 0.043598 seconds
Number of updated asset objects reloaded before import = 0
Number of asset objects unloaded after import = 3
========================================================================
Received Import Request.
  Time since last request: 0.000037 seconds.
  path: Assets/OriginalAssets/HQ PIXEL UI/ASSETS/DEMO GRAPHICS/LEVELS/Group 21.png
  artifactKey: Guid(9b90ab8d7f8d35e468568bd3c9cd037a) Importer(2089858483,0ecaa5967403d082aa24f35e1b516d23)
Start importing Assets/OriginalAssets/HQ PIXEL UI/ASSETS/DEMO GRAPHICS/LEVELS/Group 21.png using Guid(9b90ab8d7f8d35e468568bd3c9cd037a) Importer(2089858483,0ecaa5967403d082aa24f35e1b516d23) [PhysX] Initialized MultithreadedTaskDispatcher with 16 workers.
 -> (artifact id: '95ffce71dc0ef86ea06afde09c52c4d7') in 0.044590 seconds
Number of updated asset objects reloaded before import = 0
Number of asset objects unloaded after import = 3
========================================================================
Received Import Request.
  Time since last request: 0.000047 seconds.
  path: Assets/OriginalAssets/Honeti/PixelArtGUI/Textures/Icons/8/ClockGreen.png
  artifactKey: Guid(53d22cd95c5b22746a46080e1aedb149) Importer(2089858483,0ecaa5967403d082aa24f35e1b516d23)
Start importing Assets/OriginalAssets/Honeti/PixelArtGUI/Textures/Icons/8/ClockGreen.png using Guid(53d22cd95c5b22746a46080e1aedb149) Importer(2089858483,0ecaa5967403d082aa24f35e1b516d23) [PhysX] Initialized MultithreadedTaskDispatcher with 16 workers.
 -> (artifact id: 'cb173eeb3f272ecf8172c561e2216cc1') in 0.033607 seconds
Number of updated asset objects reloaded before import = 0
Number of asset objects unloaded after import = 3
========================================================================
Received Import Request.
  Time since last request: 0.000050 seconds.
  path: Assets/OriginalAssets/Honeti/PixelArtGUI/Textures/Icons/8/StatisticsBrown.png
  artifactKey: Guid(dd098dea75f55ba4cb03be6477c09344) Importer(2089858483,0ecaa5967403d082aa24f35e1b516d23)
Start importing Assets/OriginalAssets/Honeti/PixelArtGUI/Textures/Icons/8/StatisticsBrown.png using Guid(dd098dea75f55ba4cb03be6477c09344) Importer(2089858483,0ecaa5967403d082aa24f35e1b516d23) [PhysX] Initialized MultithreadedTaskDispatcher with 16 workers.
 -> (artifact id: '6caab5b6382ae3a17d5b998f24e29963') in 0.039036 seconds
Number of updated asset objects reloaded before import = 0
Number of asset objects unloaded after import = 3
========================================================================
Received Import Request.
  Time since last request: 0.000230 seconds.
  path: Assets/OriginalAssets/Honeti/PixelArtGUI/Textures
  artifactKey: Guid(47d708d8dadd5f74ab90d7da0d91692e) Importer(2089858483,0ecaa5967403d082aa24f35e1b516d23)
Start importing Assets/OriginalAssets/Honeti/PixelArtGUI/Textures using Guid(47d708d8dadd5f74ab90d7da0d91692e) Importer(2089858483,0ecaa5967403d082aa24f35e1b516d23) [PhysX] Initialized MultithreadedTaskDispatcher with 16 workers.
 -> (artifact id: 'f79732fbf281884c7125a26f10d8b40f') in 0.020342 seconds
Number of updated asset objects reloaded before import = 0
Number of asset objects unloaded after import = 1
========================================================================
Received Import Request.
  Time since last request: 0.000034 seconds.
  path: Assets/OriginalAssets/Honeti/PixelArtGUI/Textures/Icons/16/HeartGold.png
  artifactKey: Guid(8d4844f72bb1f354dab77fd9546a2f1b) Importer(2089858483,0ecaa5967403d082aa24f35e1b516d23)
Start importing Assets/OriginalAssets/Honeti/PixelArtGUI/Textures/Icons/16/HeartGold.png using Guid(8d4844f72bb1f354dab77fd9546a2f1b) Importer(2089858483,0ecaa5967403d082aa24f35e1b516d23) [PhysX] Initialized MultithreadedTaskDispatcher with 16 workers.
 -> (artifact id: 'e876567f840980dcf40406575f1306eb') in 0.032489 seconds
Number of updated asset objects reloaded before import = 0
Number of asset objects unloaded after import = 3
========================================================================
Received Import Request.
  Time since last request: 0.000028 seconds.
  path: Assets/OriginalAssets/HQ PIXEL UI/ASSETS/DEMO GRAPHICS/SETTINGS/SOUND.png
  artifactKey: Guid(03b84abe4db53c4458de2daf2a87fcbf) Importer(2089858483,0ecaa5967403d082aa24f35e1b516d23)
Start importing Assets/OriginalAssets/HQ PIXEL UI/ASSETS/DEMO GRAPHICS/SETTINGS/SOUND.png using Guid(03b84abe4db53c4458de2daf2a87fcbf) Importer(2089858483,0ecaa5967403d082aa24f35e1b516d23) [PhysX] Initialized MultithreadedTaskDispatcher with 16 workers.
 -> (artifact id: '5968c9d52dea4c33691dc680c9aaa746') in 0.038674 seconds
Number of updated asset objects reloaded before import = 0
Number of asset objects unloaded after import = 3
========================================================================
Received Import Request.
  Time since last request: 0.000319 seconds.
  path: Assets/OriginalAssets/Honeti/PixelArtGUI/Textures/Icons/32/Amulet03Outlined.png
  artifactKey: Guid(3634da68b63d5e74c8b55eb461c17dcd) Importer(2089858483,0ecaa5967403d082aa24f35e1b516d23)
Start importing Assets/OriginalAssets/Honeti/PixelArtGUI/Textures/Icons/32/Amulet03Outlined.png using Guid(3634da68b63d5e74c8b55eb461c17dcd) Importer(2089858483,0ecaa5967403d082aa24f35e1b516d23) [PhysX] Initialized MultithreadedTaskDispatcher with 16 workers.
 -> (artifact id: 'af866c444bcb85264ba930ff95f27303') in 0.033789 seconds
Number of updated asset objects reloaded before import = 0
Number of asset objects unloaded after import = 3
========================================================================
Received Import Request.
  Time since last request: 0.000031 seconds.
  path: Assets/OriginalAssets/HQ PIXEL UI/ASSETS/Audio/bit.wav
  artifactKey: Guid(27bb05c207a5ff744821776e78374923) Importer(2089858483,0ecaa5967403d082aa24f35e1b516d23)
Start importing Assets/OriginalAssets/HQ PIXEL UI/ASSETS/Audio/bit.wav using Guid(27bb05c207a5ff744821776e78374923) Importer(2089858483,0ecaa5967403d082aa24f35e1b516d23) [PhysX] Initialized MultithreadedTaskDispatcher with 16 workers.
 -> (artifact id: 'd7f7671d61e96d1fb8bb8801b75ccb10') in 0.076505 seconds
Number of updated asset objects reloaded before import = 0
Number of asset objects unloaded after import = 1
========================================================================
Received Import Request.
  Time since last request: 0.000044 seconds.
  path: Assets/OriginalAssets/Honeti/PixelArtGUI/Textures/Icons/8/FGreenDark.png
  artifactKey: Guid(ea21e5a72d3e85541b159c46d571ed2c) Importer(2089858483,0ecaa5967403d082aa24f35e1b516d23)
Start importing Assets/OriginalAssets/Honeti/PixelArtGUI/Textures/Icons/8/FGreenDark.png using Guid(ea21e5a72d3e85541b159c46d571ed2c) Importer(2089858483,0ecaa5967403d082aa24f35e1b516d23) [PhysX] Initialized MultithreadedTaskDispatcher with 16 workers.
 -> (artifact id: '2bcf6eccd9d6a41288943bc2f45d4eb9') in 0.033571 seconds
Number of updated asset objects reloaded before import = 0
Number of asset objects unloaded after import = 3
========================================================================
Received Import Request.
  Time since last request: 0.183025 seconds.
  path: Assets/OriginalAssets/Honeti/PixelArtGUI/Textures/Icons/8/MarsGreenDark.png
  artifactKey: Guid(d8ae4ae724aa39a40a9211a2d0ba7a66) Importer(2089858483,0ecaa5967403d082aa24f35e1b516d23)
Start importing Assets/OriginalAssets/Honeti/PixelArtGUI/Textures/Icons/8/MarsGreenDark.png using Guid(d8ae4ae724aa39a40a9211a2d0ba7a66) Importer(2089858483,0ecaa5967403d082aa24f35e1b516d23) [PhysX] Initialized MultithreadedTaskDispatcher with 16 workers.
 -> (artifact id: '4097a6ec1e17152ed893e0365ecc9cf3') in 0.057430 seconds
Number of updated asset objects reloaded before import = 0
Number of asset objects unloaded after import = 3
========================================================================
Received Import Request.
  Time since last request: 0.000031 seconds.
  path: Assets/OriginalAssets/Honeti/PixelArtGUI/Textures/Icons/32/Boots.png
  artifactKey: Guid(0cd82e8a3aea51345b1c31d949043e3e) Importer(2089858483,0ecaa5967403d082aa24f35e1b516d23)
Start importing Assets/OriginalAssets/Honeti/PixelArtGUI/Textures/Icons/32/Boots.png using Guid(0cd82e8a3aea51345b1c31d949043e3e) Importer(2089858483,0ecaa5967403d082aa24f35e1b516d23) [PhysX] Initialized MultithreadedTaskDispatcher with 16 workers.
 -> (artifact id: '7ed145240ba47734e37bfe6d98255fe7') in 0.036834 seconds
Number of updated asset objects reloaded before import = 0
Number of asset objects unloaded after import = 3
========================================================================
Received Import Request.
  Time since last request: 0.000029 seconds.
  path: Assets/OriginalAssets/Honeti/PixelArtGUI/Textures/Misc/SilhouetteM.png
  artifactKey: Guid(f497cb3d30f825a4187d25455abee180) Importer(2089858483,0ecaa5967403d082aa24f35e1b516d23)
Start importing Assets/OriginalAssets/Honeti/PixelArtGUI/Textures/Misc/SilhouetteM.png using Guid(f497cb3d30f825a4187d25455abee180) Importer(2089858483,0ecaa5967403d082aa24f35e1b516d23) [PhysX] Initialized MultithreadedTaskDispatcher with 16 workers.
 -> (artifact id: '4d6711a4671328700b4e697ee9e1ff5a') in 0.043407 seconds
Number of updated asset objects reloaded before import = 0
Number of asset objects unloaded after import = 3
========================================================================
Received Import Request.
  Time since last request: 0.000031 seconds.
  path: Assets/OriginalAssets/Honeti/PixelArtGUI/Scenes
  artifactKey: Guid(2727b291ef50e3d4db37db62763d4abf) Importer(2089858483,0ecaa5967403d082aa24f35e1b516d23)
Start importing Assets/OriginalAssets/Honeti/PixelArtGUI/Scenes using Guid(2727b291ef50e3d4db37db62763d4abf) Importer(2089858483,0ecaa5967403d082aa24f35e1b516d23) [PhysX] Initialized MultithreadedTaskDispatcher with 16 workers.
 -> (artifact id: 'ae602119320cf9198df43c7b786cff42') in 0.026440 seconds
Number of updated asset objects reloaded before import = 0
Number of asset objects unloaded after import = 1
========================================================================
Received Import Request.
  Time since last request: 0.000032 seconds.
  path: Assets/OriginalAssets/HQ PIXEL UI/ASSETS/SCRIPTS/HoverAnimation.cs
  artifactKey: Guid(2dd7ff59a8d1e1e41864495f8831f8e5) Importer(2089858483,0ecaa5967403d082aa24f35e1b516d23)
Start importing Assets/OriginalAssets/HQ PIXEL UI/ASSETS/SCRIPTS/HoverAnimation.cs using Guid(2dd7ff59a8d1e1e41864495f8831f8e5) Importer(2089858483,0ecaa5967403d082aa24f35e1b516d23) [PhysX] Initialized MultithreadedTaskDispatcher with 16 workers.
 -> (artifact id: '6d884bb377d4de7f246e7c3a7743bc8f') in 0.026631 seconds
Number of updated asset objects reloaded before import = 0
Number of asset objects unloaded after import = 1
========================================================================
Received Import Request.
  Time since last request: 0.000053 seconds.
  path: Assets/OriginalAssets/Honeti/PixelArtGUI/Textures/Icons/8/WrenchGreenDark.png
  artifactKey: Guid(20a27de948bd540498734544e7b9e16c) Importer(2089858483,0ecaa5967403d082aa24f35e1b516d23)
Start importing Assets/OriginalAssets/Honeti/PixelArtGUI/Textures/Icons/8/WrenchGreenDark.png using Guid(20a27de948bd540498734544e7b9e16c) Importer(2089858483,0ecaa5967403d082aa24f35e1b516d23) [PhysX] Initialized MultithreadedTaskDispatcher with 16 workers.
 -> (artifact id: '4679c22e28a0a0cc02d5f6448a8d54d4') in 0.038186 seconds
Number of updated asset objects reloaded before import = 0
Number of asset objects unloaded after import = 3
========================================================================
Received Import Request.
  Time since last request: 0.000037 seconds.
  path: Assets/OriginalAssets/Honeti/PixelArtGUI/Textures/Panels/UniversalPanel3.png
  artifactKey: Guid(77a6dcc512971ab419243a3716436257) Importer(2089858483,0ecaa5967403d082aa24f35e1b516d23)
Start importing Assets/OriginalAssets/Honeti/PixelArtGUI/Textures/Panels/UniversalPanel3.png using Guid(77a6dcc512971ab419243a3716436257) Importer(2089858483,0ecaa5967403d082aa24f35e1b516d23) [PhysX] Initialized MultithreadedTaskDispatcher with 16 workers.
 -> (artifact id: 'c6122c789713999d1e0696361a939e53') in 0.037854 seconds
Number of updated asset objects reloaded before import = 0
Number of asset objects unloaded after import = 3
========================================================================
Received Import Request.
  Time since last request: 0.000033 seconds.
  path: Assets/OriginalAssets/Honeti/PixelArtGUI/Textures/Bars/FillRed.png
  artifactKey: Guid(e3b39411c9f78bf4db26f85c687c9f6e) Importer(2089858483,0ecaa5967403d082aa24f35e1b516d23)
Start importing Assets/OriginalAssets/Honeti/PixelArtGUI/Textures/Bars/FillRed.png using Guid(e3b39411c9f78bf4db26f85c687c9f6e) Importer(2089858483,0ecaa5967403d082aa24f35e1b516d23) [PhysX] Initialized MultithreadedTaskDispatcher with 16 workers.
 -> (artifact id: 'db3bc994a3052b35e92250b5875c3fef') in 0.036435 seconds
Number of updated asset objects reloaded before import = 0
Number of asset objects unloaded after import = 3
========================================================================
Received Import Request.
  Time since last request: 0.000034 seconds.
  path: Assets/OriginalAssets/Honeti/PixelArtGUI/Textures/Icons/32/HammerOutlined.png
  artifactKey: Guid(1f14a23993ef20044b2ffdc591905c50) Importer(2089858483,0ecaa5967403d082aa24f35e1b516d23)
Start importing Assets/OriginalAssets/Honeti/PixelArtGUI/Textures/Icons/32/HammerOutlined.png using Guid(1f14a23993ef20044b2ffdc591905c50) Importer(2089858483,0ecaa5967403d082aa24f35e1b516d23) [PhysX] Initialized MultithreadedTaskDispatcher with 16 workers.
 -> (artifact id: '335a83c3c2da5f545c121ac8114ff91a') in 0.033512 seconds
Number of updated asset objects reloaded before import = 0
Number of asset objects unloaded after import = 3
========================================================================
Received Import Request.
  Time since last request: 0.000040 seconds.
  path: Assets/OriginalAssets/Honeti/PixelArtGUI/Prefabs/Panels/DoubleCurrencyBox.prefab
  artifactKey: Guid(9970f29ed584a754a9637d278d8989e3) Importer(2089858483,0ecaa5967403d082aa24f35e1b516d23)
Start importing Assets/OriginalAssets/Honeti/PixelArtGUI/Prefabs/Panels/DoubleCurrencyBox.prefab using Guid(9970f29ed584a754a9637d278d8989e3) Importer(2089858483,0ecaa5967403d082aa24f35e1b516d23) [PhysX] Initialized MultithreadedTaskDispatcher with 16 workers.
 -> (artifact id: 'd76feaaedccc14385d19e1b87c0e97db') in 0.124677 seconds
Number of updated asset objects reloaded before import = 0
Number of asset objects unloaded after import = 69
========================================================================
Received Import Request.
  Time since last request: 0.000048 seconds.
  path: Assets/OriginalAssets/Honeti/PixelArtGUI/Textures/Icons/8/LockOpen.png
  artifactKey: Guid(6a68730aa5ace4e469131a263578f802) Importer(2089858483,0ecaa5967403d082aa24f35e1b516d23)
Start importing Assets/OriginalAssets/Honeti/PixelArtGUI/Textures/Icons/8/LockOpen.png using Guid(6a68730aa5ace4e469131a263578f802) Importer(2089858483,0ecaa5967403d082aa24f35e1b516d23) [PhysX] Initialized MultithreadedTaskDispatcher with 16 workers.
 -> (artifact id: 'd71d479f99c7b60db7d8659f7b3f72cb') in 0.042624 seconds
Number of updated asset objects reloaded before import = 0
Number of asset objects unloaded after import = 3
========================================================================
Received Import Request.
  Time since last request: 0.000033 seconds.
  path: Assets/OriginalAssets/HQ PIXEL UI/ASSETS/DEMO GRAPHICS/SPLASH
  artifactKey: Guid(76adceb402aa1f74a9d16dc62738592a) Importer(2089858483,0ecaa5967403d082aa24f35e1b516d23)
Start importing Assets/OriginalAssets/HQ PIXEL UI/ASSETS/DEMO GRAPHICS/SPLASH using Guid(76adceb402aa1f74a9d16dc62738592a) Importer(2089858483,0ecaa5967403d082aa24f35e1b516d23) [PhysX] Initialized MultithreadedTaskDispatcher with 16 workers.
 -> (artifact id: '3121110d8fffaa0890690e59fe33208e') in 0.019714 seconds
Number of updated asset objects reloaded before import = 0
Number of asset objects unloaded after import = 1
========================================================================
Received Import Request.
  Time since last request: 0.000034 seconds.
  path: Assets/OriginalAssets/Honeti/PixelArtGUI/Textures/Icons/32/Amulet01Outlined.png
  artifactKey: Guid(d890453caa4b6034db2d35df42c94fb5) Importer(2089858483,0ecaa5967403d082aa24f35e1b516d23)
Start importing Assets/OriginalAssets/Honeti/PixelArtGUI/Textures/Icons/32/Amulet01Outlined.png using Guid(d890453caa4b6034db2d35df42c94fb5) Importer(2089858483,0ecaa5967403d082aa24f35e1b516d23) [PhysX] Initialized MultithreadedTaskDispatcher with 16 workers.
 -> (artifact id: '15aa7995c0ab56885a3c9c69ccd1ad9b') in 0.035568 seconds
Number of updated asset objects reloaded before import = 0
Number of asset objects unloaded after import = 3
========================================================================
Received Import Request.
  Time since last request: 0.000180 seconds.
  path: Assets/OriginalAssets/HQ PIXEL UI/ASSETS/Audio/click2.wav
  artifactKey: Guid(3cae1e7d242378b4aade485ab9903d46) Importer(2089858483,0ecaa5967403d082aa24f35e1b516d23)
Start importing Assets/OriginalAssets/HQ PIXEL UI/ASSETS/Audio/click2.wav using Guid(3cae1e7d242378b4aade485ab9903d46) Importer(2089858483,0ecaa5967403d082aa24f35e1b516d23) [PhysX] Initialized MultithreadedTaskDispatcher with 16 workers.
 -> (artifact id: '98c4807891089f433f94b4477479915d') in 0.085995 seconds
Number of updated asset objects reloaded before import = 0
Number of asset objects unloaded after import = 1
========================================================================
Received Import Request.
  Time since last request: 0.000066 seconds.
  path: Assets/OriginalAssets/HQ PIXEL UI/ASSETS/PNGS/SucessDialog PNGS
  artifactKey: Guid(21ae4e77613f69647af0b9626e983075) Importer(2089858483,0ecaa5967403d082aa24f35e1b516d23)
Start importing Assets/OriginalAssets/HQ PIXEL UI/ASSETS/PNGS/SucessDialog PNGS using Guid(21ae4e77613f69647af0b9626e983075) Importer(2089858483,0ecaa5967403d082aa24f35e1b516d23) [PhysX] Initialized MultithreadedTaskDispatcher with 16 workers.
 -> (artifact id: 'c322b44069fe4f5b1431a098f2bd3f93') in 0.024070 seconds
Number of updated asset objects reloaded before import = 0
Number of asset objects unloaded after import = 1
========================================================================
Received Import Request.
  Time since last request: 0.000269 seconds.
  path: Assets/OriginalAssets/Honeti/PixelArtGUI/Textures/Panels/GradientRight.png
  artifactKey: Guid(68dff6f8d8ec8a640ac7b2c1b31aa90d) Importer(2089858483,0ecaa5967403d082aa24f35e1b516d23)
Start importing Assets/OriginalAssets/Honeti/PixelArtGUI/Textures/Panels/GradientRight.png using Guid(68dff6f8d8ec8a640ac7b2c1b31aa90d) Importer(2089858483,0ecaa5967403d082aa24f35e1b516d23) [PhysX] Initialized MultithreadedTaskDispatcher with 16 workers.
 -> (artifact id: '21ab5ea7c94b5f636e432c9bd6b8e659') in 0.033514 seconds
Number of updated asset objects reloaded before import = 0
Number of asset objects unloaded after import = 3
========================================================================
Received Import Request.
  Time since last request: 0.000032 seconds.
  path: Assets/OriginalAssets/HQ PIXEL UI/ASSETS/PNGS/MORE PNGS/DialogHeader.png
  artifactKey: Guid(08edba4bf682d4a41a76b09c6c0c3010) Importer(2089858483,0ecaa5967403d082aa24f35e1b516d23)
Start importing Assets/OriginalAssets/HQ PIXEL UI/ASSETS/PNGS/MORE PNGS/DialogHeader.png using Guid(08edba4bf682d4a41a76b09c6c0c3010) Importer(2089858483,0ecaa5967403d082aa24f35e1b516d23) [PhysX] Initialized MultithreadedTaskDispatcher with 16 workers.
 -> (artifact id: '54f9dde51340eae0f26d5949477db8b8') in 0.041673 seconds
Number of updated asset objects reloaded before import = 0
Number of asset objects unloaded after import = 3
========================================================================
Received Import Request.
  Time since last request: 0.000038 seconds.
  path: Assets/OriginalAssets/Honeti/PixelArtGUI/Textures/Buttons/Green2Hover.png
  artifactKey: Guid(391d22f412a6b594e92fd5e5cc08bc42) Importer(2089858483,0ecaa5967403d082aa24f35e1b516d23)
Start importing Assets/OriginalAssets/Honeti/PixelArtGUI/Textures/Buttons/Green2Hover.png using Guid(391d22f412a6b594e92fd5e5cc08bc42) Importer(2089858483,0ecaa5967403d082aa24f35e1b516d23) [PhysX] Initialized MultithreadedTaskDispatcher with 16 workers.
 -> (artifact id: '6afb535ad33bc0f1f9d32ceb98ce559b') in 0.035282 seconds
Number of updated asset objects reloaded before import = 0
Number of asset objects unloaded after import = 3
========================================================================
Received Import Request.
  Time since last request: 0.000035 seconds.
  path: Assets/OriginalAssets/Honeti/PixelArtGUI/Prefabs/Panels/Achievement.prefab
  artifactKey: Guid(d947ca4e669ca7342ae9c62fd06a12fd) Importer(2089858483,0ecaa5967403d082aa24f35e1b516d23)
Start importing Assets/OriginalAssets/Honeti/PixelArtGUI/Prefabs/Panels/Achievement.prefab using Guid(d947ca4e669ca7342ae9c62fd06a12fd) Importer(2089858483,0ecaa5967403d082aa24f35e1b516d23) [PhysX] Initialized MultithreadedTaskDispatcher with 16 workers.
 -> (artifact id: '3bd33285ba3f3af8d3a8d417d0abeeeb') in 0.204165 seconds
Number of updated asset objects reloaded before import = 0
Number of asset objects unloaded after import = 72
========================================================================
Received Import Request.
  Time since last request: 0.000053 seconds.
  path: Assets/OriginalAssets/Honeti/PixelArtGUI/Textures/Icons/32/Shirt.png
  artifactKey: Guid(4c9b2dc92c17a3947974f61516e6c57e) Importer(2089858483,0ecaa5967403d082aa24f35e1b516d23)
Start importing Assets/OriginalAssets/Honeti/PixelArtGUI/Textures/Icons/32/Shirt.png using Guid(4c9b2dc92c17a3947974f61516e6c57e) Importer(2089858483,0ecaa5967403d082aa24f35e1b516d23) [PhysX] Initialized MultithreadedTaskDispatcher with 16 workers.
 -> (artifact id: 'd74075c52e84736742695013f7b81163') in 0.034824 seconds
Number of updated asset objects reloaded before import = 0
Number of asset objects unloaded after import = 3
========================================================================
Received Import Request.
  Time since last request: 0.000047 seconds.
  path: Assets/Plugins/Demigiant/DOTween/Editor/Imgs/Footer.png
  artifactKey: Guid(7051dba417b3d53409f2918f1ea4938d) Importer(2089858483,0ecaa5967403d082aa24f35e1b516d23)
Start importing Assets/Plugins/Demigiant/DOTween/Editor/Imgs/Footer.png using Guid(7051dba417b3d53409f2918f1ea4938d) Importer(2089858483,0ecaa5967403d082aa24f35e1b516d23) [PhysX] Initialized MultithreadedTaskDispatcher with 16 workers.
 -> (artifact id: 'b454ed37948d93ded3c3fbf190c95556') in 0.044607 seconds
Number of updated asset objects reloaded before import = 0
Number of asset objects unloaded after import = 1
========================================================================
Received Import Request.
  Time since last request: 0.000042 seconds.
  path: Assets/OriginalAssets/Honeti/PixelArtGUI/Textures/Icons/32/EnvelopeOpen.png
  artifactKey: Guid(944f6b790f99e64449e3bbc8b1178b5e) Importer(2089858483,0ecaa5967403d082aa24f35e1b516d23)
Start importing Assets/OriginalAssets/Honeti/PixelArtGUI/Textures/Icons/32/EnvelopeOpen.png using Guid(944f6b790f99e64449e3bbc8b1178b5e) Importer(2089858483,0ecaa5967403d082aa24f35e1b516d23) [PhysX] Initialized MultithreadedTaskDispatcher with 16 workers.
 -> (artifact id: '9b3437c864efdbf89065abfe3779fe81') in 0.058218 seconds
Number of updated asset objects reloaded before import = 0
Number of asset objects unloaded after import = 3
========================================================================
Received Import Request.
  Time since last request: 0.000031 seconds.
  path: Assets/OriginalAssets/Honeti/PixelArtGUI/Textures/Icons/8/SoundMute.png
  artifactKey: Guid(e74a11c5e880bda4d9e90880f01d0b57) Importer(2089858483,0ecaa5967403d082aa24f35e1b516d23)
Start importing Assets/OriginalAssets/Honeti/PixelArtGUI/Textures/Icons/8/SoundMute.png using Guid(e74a11c5e880bda4d9e90880f01d0b57) Importer(2089858483,0ecaa5967403d082aa24f35e1b516d23) [PhysX] Initialized MultithreadedTaskDispatcher with 16 workers.
 -> (artifact id: 'ddc98bb998fb6faa06b53d0367da9208') in 0.044396 seconds
Number of updated asset objects reloaded before import = 0
Number of asset objects unloaded after import = 3
========================================================================
Received Import Request.
  Time since last request: 0.000037 seconds.
  path: Assets/OriginalAssets/Honeti/PixelArtGUI/Textures/Icons/16/CoinGold.png
  artifactKey: Guid(f3dfe5edd08116543b186ec2a9e3ff38) Importer(2089858483,0ecaa5967403d082aa24f35e1b516d23)
Start importing Assets/OriginalAssets/Honeti/PixelArtGUI/Textures/Icons/16/CoinGold.png using Guid(f3dfe5edd08116543b186ec2a9e3ff38) Importer(2089858483,0ecaa5967403d082aa24f35e1b516d23) [PhysX] Initialized MultithreadedTaskDispatcher with 16 workers.
 -> (artifact id: 'a89feb5653f87b569497e42b4d781560') in 0.035800 seconds
Number of updated asset objects reloaded before import = 0
Number of asset objects unloaded after import = 3
========================================================================
Received Import Request.
  Time since last request: 0.000036 seconds.
  path: Assets/OriginalAssets/HQ PIXEL UI/ASSETS/PNGS/LeaderBoard PNGS/DIAOG.png
  artifactKey: Guid(a1fcc0681c114d44cb470d758453bbaf) Importer(2089858483,0ecaa5967403d082aa24f35e1b516d23)
Start importing Assets/OriginalAssets/HQ PIXEL UI/ASSETS/PNGS/LeaderBoard PNGS/DIAOG.png using Guid(a1fcc0681c114d44cb470d758453bbaf) Importer(2089858483,0ecaa5967403d082aa24f35e1b516d23) [PhysX] Initialized MultithreadedTaskDispatcher with 16 workers.
 -> (artifact id: 'd72ab9b2b68d781229abab843d2cc1bd') in 0.043505 seconds
Number of updated asset objects reloaded before import = 0
Number of asset objects unloaded after import = 3
========================================================================
Received Import Request.
  Time since last request: 0.000045 seconds.
  path: Assets/OriginalAssets/Honeti/PixelArtGUI/Textures/Icons/32/FlashYellow.png
  artifactKey: Guid(8c434bef521481b449e92b93b50c5cc6) Importer(2089858483,0ecaa5967403d082aa24f35e1b516d23)
Start importing Assets/OriginalAssets/Honeti/PixelArtGUI/Textures/Icons/32/FlashYellow.png using Guid(8c434bef521481b449e92b93b50c5cc6) Importer(2089858483,0ecaa5967403d082aa24f35e1b516d23) [PhysX] Initialized MultithreadedTaskDispatcher with 16 workers.
 -> (artifact id: '4a2603a5690b6ceeaaeea2be1641c8b2') in 0.046865 seconds
Number of updated asset objects reloaded before import = 0
Number of asset objects unloaded after import = 3
========================================================================
Received Import Request.
  Time since last request: 0.000035 seconds.
  path: Assets/Plugins/Demigiant/DOTween/Editor/DOTweenEditor.XML
  artifactKey: Guid(2e2c6224d345d9249acfa6e8ef40bb2d) Importer(2089858483,0ecaa5967403d082aa24f35e1b516d23)
Start importing Assets/Plugins/Demigiant/DOTween/Editor/DOTweenEditor.XML using Guid(2e2c6224d345d9249acfa6e8ef40bb2d) Importer(2089858483,0ecaa5967403d082aa24f35e1b516d23) [PhysX] Initialized MultithreadedTaskDispatcher with 16 workers.
 -> (artifact id: '1a9c46b98da917ee0ebf7b951ca9f39c') in 0.034995 seconds
Number of updated asset objects reloaded before import = 0
Number of asset objects unloaded after import = 1
========================================================================
Received Import Request.
  Time since last request: 0.000037 seconds.
  path: Assets/OriginalAssets/Honeti/PixelArtGUI/Textures/Icons/32/Leaf.png
  artifactKey: Guid(8191d5f549cf3414b9c2545cbcbbc0c0) Importer(2089858483,0ecaa5967403d082aa24f35e1b516d23)
Start importing Assets/OriginalAssets/Honeti/PixelArtGUI/Textures/Icons/32/Leaf.png using Guid(8191d5f549cf3414b9c2545cbcbbc0c0) Importer(2089858483,0ecaa5967403d082aa24f35e1b516d23) [PhysX] Initialized MultithreadedTaskDispatcher with 16 workers.
 -> (artifact id: 'fe2bb46c55d413bb8a82853b4da29a1f') in 0.041869 seconds
Number of updated asset objects reloaded before import = 0
Number of asset objects unloaded after import = 3
========================================================================
Received Import Request.
  Time since last request: 0.000027 seconds.
  path: Assets/OriginalAssets/Honeti/PixelArtGUI/Textures/Icons/32/Clover.png
  artifactKey: Guid(6fb37258dc2e44c4cadf49688f1d2279) Importer(2089858483,0ecaa5967403d082aa24f35e1b516d23)
Start importing Assets/OriginalAssets/Honeti/PixelArtGUI/Textures/Icons/32/Clover.png using Guid(6fb37258dc2e44c4cadf49688f1d2279) Importer(2089858483,0ecaa5967403d082aa24f35e1b516d23) [PhysX] Initialized MultithreadedTaskDispatcher with 16 workers.
 -> (artifact id: '6b0034ab85bb3a7a271b5f89fa9167d9') in 0.068608 seconds
Number of updated asset objects reloaded before import = 0
Number of asset objects unloaded after import = 3
========================================================================
Received Import Request.
  Time since last request: 0.000035 seconds.
  path: Assets/OriginalAssets/Honeti/PixelArtGUI
  artifactKey: Guid(519a65538142ecb498058c9c90ee823a) Importer(2089858483,0ecaa5967403d082aa24f35e1b516d23)
Start importing Assets/OriginalAssets/Honeti/PixelArtGUI using Guid(519a65538142ecb498058c9c90ee823a) Importer(2089858483,0ecaa5967403d082aa24f35e1b516d23) [PhysX] Initialized MultithreadedTaskDispatcher with 16 workers.
 -> (artifact id: 'b9fc971a4331efb5c8e1aaff6347875d') in 0.025043 seconds
Number of updated asset objects reloaded before import = 0
Number of asset objects unloaded after import = 1
========================================================================
Received Import Request.
  Time since last request: 0.000049 seconds.
  path: Assets/04_Sources/Images/Unit/Player/Jump/character_jump_down1.png
  artifactKey: Guid(dba5c3dcc72c45146b1153b16daaa3b6) Importer(2089858483,0ecaa5967403d082aa24f35e1b516d23)
Start importing Assets/04_Sources/Images/Unit/Player/Jump/character_jump_down1.png using Guid(dba5c3dcc72c45146b1153b16daaa3b6) Importer(2089858483,0ecaa5967403d082aa24f35e1b516d23) [PhysX] Initialized MultithreadedTaskDispatcher with 16 workers.
 -> (artifact id: 'bc70fd824b0ab2d00037aaeb059837b7') in 0.046631 seconds
Number of updated asset objects reloaded before import = 0
Number of asset objects unloaded after import = 3
========================================================================
Received Import Request.
  Time since last request: 0.000026 seconds.
  path: Assets/OriginalAssets/Honeti/PixelArtGUI/Textures/Icons/32/Gem04Outlined.png
  artifactKey: Guid(81dd40c5a7aef0d46b415083bdd2bcac) Importer(2089858483,0ecaa5967403d082aa24f35e1b516d23)
Start importing Assets/OriginalAssets/Honeti/PixelArtGUI/Textures/Icons/32/Gem04Outlined.png using Guid(81dd40c5a7aef0d46b415083bdd2bcac) Importer(2089858483,0ecaa5967403d082aa24f35e1b516d23) [PhysX] Initialized MultithreadedTaskDispatcher with 16 workers.
 -> (artifact id: '9e64d2d3f59caf21510defa4d385b9b3') in 0.045872 seconds
Number of updated asset objects reloaded before import = 0
Number of asset objects unloaded after import = 3
========================================================================
Received Import Request.
  Time since last request: 0.000033 seconds.
  path: Assets/OriginalAssets/Honeti/PixelArtGUI/Textures/Icons/16/BagGold.png
  artifactKey: Guid(bf11dc6716eda68498c728c06408aa24) Importer(2089858483,0ecaa5967403d082aa24f35e1b516d23)
Start importing Assets/OriginalAssets/Honeti/PixelArtGUI/Textures/Icons/16/BagGold.png using Guid(bf11dc6716eda68498c728c06408aa24) Importer(2089858483,0ecaa5967403d082aa24f35e1b516d23) [PhysX] Initialized MultithreadedTaskDispatcher with 16 workers.
 -> (artifact id: 'f92b36e986306ef296a199aa73183c89') in 0.034318 seconds
Number of updated asset objects reloaded before import = 0
Number of asset objects unloaded after import = 3
========================================================================
Received Import Request.
  Time since last request: 0.000034 seconds.
  path: Assets/OriginalAssets/Honeti/PixelArtGUI/Textures/Panels/Gradient.png
  artifactKey: Guid(2dd2934993b86d14dab5660ba0568474) Importer(2089858483,0ecaa5967403d082aa24f35e1b516d23)
Start importing Assets/OriginalAssets/Honeti/PixelArtGUI/Textures/Panels/Gradient.png using Guid(2dd2934993b86d14dab5660ba0568474) Importer(2089858483,0ecaa5967403d082aa24f35e1b516d23) [PhysX] Initialized MultithreadedTaskDispatcher with 16 workers.
 -> (artifact id: '4402318df52c91e51263e71e62d046b0') in 0.033776 seconds
Number of updated asset objects reloaded before import = 0
Number of asset objects unloaded after import = 3
========================================================================
Received Import Request.
  Time since last request: 0.000036 seconds.
  path: Assets/OriginalAssets/Honeti/PixelArtGUI/Textures/Icons/8/ArrowSmallDownGold.png
  artifactKey: Guid(e385c8a51c84336489400febd76ede0d) Importer(2089858483,0ecaa5967403d082aa24f35e1b516d23)
Start importing Assets/OriginalAssets/Honeti/PixelArtGUI/Textures/Icons/8/ArrowSmallDownGold.png using Guid(e385c8a51c84336489400febd76ede0d) Importer(2089858483,0ecaa5967403d082aa24f35e1b516d23) [PhysX] Initialized MultithreadedTaskDispatcher with 16 workers.
 -> (artifact id: '3271fe1ca23c1fb605b7e02ef917d58d') in 0.037173 seconds
Number of updated asset objects reloaded before import = 0
Number of asset objects unloaded after import = 3
========================================================================
Received Import Request.
  Time since last request: 0.000048 seconds.
  path: Assets/OriginalAssets/Honeti/PixelArtGUI/Textures/Misc/SilhouetteM02.png
  artifactKey: Guid(cdd5b3552dcaad949b045edf8512ca4a) Importer(2089858483,0ecaa5967403d082aa24f35e1b516d23)
Start importing Assets/OriginalAssets/Honeti/PixelArtGUI/Textures/Misc/SilhouetteM02.png using Guid(cdd5b3552dcaad949b045edf8512ca4a) Importer(2089858483,0ecaa5967403d082aa24f35e1b516d23) [PhysX] Initialized MultithreadedTaskDispatcher with 16 workers.
 -> (artifact id: '837183a931d29cd9a4f6db015fff98c2') in 0.039525 seconds
Number of updated asset objects reloaded before import = 0
Number of asset objects unloaded after import = 3
========================================================================
Received Import Request.
  Time since last request: 0.000032 seconds.
  path: Assets/OriginalAssets/Honeti/PixelArtGUI/Prefabs/Panels/MenuItem.prefab
  artifactKey: Guid(69284a83b18dae64097c73dce0ed4da1) Importer(2089858483,0ecaa5967403d082aa24f35e1b516d23)
Start importing Assets/OriginalAssets/Honeti/PixelArtGUI/Prefabs/Panels/MenuItem.prefab using Guid(69284a83b18dae64097c73dce0ed4da1) Importer(2089858483,0ecaa5967403d082aa24f35e1b516d23) [PhysX] Initialized MultithreadedTaskDispatcher with 16 workers.
 -> (artifact id: '70c5487abf31e262bcd706cf55d98c88') in 0.140771 seconds
Number of updated asset objects reloaded before import = 0
Number of asset objects unloaded after import = 32
========================================================================
Received Import Request.
  Time since last request: 0.000043 seconds.
  path: Assets/OriginalAssets/Honeti/PixelArtGUI/Textures/Icons/16/HammerGold.png
  artifactKey: Guid(09215e7836af46442b9f924147abf8e4) Importer(2089858483,0ecaa5967403d082aa24f35e1b516d23)
Start importing Assets/OriginalAssets/Honeti/PixelArtGUI/Textures/Icons/16/HammerGold.png using Guid(09215e7836af46442b9f924147abf8e4) Importer(2089858483,0ecaa5967403d082aa24f35e1b516d23) [PhysX] Initialized MultithreadedTaskDispatcher with 16 workers.
 -> (artifact id: '483e0551af460e715989ae35b349841f') in 0.038403 seconds
Number of updated asset objects reloaded before import = 0
Number of asset objects unloaded after import = 3
========================================================================
Received Import Request.
  Time since last request: 0.000046 seconds.
  path: Assets/OriginalAssets/Honeti/PixelArtGUI/Textures/Icons/32/Gem02Outlined.png
  artifactKey: Guid(74112ddfd7863874e9a88cfa17e30c0f) Importer(2089858483,0ecaa5967403d082aa24f35e1b516d23)
Start importing Assets/OriginalAssets/Honeti/PixelArtGUI/Textures/Icons/32/Gem02Outlined.png using Guid(74112ddfd7863874e9a88cfa17e30c0f) Importer(2089858483,0ecaa5967403d082aa24f35e1b516d23) [PhysX] Initialized MultithreadedTaskDispatcher with 16 workers.
 -> (artifact id: '32a051ca36bfde243e5cf14912da8e40') in 0.032785 seconds
Number of updated asset objects reloaded before import = 0
Number of asset objects unloaded after import = 3
========================================================================
Received Prepare
Refreshing native plugins compatible for Editor in 122.56 ms, found 4 plugins.
Preloading 0 native plugins for Editor in 0.00 ms.
Unloading 5 Unused Serialized files (Serialized files now loaded: 0)
Unloading 12 unused Assets / (305.8 KB). Loaded Objects now: 6653.
Memory consumption went from 114.2 MB to 113.9 MB.
Total: 11.324200 ms (FindLiveObjects: 1.175900 ms CreateObjectMapping: 0.613200 ms MarkObjects: 8.466900 ms  DeleteObjects: 1.066100 ms)

Prepare: number of updated asset objects reloaded= 0
AssetImportParameters requested are different than current active one (requested -> active):
  custom:scripting/monoscript/fileName/HoverAnimation.cs: 581febbb1e68f4788cd51dd85aa88cb6 -> ef410ed820288a313603e32572567da5
  custom:scripting/monoscript/fileName/CanvasGroupAnimation.cs: cdaec9a17bfd778b819a125d601c5d9d -> cbaf14739d5deaab4553eb96d7ddecc9
  custom:scripting/monoscript/fileName/SoundOnEnable.cs: beecccf5ab1fd96022e8049ee71d3861 -> 7dd58ad747558a9d44febd80f8f1d8e9
  custom:container-demuxer-ogg: 62fdf1f143b41e24485cea50d1cbac27 -> 
  custom:video-decoder-ogg-theora: a1e56fd34408186e4bbccfd4996cb3dc -> 
  custom:framework-win-MediaFoundation: 216162199b28c13a410421893ffa2e32 -> 
  custom:CustomObjectIndexerAttribute: 72b91833f83ae208fae7752999fa3104 -> 
  custom:scripting/monoscript/fileName/FillImageAnim.cs: 50801aa7403c3ec32721e768deec309d -> 7f04afd3250785bac95f7c5bb5a2d804
  custom:container-demuxer-webm: 4f35f7cbe854078d1ac9338744f61a02 -> 
  custom:scripting/monoscript/fileName/Loading.cs: d2687a4c35153b9773113b6ec963b206 -> 6632fd05ada41f7fd7027e3a3b6ecb2e
  custom:container-muxer-webm: aa71ff27fc2769a1b78a27578f13a17b -> 
  custom:scripting/monoscript/fileName/PositionLerpAnimation.cs: f62459ba8bee62e81b21106ff49fe4b5 -> 8c2f9c48c62788da138cf220220a568c
  custom:video-decoder-webm-vp8: 9c59270c3fd7afecdb556c50c9e8de78 -> 
  custom:SearchIndexIgnoredProperties: e643bd26f0fe6173181afceb89e7c659 -> 
  custom:AudioImporter_EditorPlatform: d09bf68614088b80899f8185d706f6e7 -> 
  custom:scripting/monoscript/fileName/RotationAnimation.cs: 2fc995a0516e1501ca9e2bd62e95f331 -> 8fdc50408351796c5b85aea97b99c803
  custom:video-encoder-webm-vp8: eb34c28f22e8b96e1ab97ce403110664 -> 
  custom:scripting/monoscript/fileName/ButtonSound.cs: 942698d3fe8d4ed02fd790819d4d63da -> d73cf73b297d33e10c74b31e39dd7781
  custom:audio-decoder-ogg-vorbis: bf7c407c2cedff20999df2af8eb42d56 -> 
  custom:scripting/monoscript/fileName/MenuManager.cs: 3f04bb71b87e8d48c868e5edc84da13e -> 0ca54484a69b9b213a814a2cd7fae118
  custom:scripting/monoscript/fileName/MySounder.cs: 28bb195a1d7647727eeb6557e1d114d8 -> 60319f4b1d97baa5a77685e8f8b14fc4
  custom:audio-encoder-webm-vorbis: bf7c407c2cedff20999df2af8eb42d56 -> 
Editor requested this worker to shutdown with reason: Scaling down because of idle timeout
TcpMessagingSession - receive error: operation aborted. errorcode: 995, details:        I/O  .
AssetImportWorker is now disconnected from the server
Process exiting
Exiting without the bug reporter. Application will terminate with return code 0