Using pre-set license
Built from '2022.3/staging' branch; Version is '2022.3.34f1 (4886f5360533) revision 4753141'; Using compiler version '192829333'; Build Type 'Release'
OS: 'Windows 10  (10.0.19045) 64bit Education' Language: 'ko' Physical Memory: 15610 MB
BatchMode: 1, IsHumanControllingUs: 0, StartBugReporterOnCrash: 0, Is64bit: 1, IsPro: 1

COMMAND LINE ARGUMENTS:
C:\Program Files\Unity\Hub\Editor\2022.3.34f1\Editor\Unity.exe
-adb2
-batchMode
-noUpm
-name
AssetImportWorker1
-projectPath
C:/Users/Park Sejin/Documents/GitHub/NexonJam
-logFile
Logs/AssetImportWorker1.log
-srvPort
60545
Successfully changed project path to: C:/Users/Park Sejin/Documents/GitHub/NexonJam
C:/Users/Park Sejin/Documents/GitHub/NexonJam
[UnityMemory] Configuration Parameters - Can be set up in boot.config
    "memorysetup-bucket-allocator-granularity=16"
    "memorysetup-bucket-allocator-bucket-count=8"
    "memorysetup-bucket-allocator-block-size=33554432"
    "memorysetup-bucket-allocator-block-count=8"
    "memorysetup-main-allocator-block-size=16777216"
    "memorysetup-thread-allocator-block-size=16777216"
    "memorysetup-gfx-main-allocator-block-size=16777216"
    "memorysetup-gfx-thread-allocator-block-size=16777216"
    "memorysetup-cache-allocator-block-size=4194304"
    "memorysetup-typetree-allocator-block-size=2097152"
    "memorysetup-profiler-bucket-allocator-granularity=16"
    "memorysetup-profiler-bucket-allocator-bucket-count=8"
    "memorysetup-profiler-bucket-allocator-block-size=33554432"
    "memorysetup-profiler-bucket-allocator-block-count=8"
    "memorysetup-profiler-allocator-block-size=16777216"
    "memorysetup-profiler-editor-allocator-block-size=1048576"
    "memorysetup-temp-allocator-size-main=16777216"
    "memorysetup-job-temp-allocator-block-size=2097152"
    "memorysetup-job-temp-allocator-block-size-background=1048576"
    "memorysetup-job-temp-allocator-reduction-small-platforms=262144"
    "memorysetup-allocator-temp-initial-block-size-main=262144"
    "memorysetup-allocator-temp-initial-block-size-worker=262144"
    "memorysetup-temp-allocator-size-background-worker=32768"
    "memorysetup-temp-allocator-size-job-worker=262144"
    "memorysetup-temp-allocator-size-preload-manager=33554432"
    "memorysetup-temp-allocator-size-nav-mesh-worker=65536"
    "memorysetup-temp-allocator-size-audio-worker=65536"
    "memorysetup-temp-allocator-size-cloud-worker=32768"
    "memorysetup-temp-allocator-size-gi-baking-worker=262144"
    "memorysetup-temp-allocator-size-gfx=262144"
Player connection [19288] Host "[IP] 10.16.8.250 [Port] 0 [Flags] 2 [Guid] 4215172978 [EditorId] 4215172978 [Version] 1048832 [Id] WindowsEditor(7,DESKTOP-JFARQV6) [Debug] 1 [PackageName] WindowsEditor [ProjectName] Editor" joined multi-casting on [225.0.0.222:54997]...

Player connection [19288] Host "[IP] 10.16.8.250 [Port] 0 [Flags] 2 [Guid] 4215172978 [EditorId] 4215172978 [Version] 1048832 [Id] WindowsEditor(7,DESKTOP-JFARQV6) [Debug] 1 [PackageName] WindowsEditor [ProjectName] Editor" joined alternative multi-casting on [225.0.0.222:34997]...

[PhysX] Initialized MultithreadedTaskDispatcher with 16 workers.
Refreshing native plugins compatible for Editor in 28.26 ms, found 4 plugins.
Preloading 0 native plugins for Editor in 0.00 ms.
Initialize engine version: 2022.3.34f1 (4886f5360533)
[Subsystems] Discovering subsystems at path C:/Program Files/Unity/Hub/Editor/2022.3.34f1/Editor/Data/Resources/UnitySubsystems
[Subsystems] Discovering subsystems at path C:/Users/Park Sejin/Documents/GitHub/NexonJam/Assets
GfxDevice: creating device client; threaded=0; jobified=0
Direct3D:
    Version:  Direct3D 11.0 [level 11.1]
    Renderer: NVIDIA GeForce RTX 4050 Laptop GPU (ID=0x28e1)
    Vendor:   NVIDIA
    VRAM:     5936 MB
    Driver:   31.0.15.4680
Initialize mono
Mono path[0] = 'C:/Program Files/Unity/Hub/Editor/2022.3.34f1/Editor/Data/Managed'
Mono path[1] = 'C:/Program Files/Unity/Hub/Editor/2022.3.34f1/Editor/Data/MonoBleedingEdge/lib/mono/unityjit-win32'
Mono config path = 'C:/Program Files/Unity/Hub/Editor/2022.3.34f1/Editor/Data/MonoBleedingEdge/etc'
Using monoOptions --debugger-agent=transport=dt_socket,embedding=1,server=y,suspend=n,address=127.0.0.1:56628
Begin MonoManager ReloadAssembly
Registering precompiled unity dll's ...
Register platform support module: C:/Program Files/Unity/Hub/Editor/2022.3.34f1/Editor/Data/PlaybackEngines/WindowsStandaloneSupport/UnityEditor.WindowsStandalone.Extensions.dll
Registered in 0.017004 seconds.
- Loaded All Assemblies, in  0.386 seconds
Native extension for WindowsStandalone target not found
Mono: successfully reloaded assembly
- Finished resetting the current domain, in  0.253 seconds
Domain Reload Profiling: 636ms
	BeginReloadAssembly (134ms)
		ExecutionOrderSort (0ms)
		DisableScriptedObjects (0ms)
		BackupInstance (0ms)
		ReleaseScriptingObjects (0ms)
		CreateAndSetChildDomain (1ms)
	RebuildCommonClasses (44ms)
	RebuildNativeTypeToScriptingClass (8ms)
	initialDomainReloadingComplete (75ms)
	LoadAllAssembliesAndSetupDomain (122ms)
		LoadAssemblies (131ms)
		RebuildTransferFunctionScriptingTraits (0ms)
		AnalyzeDomain (119ms)
			TypeCache.Refresh (118ms)
				TypeCache.ScanAssembly (106ms)
			ScanForSourceGeneratedMonoScriptInfo (0ms)
			ResolveRequiredComponents (0ms)
	FinalizeReload (253ms)
		ReleaseScriptCaches (0ms)
		RebuildScriptCaches (0ms)
		SetupLoadedEditorAssemblies (203ms)
			LogAssemblyErrors (0ms)
			InitializePlatformSupportModulesInManaged (12ms)
			SetLoadedEditorAssemblies (7ms)
			RefreshPlugins (0ms)
			BeforeProcessingInitializeOnLoad (2ms)
			ProcessInitializeOnLoadAttributes (129ms)
			ProcessInitializeOnLoadMethodAttributes (52ms)
			AfterProcessingInitializeOnLoad (0ms)
			EditorAssembliesLoaded (0ms)
		ExecutionOrderSort2 (0ms)
		AwakeInstancesAfterBackupRestoration (0ms)
========================================================================
Worker process is ready to serve import requests
Begin MonoManager ReloadAssembly
- Loaded All Assemblies, in  1.037 seconds
Refreshing native plugins compatible for Editor in 14.77 ms, found 4 plugins.
Native extension for WindowsStandalone target not found
Package Manager log level set to [2]
[Package Manager] Server::EnsureServerProcessIsRunning -- launch failed, reason: Unity was launched with the -noUpm command-line argument
[Package Manager] UpmClient::Send -- Unable to send message (not connected to UPM process).
[Package Manager] Cannot connect to Unity Package Manager local server
Mono: successfully reloaded assembly
- Finished resetting the current domain, in  0.937 seconds
Domain Reload Profiling: 1966ms
	BeginReloadAssembly (205ms)
		ExecutionOrderSort (0ms)
		DisableScriptedObjects (7ms)
		BackupInstance (0ms)
		ReleaseScriptingObjects (0ms)
		CreateAndSetChildDomain (26ms)
	RebuildCommonClasses (43ms)
	RebuildNativeTypeToScriptingClass (8ms)
	initialDomainReloadingComplete (52ms)
	LoadAllAssembliesAndSetupDomain (720ms)
		LoadAssemblies (601ms)
		RebuildTransferFunctionScriptingTraits (0ms)
		AnalyzeDomain (251ms)
			TypeCache.Refresh (207ms)
				TypeCache.ScanAssembly (188ms)
			ScanForSourceGeneratedMonoScriptInfo (29ms)
			ResolveRequiredComponents (14ms)
	FinalizeReload (938ms)
		ReleaseScriptCaches (0ms)
		RebuildScriptCaches (0ms)
		SetupLoadedEditorAssemblies (696ms)
			LogAssemblyErrors (0ms)
			InitializePlatformSupportModulesInManaged (10ms)
			SetLoadedEditorAssemblies (7ms)
			RefreshPlugins (0ms)
			BeforeProcessingInitializeOnLoad (129ms)
			ProcessInitializeOnLoadAttributes (386ms)
			ProcessInitializeOnLoadMethodAttributes (117ms)
			AfterProcessingInitializeOnLoad (48ms)
			EditorAssembliesLoaded (0ms)
		ExecutionOrderSort2 (0ms)
		AwakeInstancesAfterBackupRestoration (21ms)
Launched and connected shader compiler UnityShaderCompiler.exe after 0.13 seconds
Refreshing native plugins compatible for Editor in 12.35 ms, found 4 plugins.
Preloading 0 native plugins for Editor in 0.00 ms.
Unloading 6197 Unused Serialized files (Serialized files now loaded: 0)
Unloading 100 unused Assets / (354.0 KB). Loaded Objects now: 6656.
Memory consumption went from 237.7 MB to 237.4 MB.
Total: 4.302600 ms (FindLiveObjects: 0.572200 ms CreateObjectMapping: 0.368200 ms MarkObjects: 3.112900 ms  DeleteObjects: 0.248300 ms)

AssetImportParameters requested are different than current active one (requested -> active):
  custom:container-demuxer-ogg: 62fdf1f143b41e24485cea50d1cbac27 -> 
  custom:video-decoder-ogg-theora: a1e56fd34408186e4bbccfd4996cb3dc -> 
  custom:framework-win-MediaFoundation: 216162199b28c13a410421893ffa2e32 -> 
  custom:CustomObjectIndexerAttribute: 72b91833f83ae208fae7752999fa3104 -> 
  custom:container-demuxer-webm: 4f35f7cbe854078d1ac9338744f61a02 -> 
  custom:container-muxer-webm: aa71ff27fc2769a1b78a27578f13a17b -> 
  custom:video-decoder-webm-vp8: 9c59270c3fd7afecdb556c50c9e8de78 -> 
  custom:SearchIndexIgnoredProperties: e643bd26f0fe6173181afceb89e7c659 -> 
  custom:AudioImporter_EditorPlatform: d09bf68614088b80899f8185d706f6e7 -> 
  custom:video-encoder-webm-vp8: eb34c28f22e8b96e1ab97ce403110664 -> 
  custom:audio-decoder-ogg-vorbis: bf7c407c2cedff20999df2af8eb42d56 -> 
  custom:audio-encoder-webm-vorbis: bf7c407c2cedff20999df2af8eb42d56 -> 
========================================================================
Received Prepare
Begin MonoManager ReloadAssembly
- Loaded All Assemblies, in  0.707 seconds
Refreshing native plugins compatible for Editor in 12.37 ms, found 4 plugins.
Native extension for WindowsStandalone target not found
[Package Manager] Server::EnsureServerProcessIsRunning -- launch failed, reason: Unity was launched with the -noUpm command-line argument
[Package Manager] UpmClient::Send -- Unable to send message (not connected to UPM process).
[Package Manager] Cannot connect to Unity Package Manager local server
Mono: successfully reloaded assembly
- Finished resetting the current domain, in  1.575 seconds
Domain Reload Profiling: 2273ms
	BeginReloadAssembly (198ms)
		ExecutionOrderSort (0ms)
		DisableScriptedObjects (9ms)
		BackupInstance (0ms)
		ReleaseScriptingObjects (0ms)
		CreateAndSetChildDomain (40ms)
	RebuildCommonClasses (32ms)
	RebuildNativeTypeToScriptingClass (10ms)
	initialDomainReloadingComplete (42ms)
	LoadAllAssembliesAndSetupDomain (416ms)
		LoadAssemblies (486ms)
		RebuildTransferFunctionScriptingTraits (0ms)
		AnalyzeDomain (43ms)
			TypeCache.Refresh (10ms)
				TypeCache.ScanAssembly (2ms)
			ScanForSourceGeneratedMonoScriptInfo (21ms)
			ResolveRequiredComponents (10ms)
	FinalizeReload (1575ms)
		ReleaseScriptCaches (0ms)
		RebuildScriptCaches (0ms)
		SetupLoadedEditorAssemblies (442ms)
			LogAssemblyErrors (0ms)
			InitializePlatformSupportModulesInManaged (8ms)
			SetLoadedEditorAssemblies (3ms)
			RefreshPlugins (0ms)
			BeforeProcessingInitializeOnLoad (90ms)
			ProcessInitializeOnLoadAttributes (271ms)
			ProcessInitializeOnLoadMethodAttributes (56ms)
			AfterProcessingInitializeOnLoad (13ms)
			EditorAssembliesLoaded (0ms)
		ExecutionOrderSort2 (0ms)
		AwakeInstancesAfterBackupRestoration (18ms)
Refreshing native plugins compatible for Editor in 12.63 ms, found 4 plugins.
Preloading 0 native plugins for Editor in 0.00 ms.
Unloading 6031 Unused Serialized files (Serialized files now loaded: 0)
Unloading 57 unused Assets / (325.3 KB). Loaded Objects now: 6662.
Memory consumption went from 207.1 MB to 206.8 MB.
Total: 4.812900 ms (FindLiveObjects: 0.664000 ms CreateObjectMapping: 0.402000 ms MarkObjects: 3.578000 ms  DeleteObjects: 0.167600 ms)

Prepare: number of updated asset objects reloaded= 0
AssetImportParameters requested are different than current active one (requested -> active):
  custom:container-demuxer-ogg: 62fdf1f143b41e24485cea50d1cbac27 -> 
  custom:video-decoder-ogg-theora: a1e56fd34408186e4bbccfd4996cb3dc -> 
  custom:framework-win-MediaFoundation: 216162199b28c13a410421893ffa2e32 -> 
  custom:CustomObjectIndexerAttribute: 72b91833f83ae208fae7752999fa3104 -> 
  custom:container-demuxer-webm: 4f35f7cbe854078d1ac9338744f61a02 -> 
  custom:container-muxer-webm: aa71ff27fc2769a1b78a27578f13a17b -> 
  custom:video-decoder-webm-vp8: 9c59270c3fd7afecdb556c50c9e8de78 -> 
  custom:SearchIndexIgnoredProperties: e643bd26f0fe6173181afceb89e7c659 -> 
  custom:AudioImporter_EditorPlatform: d09bf68614088b80899f8185d706f6e7 -> 
  custom:video-encoder-webm-vp8: eb34c28f22e8b96e1ab97ce403110664 -> 
  custom:audio-decoder-ogg-vorbis: bf7c407c2cedff20999df2af8eb42d56 -> 
  custom:audio-encoder-webm-vorbis: bf7c407c2cedff20999df2af8eb42d56 -> 
========================================================================
Received Import Request.
  Time since last request: 61101.770977 seconds.
  path: Assets/OriginalAssets/HQ PIXEL UI/DEMO
  artifactKey: Guid(1a77ab5e98430034482acec31bff90d9) Importer(815301076,1909f56bfc062723c751e8b465ee728b)
Start importing Assets/OriginalAssets/HQ PIXEL UI/DEMO using Guid(1a77ab5e98430034482acec31bff90d9) Importer(815301076,1909f56bfc062723c751e8b465ee728b) [PhysX] Initialized MultithreadedTaskDispatcher with 16 workers.
 -> (artifact id: 'ae9d9ce6fac113081b4305d253cdc3a3') in 0.006620 seconds
Number of updated asset objects reloaded before import = 0
Number of asset objects unloaded after import = 0
========================================================================
Received Import Request.
  Time since last request: 8.843084 seconds.
  path: Assets/OriginalAssets/Honeti/PixelArtGUI/Prefabs/Bars/BarBigGreen.prefab
  artifactKey: Guid(b8f093cd199ef8840a872fcd479495c8) Importer(815301076,1909f56bfc062723c751e8b465ee728b)
Start importing Assets/OriginalAssets/Honeti/PixelArtGUI/Prefabs/Bars/BarBigGreen.prefab using Guid(b8f093cd199ef8840a872fcd479495c8) Importer(815301076,1909f56bfc062723c751e8b465ee728b) [PhysX] Initialized MultithreadedTaskDispatcher with 16 workers.
 -> (artifact id: 'c7d3114beb13b55034dbc8a909b88480') in 0.031841 seconds
Number of updated asset objects reloaded before import = 0
Number of asset objects unloaded after import = 33
========================================================================
Received Import Request.
  Time since last request: 0.000308 seconds.
  path: Assets/OriginalAssets/Honeti/PixelArtGUI/Prefabs/Bars/BarBigOutlined02Blue.prefab
  artifactKey: Guid(b37a21b4b4f29bf4d84b830dfd99ad03) Importer(815301076,1909f56bfc062723c751e8b465ee728b)
Start importing Assets/OriginalAssets/Honeti/PixelArtGUI/Prefabs/Bars/BarBigOutlined02Blue.prefab using Guid(b37a21b4b4f29bf4d84b830dfd99ad03) Importer(815301076,1909f56bfc062723c751e8b465ee728b) [PhysX] Initialized MultithreadedTaskDispatcher with 16 workers.
 -> (artifact id: '467b8152c4213cbb8f7b658d081a1312') in 0.005282 seconds
Number of updated asset objects reloaded before import = 0
Number of asset objects unloaded after import = 38
========================================================================
Received Import Request.
  Time since last request: 0.024986 seconds.
  path: Assets/OriginalAssets/Honeti/PixelArtGUI/Prefabs/Bars/BarBigOutlined02Red.prefab
  artifactKey: Guid(80be722fcec05844aa4a2d67248d26fb) Importer(815301076,1909f56bfc062723c751e8b465ee728b)
Start importing Assets/OriginalAssets/Honeti/PixelArtGUI/Prefabs/Bars/BarBigOutlined02Red.prefab using Guid(80be722fcec05844aa4a2d67248d26fb) Importer(815301076,1909f56bfc062723c751e8b465ee728b) [PhysX] Initialized MultithreadedTaskDispatcher with 16 workers.
 -> (artifact id: '7d8ff5c9e2f105dc9ca52da04c1815b0') in 0.006365 seconds
Number of updated asset objects reloaded before import = 0
Number of asset objects unloaded after import = 38
========================================================================
Received Import Request.
  Time since last request: 0.000025 seconds.
  path: Assets/OriginalAssets/Honeti/PixelArtGUI/Prefabs/Bars/BarBigOutlinedTransparentBgGreen.prefab
  artifactKey: Guid(7e96ce9d31467b64ebd3d5e8695eae48) Importer(815301076,1909f56bfc062723c751e8b465ee728b)
Start importing Assets/OriginalAssets/Honeti/PixelArtGUI/Prefabs/Bars/BarBigOutlinedTransparentBgGreen.prefab using Guid(7e96ce9d31467b64ebd3d5e8695eae48) Importer(815301076,1909f56bfc062723c751e8b465ee728b) [PhysX] Initialized MultithreadedTaskDispatcher with 16 workers.
 -> (artifact id: 'f9f9ff2cb9e0f45dcaff93bb7ceb821f') in 0.005367 seconds
Number of updated asset objects reloaded before import = 0
Number of asset objects unloaded after import = 28
========================================================================
Received Import Request.
  Time since last request: 0.000020 seconds.
  path: Assets/OriginalAssets/Honeti/PixelArtGUI/Prefabs/Bars/BarBigYellow.prefab
  artifactKey: Guid(5cf9dd79285863d4bb9317151f533cba) Importer(815301076,1909f56bfc062723c751e8b465ee728b)
Start importing Assets/OriginalAssets/Honeti/PixelArtGUI/Prefabs/Bars/BarBigYellow.prefab using Guid(5cf9dd79285863d4bb9317151f533cba) Importer(815301076,1909f56bfc062723c751e8b465ee728b) [PhysX] Initialized MultithreadedTaskDispatcher with 16 workers.
 -> (artifact id: '82354978e294118f7a5144bc1b9a5ef6') in 0.005854 seconds
Number of updated asset objects reloaded before import = 0
Number of asset objects unloaded after import = 33
========================================================================
Received Import Request.
  Time since last request: 0.000021 seconds.
  path: Assets/OriginalAssets/Honeti/PixelArtGUI/Prefabs/Bars/BarBigOutlined02TransparentBgPurple.prefab
  artifactKey: Guid(941200914c12c384c8c77bd70a14eeee) Importer(815301076,1909f56bfc062723c751e8b465ee728b)
Start importing Assets/OriginalAssets/Honeti/PixelArtGUI/Prefabs/Bars/BarBigOutlined02TransparentBgPurple.prefab using Guid(941200914c12c384c8c77bd70a14eeee) Importer(815301076,1909f56bfc062723c751e8b465ee728b) [PhysX] Initialized MultithreadedTaskDispatcher with 16 workers.
 -> (artifact id: 'ed6f20e52cadf07a1292846e04db1fed') in 0.006252 seconds
Number of updated asset objects reloaded before import = 0
Number of asset objects unloaded after import = 38
========================================================================
Received Import Request.
  Time since last request: 0.000024 seconds.
  path: Assets/OriginalAssets/Honeti/PixelArtGUI/Prefabs/Bars/BarBigTransparentBgOrange.prefab
  artifactKey: Guid(a906cdbb288552944be5a65e473e28a7) Importer(815301076,1909f56bfc062723c751e8b465ee728b)
Start importing Assets/OriginalAssets/Honeti/PixelArtGUI/Prefabs/Bars/BarBigTransparentBgOrange.prefab using Guid(a906cdbb288552944be5a65e473e28a7) Importer(815301076,1909f56bfc062723c751e8b465ee728b) [PhysX] Initialized MultithreadedTaskDispatcher with 16 workers.
 -> (artifact id: 'd3a0d2ed19367f6cf9c63ab10dcf80d8') in 0.006261 seconds
Number of updated asset objects reloaded before import = 0
Number of asset objects unloaded after import = 33
========================================================================
Received Import Request.
  Time since last request: 0.000037 seconds.
  path: Assets/OriginalAssets/Honeti/PixelArtGUI/Prefabs/Bars/BarThinTransparentBgYellow.prefab
  artifactKey: Guid(3f99d5a5132173244842cd18b96338be) Importer(815301076,1909f56bfc062723c751e8b465ee728b)
Start importing Assets/OriginalAssets/Honeti/PixelArtGUI/Prefabs/Bars/BarThinTransparentBgYellow.prefab using Guid(3f99d5a5132173244842cd18b96338be) Importer(815301076,1909f56bfc062723c751e8b465ee728b) [PhysX] Initialized MultithreadedTaskDispatcher with 16 workers.
 -> (artifact id: 'd5b84b01ef24400ce63dd8dc9dd74599') in 0.004647 seconds
Number of updated asset objects reloaded before import = 0
Number of asset objects unloaded after import = 28
========================================================================
Received Import Request.
  Time since last request: 0.000016 seconds.
  path: Assets/OriginalAssets/Honeti/PixelArtGUI/Prefabs/Bars/BarBigOutlinedTransparentBgPurple.prefab
  artifactKey: Guid(28400749818919c438b84a649b072cbc) Importer(815301076,1909f56bfc062723c751e8b465ee728b)
Start importing Assets/OriginalAssets/Honeti/PixelArtGUI/Prefabs/Bars/BarBigOutlinedTransparentBgPurple.prefab using Guid(28400749818919c438b84a649b072cbc) Importer(815301076,1909f56bfc062723c751e8b465ee728b) [PhysX] Initialized MultithreadedTaskDispatcher with 16 workers.
 -> (artifact id: 'a46fb82c668dfb98e6f34e7a498d6f3c') in 0.006038 seconds
Number of updated asset objects reloaded before import = 0
Number of asset objects unloaded after import = 28
========================================================================
Received Import Request.
  Time since last request: 0.000023 seconds.
  path: Assets/OriginalAssets/Honeti/PixelArtGUI/Prefabs/Bars/BarBigTransparentBgGreen.prefab
  artifactKey: Guid(c85d97c055bc3554691c2c4daf9fb64b) Importer(815301076,1909f56bfc062723c751e8b465ee728b)
Start importing Assets/OriginalAssets/Honeti/PixelArtGUI/Prefabs/Bars/BarBigTransparentBgGreen.prefab using Guid(c85d97c055bc3554691c2c4daf9fb64b) Importer(815301076,1909f56bfc062723c751e8b465ee728b) [PhysX] Initialized MultithreadedTaskDispatcher with 16 workers.
 -> (artifact id: 'cc0edb2dbbb0158ea89a24a3a185e104') in 0.006614 seconds
Number of updated asset objects reloaded before import = 0
Number of asset objects unloaded after import = 33
========================================================================
Received Import Request.
  Time since last request: 0.000026 seconds.
  path: Assets/OriginalAssets/Honeti/PixelArtGUI/Prefabs/Bars/BarBigTransparentBgPurple.prefab
  artifactKey: Guid(ffe6e990158a0ac4da6134328470e05e) Importer(815301076,1909f56bfc062723c751e8b465ee728b)
Start importing Assets/OriginalAssets/Honeti/PixelArtGUI/Prefabs/Bars/BarBigTransparentBgPurple.prefab using Guid(ffe6e990158a0ac4da6134328470e05e) Importer(815301076,1909f56bfc062723c751e8b465ee728b) [PhysX] Initialized MultithreadedTaskDispatcher with 16 workers.
 -> (artifact id: 'cf3e0f833cc1886732c3b98b3e12990b') in 0.006140 seconds
Number of updated asset objects reloaded before import = 0
Number of asset objects unloaded after import = 33
========================================================================
Received Import Request.
  Time since last request: 0.000020 seconds.
  path: Assets/OriginalAssets/Honeti/PixelArtGUI/Prefabs/Bars/BarBigOutlined02TransparentBgYellow.prefab
  artifactKey: Guid(5bbe33a6d0260b24dbe3ec229fc6360c) Importer(815301076,1909f56bfc062723c751e8b465ee728b)
Start importing Assets/OriginalAssets/Honeti/PixelArtGUI/Prefabs/Bars/BarBigOutlined02TransparentBgYellow.prefab using Guid(5bbe33a6d0260b24dbe3ec229fc6360c) Importer(815301076,1909f56bfc062723c751e8b465ee728b) [PhysX] Initialized MultithreadedTaskDispatcher with 16 workers.
 -> (artifact id: 'c10b34163f32ce9c7623318493017822') in 0.007009 seconds
Number of updated asset objects reloaded before import = 0
Number of asset objects unloaded after import = 38
========================================================================
Received Import Request.
  Time since last request: 0.000019 seconds.
  path: Assets/OriginalAssets/Honeti/PixelArtGUI/Prefabs/Bars/BarBigOutlined02TransparentBgBlue.prefab
  artifactKey: Guid(1df16c1b66341ef479b82ed81b2a3f31) Importer(815301076,1909f56bfc062723c751e8b465ee728b)
Start importing Assets/OriginalAssets/Honeti/PixelArtGUI/Prefabs/Bars/BarBigOutlined02TransparentBgBlue.prefab using Guid(1df16c1b66341ef479b82ed81b2a3f31) Importer(815301076,1909f56bfc062723c751e8b465ee728b) [PhysX] Initialized MultithreadedTaskDispatcher with 16 workers.
 -> (artifact id: '1c7571f28b3cce922f64f2d65145b4ff') in 0.006723 seconds
Number of updated asset objects reloaded before import = 0
Number of asset objects unloaded after import = 38
========================================================================
Received Import Request.
  Time since last request: 0.000023 seconds.
  path: Assets/OriginalAssets/Honeti/PixelArtGUI/Prefabs/Bars/BarBigOutlinedTransparentBgRed.prefab
  artifactKey: Guid(88fb1b38674fc3e449b38839b79941a3) Importer(815301076,1909f56bfc062723c751e8b465ee728b)
Start importing Assets/OriginalAssets/Honeti/PixelArtGUI/Prefabs/Bars/BarBigOutlinedTransparentBgRed.prefab using Guid(88fb1b38674fc3e449b38839b79941a3) Importer(815301076,1909f56bfc062723c751e8b465ee728b) [PhysX] Initialized MultithreadedTaskDispatcher with 16 workers.
 -> (artifact id: '3fb5c4b27e71f9cecb0184babda9637f') in 0.004835 seconds
Number of updated asset objects reloaded before import = 0
Number of asset objects unloaded after import = 28
========================================================================
Received Import Request.
  Time since last request: 0.000018 seconds.
  path: Assets/OriginalAssets/Honeti/PixelArtGUI/Prefabs/Bars/BarBigOutlinedTransparentBgBlue.prefab
  artifactKey: Guid(c687fa677a917294a887b38bd7d99c3b) Importer(815301076,1909f56bfc062723c751e8b465ee728b)
Start importing Assets/OriginalAssets/Honeti/PixelArtGUI/Prefabs/Bars/BarBigOutlinedTransparentBgBlue.prefab using Guid(c687fa677a917294a887b38bd7d99c3b) Importer(815301076,1909f56bfc062723c751e8b465ee728b) [PhysX] Initialized MultithreadedTaskDispatcher with 16 workers.
 -> (artifact id: 'bac3ac2f5ea088bcc301ba3537b0682f') in 0.005673 seconds
Number of updated asset objects reloaded before import = 0
Number of asset objects unloaded after import = 28
========================================================================
Received Import Request.
  Time since last request: 0.000022 seconds.
  path: Assets/OriginalAssets/Honeti/PixelArtGUI/Prefabs/Bars/BarBigTransparentBgRed.prefab
  artifactKey: Guid(e150029344d327c4c8f97659c13259fb) Importer(815301076,1909f56bfc062723c751e8b465ee728b)
Start importing Assets/OriginalAssets/Honeti/PixelArtGUI/Prefabs/Bars/BarBigTransparentBgRed.prefab using Guid(e150029344d327c4c8f97659c13259fb) Importer(815301076,1909f56bfc062723c751e8b465ee728b) [PhysX] Initialized MultithreadedTaskDispatcher with 16 workers.
 -> (artifact id: 'fe465fcae0023c229a887044f4b9abba') in 0.007585 seconds
Number of updated asset objects reloaded before import = 0
Number of asset objects unloaded after import = 33
========================================================================
Received Import Request.
  Time since last request: 0.000038 seconds.
  path: Assets/OriginalAssets/Honeti/PixelArtGUI/Prefabs/Bars/BarBigOutlinedGreen.prefab
  artifactKey: Guid(2f76a415071af8049a8156116ae846cb) Importer(815301076,1909f56bfc062723c751e8b465ee728b)
Start importing Assets/OriginalAssets/Honeti/PixelArtGUI/Prefabs/Bars/BarBigOutlinedGreen.prefab using Guid(2f76a415071af8049a8156116ae846cb) Importer(815301076,1909f56bfc062723c751e8b465ee728b) [PhysX] Initialized MultithreadedTaskDispatcher with 16 workers.
 -> (artifact id: '60f727f952c8822d08bfb77be20d315a') in 0.005485 seconds
Number of updated asset objects reloaded before import = 0
Number of asset objects unloaded after import = 28
========================================================================
Received Import Request.
  Time since last request: 0.000024 seconds.
  path: Assets/OriginalAssets/Honeti/PixelArtGUI/Prefabs/Bars/BarBigOutlinedRed.prefab
  artifactKey: Guid(a23ab92e1a52ff5488df4f72a51e0a54) Importer(815301076,1909f56bfc062723c751e8b465ee728b)
Start importing Assets/OriginalAssets/Honeti/PixelArtGUI/Prefabs/Bars/BarBigOutlinedRed.prefab using Guid(a23ab92e1a52ff5488df4f72a51e0a54) Importer(815301076,1909f56bfc062723c751e8b465ee728b) [PhysX] Initialized MultithreadedTaskDispatcher with 16 workers.
 -> (artifact id: 'c86b2ab6d7fdbf906a8b87b1fcfb53de') in 0.005470 seconds
Number of updated asset objects reloaded before import = 0
Number of asset objects unloaded after import = 28
========================================================================
Received Import Request.
  Time since last request: 0.000020 seconds.
  path: Assets/OriginalAssets/Honeti/PixelArtGUI/Prefabs/Bars/BarBigOutlinedTransparentBgOrange.prefab
  artifactKey: Guid(2e8a68a66439aa546b1fe5b585ae9f0a) Importer(815301076,1909f56bfc062723c751e8b465ee728b)
Start importing Assets/OriginalAssets/Honeti/PixelArtGUI/Prefabs/Bars/BarBigOutlinedTransparentBgOrange.prefab using Guid(2e8a68a66439aa546b1fe5b585ae9f0a) Importer(815301076,1909f56bfc062723c751e8b465ee728b) [PhysX] Initialized MultithreadedTaskDispatcher with 16 workers.
 -> (artifact id: '136ad9474e3d81a3df9fef6dca7de062') in 0.005306 seconds
Number of updated asset objects reloaded before import = 0
Number of asset objects unloaded after import = 28
========================================================================
Received Import Request.
  Time since last request: 0.000018 seconds.
  path: Assets/OriginalAssets/Honeti/PixelArtGUI/Prefabs/Bars/BarBigTransparentBgYellow.prefab
  artifactKey: Guid(af4a09d0c05af304cb4b5d9b7d5d6b11) Importer(815301076,1909f56bfc062723c751e8b465ee728b)
Start importing Assets/OriginalAssets/Honeti/PixelArtGUI/Prefabs/Bars/BarBigTransparentBgYellow.prefab using Guid(af4a09d0c05af304cb4b5d9b7d5d6b11) Importer(815301076,1909f56bfc062723c751e8b465ee728b) [PhysX] Initialized MultithreadedTaskDispatcher with 16 workers.
 -> (artifact id: '59da8f29effc9312794eabdd1ba2dd2a') in 0.006540 seconds
Number of updated asset objects reloaded before import = 0
Number of asset objects unloaded after import = 33
========================================================================
Received Import Request.
  Time since last request: 0.000018 seconds.
  path: Assets/OriginalAssets/Honeti/PixelArtGUI/Prefabs/Bars/BarBigOutlinedTransparentBgYellow.prefab
  artifactKey: Guid(a3f14542c8c651b43841c0ba11a00761) Importer(815301076,1909f56bfc062723c751e8b465ee728b)
Start importing Assets/OriginalAssets/Honeti/PixelArtGUI/Prefabs/Bars/BarBigOutlinedTransparentBgYellow.prefab using Guid(a3f14542c8c651b43841c0ba11a00761) Importer(815301076,1909f56bfc062723c751e8b465ee728b) [PhysX] Initialized MultithreadedTaskDispatcher with 16 workers.
 -> (artifact id: '29f3699864b875197f6ae1d37a795d77') in 0.006053 seconds
Number of updated asset objects reloaded before import = 0
Number of asset objects unloaded after import = 28
========================================================================
Received Import Request.
  Time since last request: 0.000021 seconds.
  path: Assets/OriginalAssets/Honeti/PixelArtGUI/Prefabs/Bars/BarBigPurple.prefab
  artifactKey: Guid(aec90eb680bf5ce4eb943520fb05b4a6) Importer(815301076,1909f56bfc062723c751e8b465ee728b)
Start importing Assets/OriginalAssets/Honeti/PixelArtGUI/Prefabs/Bars/BarBigPurple.prefab using Guid(aec90eb680bf5ce4eb943520fb05b4a6) Importer(815301076,1909f56bfc062723c751e8b465ee728b) [PhysX] Initialized MultithreadedTaskDispatcher with 16 workers.
 -> (artifact id: 'b8bc66651b0e294f660fe59a02b6d92d') in 0.006966 seconds
Number of updated asset objects reloaded before import = 0
Number of asset objects unloaded after import = 33
========================================================================
Received Import Request.
  Time since last request: 0.000027 seconds.
  path: Assets/OriginalAssets/Honeti/PixelArtGUI/Prefabs/Bars/BarBigOutlined02Purple.prefab
  artifactKey: Guid(de979394be7f20641b1b2e0ad1a201c5) Importer(815301076,1909f56bfc062723c751e8b465ee728b)
Start importing Assets/OriginalAssets/Honeti/PixelArtGUI/Prefabs/Bars/BarBigOutlined02Purple.prefab using Guid(de979394be7f20641b1b2e0ad1a201c5) Importer(815301076,1909f56bfc062723c751e8b465ee728b) [PhysX] Initialized MultithreadedTaskDispatcher with 16 workers.
 -> (artifact id: '5ee9caa6062dea46a08ba69c2d05b918') in 0.007537 seconds
Number of updated asset objects reloaded before import = 0
Number of asset objects unloaded after import = 38
========================================================================
Received Import Request.
  Time since last request: 0.000039 seconds.
  path: Assets/OriginalAssets/Honeti/PixelArtGUI/Prefabs/Bars/BarThinTransparentBgGreen.prefab
  artifactKey: Guid(f1728be3eec2d6e4ea199cde0365a267) Importer(815301076,1909f56bfc062723c751e8b465ee728b)
Start importing Assets/OriginalAssets/Honeti/PixelArtGUI/Prefabs/Bars/BarThinTransparentBgGreen.prefab using Guid(f1728be3eec2d6e4ea199cde0365a267) Importer(815301076,1909f56bfc062723c751e8b465ee728b) [PhysX] Initialized MultithreadedTaskDispatcher with 16 workers.
 -> (artifact id: '4a0826f8518c1c13ec6b72cffccfe6ce') in 0.005209 seconds
Number of updated asset objects reloaded before import = 0
Number of asset objects unloaded after import = 28
Editor requested this worker to shutdown with reason: Scaling down because of idle timeout
TcpMessagingSession - receive error: operation aborted. errorcode: 995, details: 스레드 종료 또는 응용 프로그램 요청 때문에 I/O 작업이 취소되었습니다.
AssetImportWorker is now disconnected from the server
Process exiting
Exiting without the bug reporter. Application will terminate with return code 0